TN:
SF:backend/controllers/auth.controller.js
FN:10,(anonymous_0)
FN:38,(anonymous_1)
FN:92,(anonymous_2)
FN:115,(anonymous_3)
FNF:4
FNH:4
FNDA:5,(anonymous_0)
FNDA:10,(anonymous_1)
FNDA:4,(anonymous_2)
FNDA:4,(anonymous_3)
DA:6,1
DA:7,1
DA:10,1
DA:11,5
DA:12,5
DA:14,5
DA:15,2
DA:18,3
DA:20,2
DA:21,1
DA:24,1
DA:25,1
DA:32,1
DA:33,1
DA:38,1
DA:39,10
DA:40,10
DA:43,10
DA:44,2
DA:47,8
DA:48,1
DA:51,7
DA:52,1
DA:56,6
DA:57,1
DA:60,5
DA:61,1
DA:67,4
DA:68,2
DA:69,2
DA:70,1
DA:74,3
DA:76,2
DA:77,1
DA:80,1
DA:81,1
DA:86,1
DA:87,1
DA:92,1
DA:93,4
DA:94,4
DA:96,4
DA:97,1
DA:100,3
DA:102,2
DA:103,1
DA:106,1
DA:107,1
DA:109,1
DA:110,1
DA:115,1
DA:116,4
DA:117,4
DA:119,4
DA:120,1
DA:123,3
DA:125,2
DA:126,1
DA:129,1
DA:135,1
DA:136,1
DA:140,1
LF:62
LH:62
BRDA:14,0,0,2
BRDA:14,0,1,3
BRDA:14,1,0,5
BRDA:14,1,1,4
BRDA:20,2,0,1
BRDA:20,2,1,1
BRDA:43,3,0,2
BRDA:43,3,1,8
BRDA:43,4,0,10
BRDA:43,4,1,9
BRDA:47,5,0,1
BRDA:47,5,1,7
BRDA:51,6,0,1
BRDA:51,6,1,6
BRDA:56,7,0,1
BRDA:56,7,1,5
BRDA:60,8,0,1
BRDA:60,8,1,4
BRDA:67,9,0,2
BRDA:67,9,1,2
BRDA:69,10,0,1
BRDA:69,10,1,1
BRDA:76,11,0,1
BRDA:76,11,1,1
BRDA:96,12,0,1
BRDA:96,12,1,3
BRDA:102,13,0,1
BRDA:102,13,1,1
BRDA:119,14,0,1
BRDA:119,14,1,3
BRDA:125,15,0,1
BRDA:125,15,1,1
BRF:32
BRH:32
end_of_record
TN:
SF:backend/controllers/placement.controller.js
FN:13,(anonymous_0)
FN:41,(anonymous_1)
FN:79,(anonymous_2)
FN:102,(anonymous_3)
FN:121,(anonymous_4)
FN:186,(anonymous_5)
FN:187,(anonymous_6)
FN:261,(anonymous_7)
FN:301,(anonymous_8)
FN:313,(anonymous_9)
FN:331,(anonymous_10)
FN:419,(anonymous_11)
FN:475,(anonymous_12)
FN:517,(anonymous_13)
FN:552,(anonymous_14)
FN:568,(anonymous_15)
FNF:16
FNH:16
FNDA:5,(anonymous_0)
FNDA:4,(anonymous_1)
FNDA:4,(anonymous_2)
FNDA:3,(anonymous_3)
FNDA:10,(anonymous_4)
FNDA:5,(anonymous_5)
FNDA:6,(anonymous_6)
FNDA:5,(anonymous_7)
FNDA:2,(anonymous_8)
FNDA:3,(anonymous_9)
FNDA:3,(anonymous_10)
FNDA:5,(anonymous_11)
FNDA:5,(anonymous_12)
FNDA:5,(anonymous_13)
FNDA:5,(anonymous_14)
FNDA:6,(anonymous_15)
DA:6,1
DA:7,1
DA:8,1
DA:9,1
DA:10,1
DA:13,1
DA:14,5
DA:15,5
DA:21,5
DA:23,5
DA:28,3
DA:30,2
DA:32,2
DA:33,1
DA:36,1
DA:41,1
DA:42,4
DA:43,4
DA:44,4
DA:46,4
DA:47,1
DA:51,3
DA:52,3
DA:76,2
DA:77,2
DA:79,2
DA:80,4
DA:81,4
DA:82,3
DA:83,3
DA:87,2
DA:96,1
DA:97,1
DA:102,1
DA:103,3
DA:104,3
DA:105,3
DA:107,3
DA:109,2
DA:110,1
DA:113,1
DA:115,1
DA:116,1
DA:121,1
DA:122,10
DA:123,10
DA:126,10
DA:127,2
DA:132,8
DA:133,0
DA:138,8
DA:139,1
DA:145,7
DA:146,7
DA:147,7
DA:149,7
DA:150,1
DA:155,6
DA:156,1
DA:161,5
DA:162,1
DA:168,4
DA:169,4
DA:174,4
DA:175,1
DA:181,3
DA:186,5
DA:187,6
DA:189,3
DA:190,1
DA:198,2
DA:199,2
DA:201,2
DA:202,2
DA:203,2
DA:205,2
DA:206,4
DA:209,4
DA:210,4
DA:211,4
DA:212,4
DA:216,4
DA:217,4
DA:218,0
DA:219,0
DA:223,4
DA:224,0
DA:227,4
DA:228,4
DA:235,3
DA:237,1
DA:238,1
DA:242,2
DA:255,0
DA:256,0
DA:261,1
DA:262,5
DA:263,5
DA:264,5
DA:265,5
DA:268,5
DA:273,5
DA:276,2
DA:277,2
DA:278,1
DA:284,2
DA:286,3
DA:289,3
DA:290,1
DA:292,2
DA:293,1
DA:296,1
DA:301,1
DA:302,2
DA:303,2
DA:304,2
DA:305,1
DA:307,1
DA:308,1
DA:313,1
DA:314,3
DA:315,3
DA:316,3
DA:318,3
DA:319,1
DA:322,2
DA:323,1
DA:325,1
DA:326,1
DA:331,1
DA:332,3
DA:333,3
DA:336,3
DA:337,1
DA:342,2
DA:343,0
DA:348,2
DA:349,0
DA:355,2
DA:356,2
DA:357,1
DA:365,1
DA:368,1
DA:392,1
DA:393,1
DA:395,1
DA:403,1
DA:413,0
DA:414,0
DA:419,1
DA:420,5
DA:421,5
DA:423,5
DA:424,5
DA:425,1
DA:428,4
DA:431,4
DA:432,2
DA:435,2
DA:436,2
DA:437,2
DA:438,2
DA:440,2
DA:441,2
DA:442,2
DA:444,2
DA:445,1
DA:446,1
DA:447,1
DA:448,1
DA:449,1
DA:450,1
DA:451,0
DA:452,0
DA:453,0
DA:454,0
DA:457,2
DA:469,0
DA:470,0
DA:475,1
DA:476,5
DA:477,5
DA:479,5
DA:480,5
DA:481,1
DA:484,4
DA:487,4
DA:488,1
DA:491,3
DA:493,3
DA:494,1
DA:497,2
DA:498,1
DA:502,1
DA:504,1
DA:506,1
DA:511,0
DA:512,0
DA:517,1
DA:518,5
DA:519,5
DA:520,5
DA:522,5
DA:523,1
DA:526,4
DA:527,4
DA:529,1
DA:531,3
DA:533,3
DA:534,1
DA:536,2
DA:537,1
DA:539,1
DA:540,1
DA:543,0
DA:552,1
DA:553,5
DA:554,5
DA:555,5
DA:556,5
DA:559,5
DA:560,1
DA:563,4
DA:564,1
DA:568,6
DA:569,3
DA:570,1
DA:573,2
DA:579,2
DA:580,2
DA:582,1
DA:595,1
DA:596,1
DA:600,1
LF:234
LH:215
BRDA:32,0,0,1
BRDA:32,0,1,1
BRDA:32,1,0,2
BRDA:32,1,1,1
BRDA:46,2,0,1
BRDA:46,2,1,3
BRDA:80,3,0,4
BRDA:80,3,1,0
BRDA:81,4,0,3
BRDA:81,4,1,1
BRDA:109,5,0,1
BRDA:109,5,1,1
BRDA:123,6,0,0
BRDA:123,7,0,1
BRDA:123,8,0,8
BRDA:126,9,0,2
BRDA:126,9,1,8
BRDA:126,10,0,10
BRDA:126,10,1,9
BRDA:126,10,2,9
BRDA:126,10,3,9
BRDA:132,11,0,0
BRDA:132,11,1,8
BRDA:132,12,0,8
BRDA:132,12,1,8
BRDA:138,13,0,1
BRDA:138,13,1,7
BRDA:138,14,0,8
BRDA:138,14,1,2
BRDA:149,15,0,1
BRDA:149,15,1,6
BRDA:155,16,0,1
BRDA:155,16,1,5
BRDA:161,17,0,1
BRDA:161,17,1,4
BRDA:174,18,0,1
BRDA:174,18,1,3
BRDA:189,19,0,1
BRDA:189,19,1,2
BRDA:210,20,0,4
BRDA:210,20,1,0
BRDA:217,21,0,0
BRDA:217,21,1,4
BRDA:223,22,0,0
BRDA:223,22,1,4
BRDA:223,23,0,4
BRDA:223,23,1,0
BRDA:252,24,0,1
BRDA:252,24,1,1
BRDA:277,25,0,1
BRDA:277,25,1,1
BRDA:289,26,0,1
BRDA:289,26,1,2
BRDA:292,27,0,1
BRDA:292,27,1,1
BRDA:318,28,0,1
BRDA:318,28,1,2
BRDA:333,29,0,0
BRDA:333,30,0,0
BRDA:333,31,0,3
BRDA:336,32,0,1
BRDA:336,32,1,2
BRDA:336,33,0,3
BRDA:336,33,1,2
BRDA:336,33,2,2
BRDA:336,33,3,2
BRDA:342,34,0,0
BRDA:342,34,1,2
BRDA:342,35,0,2
BRDA:342,35,1,2
BRDA:348,36,0,0
BRDA:348,36,1,2
BRDA:348,37,0,2
BRDA:348,37,1,0
BRDA:356,38,0,1
BRDA:356,38,1,1
BRDA:408,39,0,0
BRDA:408,39,1,1
BRDA:424,40,0,1
BRDA:424,40,1,4
BRDA:431,41,0,2
BRDA:431,41,1,2
BRDA:431,42,0,4
BRDA:431,42,1,3
BRDA:444,43,0,1
BRDA:444,43,1,1
BRDA:446,44,0,1
BRDA:446,44,1,0
BRDA:447,45,0,1
BRDA:447,45,1,0
BRDA:448,46,0,1
BRDA:448,46,1,0
BRDA:451,47,0,0
BRDA:451,47,1,0
BRDA:453,48,0,0
BRDA:453,48,1,0
BRDA:453,49,0,0
BRDA:453,49,1,0
BRDA:460,50,0,1
BRDA:460,50,1,1
BRDA:461,51,0,2
BRDA:461,51,1,0
BRDA:462,52,0,2
BRDA:462,52,1,1
BRDA:463,53,0,2
BRDA:463,53,1,1
BRDA:480,54,0,1
BRDA:480,54,1,4
BRDA:487,55,0,1
BRDA:487,55,1,3
BRDA:487,56,0,4
BRDA:487,56,1,3
BRDA:493,57,0,1
BRDA:493,57,1,2
BRDA:497,58,0,1
BRDA:497,58,1,1
BRDA:522,59,0,1
BRDA:522,59,1,4
BRDA:533,60,0,1
BRDA:533,60,1,2
BRDA:536,61,0,1
BRDA:536,61,1,1
BRDA:539,62,0,1
BRDA:539,62,1,0
BRDA:559,63,0,1
BRDA:559,63,1,4
BRDA:559,64,0,5
BRDA:559,64,1,5
BRDA:559,64,2,5
BRDA:563,65,0,1
BRDA:563,65,1,3
BRDA:568,66,0,6
BRDA:568,66,1,6
BRDA:569,67,0,1
BRDA:569,67,1,2
BRF:135
BRH:111
end_of_record
TN:
SF:backend/controllers/project.controller.js
FN:12,(anonymous_0)
FN:39,(anonymous_1)
FN:58,(anonymous_2)
FN:103,(anonymous_3)
FN:141,(anonymous_4)
FN:160,(anonymous_5)
FN:178,(anonymous_6)
FN:223,(anonymous_7)
FN:247,(anonymous_8)
FN:295,(anonymous_9)
FN:303,(anonymous_10)
FN:332,(anonymous_11)
FN:350,(anonymous_12)
FN:397,(anonymous_13)
FN:437,(anonymous_14)
FN:445,(anonymous_15)
FNF:16
FNH:16
FNDA:3,(anonymous_0)
FNDA:3,(anonymous_1)
FNDA:9,(anonymous_2)
FNDA:4,(anonymous_3)
FNDA:3,(anonymous_4)
FNDA:3,(anonymous_5)
FNDA:9,(anonymous_6)
FNDA:3,(anonymous_7)
FNDA:5,(anonymous_8)
FNDA:5,(anonymous_9)
FNDA:4,(anonymous_10)
FNDA:3,(anonymous_11)
FNDA:5,(anonymous_12)
FNDA:3,(anonymous_13)
FNDA:5,(anonymous_14)
FNDA:4,(anonymous_15)
DA:6,1
DA:7,1
DA:8,1
DA:9,1
DA:12,1
DA:13,3
DA:14,3
DA:20,3
DA:22,2
DA:24,1
DA:27,1
DA:31,1
DA:32,0
DA:34,1
DA:39,1
DA:40,3
DA:41,3
DA:42,3
DA:44,3
DA:46,2
DA:47,1
DA:50,1
DA:52,1
DA:53,1
DA:58,1
DA:59,9
DA:60,9
DA:62,9
DA:63,2
DA:66,7
DA:67,1
DA:70,6
DA:71,1
DA:75,5
DA:76,3
DA:77,3
DA:78,1
DA:81,2
DA:82,2
DA:84,1
DA:88,3
DA:95,2
DA:97,1
DA:98,1
DA:103,1
DA:104,4
DA:105,4
DA:106,4
DA:107,4
DA:110,4
DA:111,1
DA:112,1
DA:113,0
DA:116,1
DA:117,1
DA:119,1
DA:123,3
DA:129,2
DA:130,1
DA:133,1
DA:135,1
DA:136,1
DA:141,1
DA:142,3
DA:143,3
DA:144,3
DA:146,3
DA:148,2
DA:149,1
DA:152,1
DA:154,1
DA:155,1
DA:160,1
DA:161,3
DA:162,3
DA:163,3
DA:165,3
DA:167,2
DA:168,1
DA:171,1
DA:173,1
DA:174,1
DA:178,1
DA:179,9
DA:180,9
DA:181,9
DA:182,9
DA:184,9
DA:185,2
DA:189,7
DA:190,4
DA:191,1
DA:193,3
DA:194,1
DA:196,2
DA:197,1
DA:201,4
DA:209,3
DA:210,1
DA:213,2
DA:216,1
DA:217,0
DA:219,1
DA:223,1
DA:224,3
DA:225,3
DA:226,3
DA:227,3
DA:228,3
DA:230,3
DA:236,2
DA:237,1
DA:240,1
DA:242,1
DA:243,1
DA:247,1
DA:248,5
DA:249,5
DA:250,5
DA:251,5
DA:254,5
DA:255,5
DA:256,6
DA:257,2
DA:258,1
DA:262,1
DA:263,1
DA:271,3
DA:273,2
DA:274,1
DA:278,1
DA:280,1
DA:281,0
DA:284,1
DA:291,1
DA:295,1
DA:296,5
DA:297,5
DA:298,5
DA:299,5
DA:302,5
DA:303,4
DA:305,4
DA:306,1
DA:311,3
DA:312,1
DA:318,2
DA:320,2
DA:321,0
DA:324,2
DA:326,1
DA:327,1
DA:332,1
DA:333,3
DA:334,3
DA:335,3
DA:337,3
DA:339,2
DA:340,1
DA:343,1
DA:345,1
DA:346,1
DA:350,1
DA:351,5
DA:352,5
DA:353,5
DA:364,5
DA:366,5
DA:367,1
DA:370,4
DA:371,1
DA:374,3
DA:386,2
DA:387,1
DA:390,1
DA:392,1
DA:393,1
DA:397,1
DA:398,3
DA:399,3
DA:400,3
DA:401,3
DA:412,3
DA:414,3
DA:426,2
DA:427,1
DA:430,1
DA:432,1
DA:433,1
DA:437,1
DA:438,5
DA:439,5
DA:440,5
DA:441,5
DA:444,5
DA:445,4
DA:447,4
DA:448,1
DA:453,3
DA:454,1
DA:460,2
DA:462,2
DA:463,0
DA:466,2
DA:468,1
DA:469,1
DA:473,1
LF:207
LH:201
BRDA:22,0,0,1
BRDA:22,0,1,1
BRDA:22,1,0,2
BRDA:22,1,1,1
BRDA:27,2,0,1
BRDA:27,2,1,0
BRDA:31,3,0,0
BRDA:31,3,1,1
BRDA:31,4,0,1
BRDA:31,4,1,1
BRDA:46,5,0,1
BRDA:46,5,1,1
BRDA:62,6,0,2
BRDA:62,6,1,7
BRDA:62,7,0,9
BRDA:62,7,1,8
BRDA:62,7,2,8
BRDA:66,8,0,1
BRDA:66,8,1,6
BRDA:70,9,0,1
BRDA:70,9,1,5
BRDA:70,10,0,6
BRDA:70,10,1,2
BRDA:75,11,0,3
BRDA:75,11,1,2
BRDA:75,12,0,5
BRDA:75,12,1,3
BRDA:77,13,0,1
BRDA:77,13,1,2
BRDA:90,14,0,3
BRDA:90,14,1,2
BRDA:91,15,0,3
BRDA:91,15,1,2
BRDA:110,16,0,1
BRDA:110,16,1,3
BRDA:110,17,0,4
BRDA:110,17,1,1
BRDA:112,18,0,0
BRDA:112,18,1,1
BRDA:126,19,0,3
BRDA:126,19,1,3
BRDA:129,20,0,1
BRDA:129,20,1,1
BRDA:148,21,0,1
BRDA:148,21,1,1
BRDA:167,22,0,1
BRDA:167,22,1,1
BRDA:184,23,0,2
BRDA:184,23,1,7
BRDA:184,24,0,9
BRDA:184,24,1,8
BRDA:184,24,2,8
BRDA:189,25,0,4
BRDA:189,25,1,3
BRDA:190,26,0,1
BRDA:190,26,1,3
BRDA:193,27,0,1
BRDA:193,27,1,2
BRDA:196,28,0,1
BRDA:196,28,1,1
BRDA:205,29,0,4
BRDA:205,29,1,4
BRDA:209,30,0,1
BRDA:209,30,1,2
BRDA:216,31,0,0
BRDA:216,31,1,1
BRDA:216,32,0,1
BRDA:216,32,1,1
BRDA:236,33,0,1
BRDA:236,33,1,1
BRDA:254,34,0,5
BRDA:254,34,1,0
BRDA:256,35,0,2
BRDA:256,35,1,4
BRDA:257,36,0,1
BRDA:257,36,1,1
BRDA:257,37,0,2
BRDA:257,37,1,1
BRDA:262,38,0,1
BRDA:262,38,1,0
BRDA:273,39,0,1
BRDA:273,39,1,1
BRDA:280,40,0,0
BRDA:280,40,1,1
BRDA:281,41,0,0
BRDA:281,41,1,0
BRDA:305,42,0,1
BRDA:305,42,1,3
BRDA:311,43,0,1
BRDA:311,43,1,2
BRDA:311,44,0,3
BRDA:311,44,1,2
BRDA:320,45,0,0
BRDA:320,45,1,2
BRDA:339,46,0,1
BRDA:339,46,1,1
BRDA:366,47,0,1
BRDA:366,47,1,4
BRDA:366,48,0,5
BRDA:366,48,1,4
BRDA:366,48,2,4
BRDA:370,49,0,1
BRDA:370,49,1,3
BRDA:370,50,0,4
BRDA:370,50,1,3
BRDA:370,50,2,3
BRDA:386,51,0,1
BRDA:386,51,1,1
BRDA:426,52,0,1
BRDA:426,52,1,1
BRDA:447,53,0,1
BRDA:447,53,1,3
BRDA:453,54,0,1
BRDA:453,54,1,2
BRDA:453,55,0,3
BRDA:453,55,1,2
BRDA:462,56,0,0
BRDA:462,56,1,2
BRF:118
BRH:107
end_of_record
TN:
SF:backend/controllers/site.controller.js
FN:11,(anonymous_0)
FN:35,(anonymous_1)
FN:54,(anonymous_2)
FN:166,(anonymous_3)
FN:248,(anonymous_4)
FN:277,(anonymous_5)
FN:291,(anonymous_6)
FN:308,(anonymous_7)
FN:334,(anonymous_8)
FN:397,(anonymous_9)
FN:410,(anonymous_10)
FNF:11
FNH:11
FNDA:4,(anonymous_0)
FNDA:3,(anonymous_1)
FNDA:20,(anonymous_2)
FNDA:12,(anonymous_3)
FNDA:3,(anonymous_4)
FNDA:2,(anonymous_5)
FNDA:2,(anonymous_6)
FNDA:3,(anonymous_7)
FNDA:7,(anonymous_8)
FNDA:2,(anonymous_9)
FNDA:4,(anonymous_10)
DA:6,1
DA:7,1
DA:8,1
DA:11,1
DA:12,4
DA:13,4
DA:18,4
DA:20,4
DA:22,2
DA:24,2
DA:26,2
DA:27,1
DA:30,1
DA:35,1
DA:36,3
DA:37,3
DA:38,3
DA:40,3
DA:42,2
DA:43,1
DA:46,1
DA:48,1
DA:49,1
DA:54,1
DA:55,20
DA:64,20
DA:65,20
DA:68,20
DA:69,1
DA:73,20
DA:74,1
DA:78,19
DA:79,19
DA:80,1
DA:84,18
DA:85,18
DA:86,17
DA:89,17
DA:90,2
DA:94,15
DA:95,15
DA:96,15
DA:97,4
DA:99,4
DA:105,4
DA:109,1
DA:113,11
DA:114,1
DA:118,10
DA:119,1
DA:123,9
DA:124,1
DA:127,8
DA:128,1
DA:132,7
DA:133,1
DA:137,6
DA:138,1
DA:142,5
DA:143,1
DA:146,4
DA:158,3
DA:160,1
DA:161,1
DA:166,1
DA:167,12
DA:168,12
DA:169,12
DA:179,12
DA:180,12
DA:183,12
DA:184,1
DA:188,12
DA:189,1
DA:190,1
DA:191,1
DA:196,11
DA:197,1
DA:201,10
DA:202,1
DA:205,9
DA:206,1
DA:210,8
DA:211,1
DA:215,7
DA:216,1
DA:220,6
DA:221,1
DA:224,5
DA:236,4
DA:237,1
DA:240,3
DA:242,1
DA:243,1
DA:248,1
DA:249,3
DA:250,3
DA:251,3
DA:253,3
DA:255,2
DA:256,1
DA:260,1
DA:271,1
DA:272,1
DA:277,1
DA:278,2
DA:279,2
DA:281,2
DA:283,1
DA:285,1
DA:286,1
DA:291,1
DA:292,2
DA:293,2
DA:294,2
DA:296,1
DA:298,1
DA:299,1
DA:308,1
DA:309,3
DA:310,3
DA:311,3
DA:313,3
DA:319,2
DA:328,1
DA:329,1
DA:334,1
DA:335,7
DA:336,7
DA:339,7
DA:340,1
DA:343,6
DA:344,1
DA:347,5
DA:348,1
DA:352,4
DA:353,3
DA:354,1
DA:358,2
DA:359,2
DA:360,1
DA:367,1
DA:377,1
DA:379,1
DA:385,1
DA:391,1
DA:392,1
DA:397,1
DA:398,2
DA:399,2
DA:400,2
DA:402,1
DA:404,1
DA:405,1
DA:410,1
DA:411,4
DA:412,4
DA:413,4
DA:415,4
DA:416,1
DA:419,3
DA:421,2
DA:422,1
DA:425,1
DA:427,1
DA:428,1
DA:432,1
LF:167
LH:167
BRDA:26,0,0,1
BRDA:26,0,1,1
BRDA:26,1,0,2
BRDA:26,1,1,1
BRDA:42,2,0,1
BRDA:42,2,1,1
BRDA:68,3,0,1
BRDA:68,3,1,19
BRDA:68,4,0,20
BRDA:68,4,1,3
BRDA:73,5,0,1
BRDA:73,5,1,19
BRDA:73,6,0,20
BRDA:73,6,1,19
BRDA:73,6,2,19
BRDA:79,7,0,1
BRDA:79,7,1,18
BRDA:89,8,0,2
BRDA:89,8,1,15
BRDA:89,9,0,17
BRDA:89,9,1,16
BRDA:89,9,2,15
BRDA:96,10,0,4
BRDA:96,10,1,11
BRDA:99,11,0,4
BRDA:99,11,1,0
BRDA:100,12,0,4
BRDA:100,12,1,3
BRDA:100,12,2,1
BRDA:100,12,3,1
BRDA:100,12,4,2
BRDA:100,12,5,1
BRDA:100,12,6,1
BRDA:100,12,7,1
BRDA:113,13,0,1
BRDA:113,13,1,10
BRDA:113,14,0,11
BRDA:113,14,1,1
BRDA:118,15,0,1
BRDA:118,15,1,9
BRDA:118,16,0,10
BRDA:118,16,1,2
BRDA:118,16,2,2
BRDA:123,17,0,1
BRDA:123,17,1,8
BRDA:123,18,0,9
BRDA:123,18,1,2
BRDA:123,18,2,2
BRDA:127,19,0,1
BRDA:127,19,1,7
BRDA:127,20,0,8
BRDA:127,20,1,1
BRDA:127,20,2,1
BRDA:132,21,0,1
BRDA:132,21,1,6
BRDA:132,22,0,7
BRDA:132,22,1,1
BRDA:137,23,0,1
BRDA:137,23,1,5
BRDA:137,24,0,6
BRDA:137,24,1,3
BRDA:142,25,0,1
BRDA:142,25,1,4
BRDA:142,26,0,5
BRDA:142,26,1,1
BRDA:183,27,0,1
BRDA:183,27,1,11
BRDA:183,28,0,12
BRDA:183,28,1,3
BRDA:188,29,0,1
BRDA:188,29,1,11
BRDA:190,30,0,1
BRDA:190,30,1,0
BRDA:196,31,0,1
BRDA:196,31,1,10
BRDA:196,32,0,11
BRDA:196,32,1,1
BRDA:201,33,0,1
BRDA:201,33,1,9
BRDA:201,34,0,10
BRDA:201,34,1,1
BRDA:201,34,2,1
BRDA:205,35,0,1
BRDA:205,35,1,8
BRDA:205,36,0,9
BRDA:205,36,1,1
BRDA:205,36,2,1
BRDA:210,37,0,1
BRDA:210,37,1,7
BRDA:210,38,0,8
BRDA:210,38,1,1
BRDA:215,39,0,1
BRDA:215,39,1,6
BRDA:215,40,0,7
BRDA:215,40,1,2
BRDA:220,41,0,1
BRDA:220,41,1,5
BRDA:220,42,0,6
BRDA:220,42,1,1
BRDA:236,43,0,1
BRDA:236,43,1,3
BRDA:255,44,0,1
BRDA:255,44,1,1
BRDA:256,45,0,1
BRDA:256,45,1,0
BRDA:315,46,0,3
BRDA:315,46,1,2
BRDA:339,47,0,1
BRDA:339,47,1,6
BRDA:339,48,0,7
BRDA:339,48,1,6
BRDA:343,49,0,1
BRDA:343,49,1,5
BRDA:343,50,0,6
BRDA:343,50,1,5
BRDA:343,50,2,5
BRDA:347,51,0,1
BRDA:347,51,1,4
BRDA:347,52,0,5
BRDA:347,52,1,4
BRDA:353,53,0,1
BRDA:353,53,1,2
BRDA:359,54,0,1
BRDA:359,54,1,1
BRDA:415,55,0,1
BRDA:415,55,1,3
BRDA:421,56,0,1
BRDA:421,56,1,1
BRF:128
BRH:125
end_of_record
TN:
SF:backend/controllers/wordpress.controller.js
FN:10,(anonymous_0)
FN:30,(anonymous_1)
FN:73,(anonymous_2)
FN:115,(anonymous_3)
FNF:4
FNH:4
FNDA:5,(anonymous_0)
FNDA:8,(anonymous_1)
FNDA:5,(anonymous_2)
FNDA:1,(anonymous_3)
DA:6,1
DA:7,1
DA:10,1
DA:11,5
DA:13,5
DA:15,5
DA:16,1
DA:21,4
DA:23,3
DA:25,1
DA:30,1
DA:31,8
DA:32,8
DA:33,8
DA:36,8
DA:37,2
DA:43,6
DA:44,5
DA:45,1
DA:49,4
DA:50,4
DA:51,1
DA:55,3
DA:62,3
DA:63,2
DA:66,3
DA:68,1
DA:73,1
DA:74,5
DA:76,5
DA:78,5
DA:79,1
DA:85,4
DA:87,3
DA:88,1
DA:95,2
DA:96,2
DA:98,2
DA:110,1
DA:115,1
DA:116,1
DA:119,1
DA:124,0
DA:128,1
LF:44
LH:43
BRDA:13,0,0,5
BRDA:13,0,1,2
BRDA:15,1,0,1
BRDA:15,1,1,4
BRDA:36,2,0,2
BRDA:36,2,1,6
BRDA:36,3,0,8
BRDA:36,3,1,7
BRDA:44,4,0,1
BRDA:44,4,1,4
BRDA:50,5,0,1
BRDA:50,5,1,3
BRDA:58,6,0,3
BRDA:58,6,1,2
BRDA:62,7,0,2
BRDA:62,7,1,1
BRDA:62,8,0,3
BRDA:62,8,1,2
BRDA:76,9,0,5
BRDA:76,9,1,2
BRDA:78,10,0,1
BRDA:78,10,1,4
BRDA:87,11,0,1
BRDA:87,11,1,2
BRF:24
BRH:24
end_of_record
TN:
SF:backend/services/admin.service.js
FN:13,(anonymous_0)
FN:99,(anonymous_1)
FN:150,(anonymous_2)
FN:226,(anonymous_3)
FN:312,(anonymous_4)
FN:348,(anonymous_5)
FN:421,(anonymous_6)
FN:446,(anonymous_7)
FN:605,(anonymous_8)
FN:645,(anonymous_9)
FN:660,(anonymous_10)
FN:750,(anonymous_11)
FN:785,(anonymous_12)
FN:968,(anonymous_13)
FN:1019,(anonymous_14)
FNF:15
FNH:13
FNDA:7,(anonymous_0)
FNDA:4,(anonymous_1)
FNDA:5,(anonymous_2)
FNDA:8,(anonymous_3)
FNDA:2,(anonymous_4)
FNDA:3,(anonymous_5)
FNDA:0,(anonymous_6)
FNDA:4,(anonymous_7)
FNDA:2,(anonymous_8)
FNDA:1,(anonymous_9)
FNDA:4,(anonymous_10)
FNDA:0,(anonymous_11)
FNDA:3,(anonymous_12)
FNDA:5,(anonymous_13)
FNDA:3,(anonymous_14)
DA:6,1
DA:7,1
DA:8,1
DA:13,1
DA:14,7
DA:16,7
DA:17,7
DA:19,3
DA:20,3
DA:22,1
DA:23,1
DA:25,1
DA:26,1
DA:28,1
DA:29,1
DA:31,1
DA:35,7
DA:46,6
DA:59,6
DA:68,6
DA:91,1
DA:92,1
DA:99,1
DA:100,4
DA:101,4
DA:102,4
DA:104,1
DA:105,1
DA:107,1
DA:108,1
DA:110,1
DA:111,1
DA:113,1
DA:114,1
DA:116,0
DA:119,4
DA:135,4
DA:137,0
DA:143,0
DA:150,1
DA:151,5
DA:152,5
DA:153,5
DA:154,5
DA:156,5
DA:157,1
DA:158,1
DA:161,5
DA:162,1
DA:163,1
DA:167,5
DA:194,4
DA:203,4
DA:204,4
DA:206,4
DA:218,1
DA:219,1
DA:226,1
DA:227,8
DA:229,8
DA:230,8
DA:233,8
DA:235,6
DA:236,6
DA:237,1
DA:241,5
DA:243,5
DA:244,1
DA:248,4
DA:251,4
DA:269,4
DA:278,4
DA:290,4
DA:292,4
DA:294,4
DA:296,4
DA:297,4
DA:303,4
DA:305,8
DA:312,1
DA:313,2
DA:314,2
DA:338,2
DA:340,0
DA:341,0
DA:348,1
DA:352,3
DA:353,3
DA:354,3
DA:355,3
DA:357,3
DA:358,1
DA:359,1
DA:362,3
DA:363,1
DA:364,1
DA:367,3
DA:388,3
DA:398,3
DA:399,3
DA:401,3
DA:413,0
DA:414,0
DA:421,1
DA:422,0
DA:423,0
DA:424,0
DA:426,0
DA:427,0
DA:428,0
DA:431,0
DA:433,0
DA:434,0
DA:446,1
DA:447,4
DA:449,4
DA:450,4
DA:453,4
DA:479,4
DA:480,1
DA:481,1
DA:484,3
DA:485,3
DA:487,3
DA:488,1
DA:489,1
DA:493,2
DA:494,2
DA:495,1
DA:496,1
DA:497,1
DA:498,1
DA:503,1
DA:505,1
DA:506,1
DA:513,0
DA:524,2
DA:526,2
DA:527,0
DA:528,0
DA:532,2
DA:535,2
DA:559,2
DA:562,2
DA:565,2
DA:566,2
DA:567,2
DA:568,2
DA:570,2
DA:581,2
DA:590,2
DA:591,2
DA:596,2
DA:598,4
DA:605,1
DA:606,2
DA:607,2
DA:635,2
DA:637,0
DA:638,0
DA:645,1
DA:646,1
DA:647,1
DA:650,1
DA:652,0
DA:653,0
DA:660,1
DA:661,4
DA:663,4
DA:664,4
DA:667,4
DA:678,4
DA:679,1
DA:682,3
DA:684,3
DA:685,1
DA:689,2
DA:690,2
DA:694,1
DA:698,2
DA:708,2
DA:725,2
DA:737,2
DA:740,2
DA:741,1
DA:748,1
DA:750,1
DA:751,0
DA:760,2
DA:761,2
DA:762,2
DA:763,2
DA:765,2
DA:772,2
DA:774,2
DA:775,2
DA:776,2
DA:778,4
DA:785,1
DA:786,3
DA:788,3
DA:789,3
DA:792,3
DA:804,3
DA:805,0
DA:808,3
DA:810,3
DA:811,1
DA:814,2
DA:817,2
DA:820,1
DA:824,1
DA:825,1
DA:826,1
DA:827,1
DA:828,1
DA:830,1
DA:840,1
DA:841,1
DA:842,0
DA:847,0
DA:858,1
DA:875,2
DA:885,2
DA:888,2
DA:889,2
DA:894,0
DA:901,2
DA:919,2
DA:931,2
DA:934,2
DA:935,2
DA:936,2
DA:937,2
DA:939,2
DA:947,2
DA:953,1
DA:954,1
DA:955,1
DA:957,3
DA:968,1
DA:969,5
DA:971,5
DA:979,5
DA:980,1
DA:983,4
DA:986,4
DA:1002,4
DA:1009,4
DA:1011,1
DA:1012,1
DA:1019,1
DA:1020,3
DA:1021,3
DA:1022,3
DA:1023,3
DA:1025,3
DA:1026,1
DA:1027,1
DA:1030,3
DA:1031,1
DA:1032,1
DA:1035,3
DA:1051,3
DA:1060,3
DA:1061,3
DA:1063,3
DA:1075,0
DA:1076,0
DA:1080,1
LF:270
LH:240
BRDA:13,0,0,0
BRDA:17,1,0,3
BRDA:17,1,1,1
BRDA:17,1,2,1
BRDA:17,1,3,1
BRDA:17,1,4,1
BRDA:71,2,0,6
BRDA:71,2,1,1
BRDA:74,3,0,6
BRDA:74,3,1,1
BRDA:86,4,0,6
BRDA:86,4,1,1
BRDA:87,5,0,6
BRDA:87,5,1,1
BRDA:99,6,0,0
BRDA:102,7,0,1
BRDA:102,7,1,1
BRDA:102,7,2,1
BRDA:102,7,3,1
BRDA:102,7,4,0
BRDA:132,8,0,4
BRDA:132,8,1,0
BRDA:132,9,0,4
BRDA:132,9,1,0
BRDA:150,10,0,3
BRDA:150,11,0,3
BRDA:150,12,0,4
BRDA:150,13,0,4
BRDA:156,14,0,1
BRDA:156,14,1,4
BRDA:161,15,0,1
BRDA:161,15,1,4
BRDA:236,16,0,1
BRDA:236,16,1,5
BRDA:243,17,0,1
BRDA:243,17,1,4
BRDA:263,18,0,4
BRDA:263,18,1,0
BRDA:312,19,0,1
BRDA:350,20,0,2
BRDA:350,21,0,2
BRDA:350,22,0,2
BRDA:350,23,0,2
BRDA:357,24,0,1
BRDA:357,24,1,2
BRDA:362,25,0,1
BRDA:362,25,1,2
BRDA:446,26,0,0
BRDA:479,27,0,1
BRDA:479,27,1,3
BRDA:485,28,0,3
BRDA:485,28,1,0
BRDA:487,29,0,1
BRDA:487,29,1,2
BRDA:494,30,0,1
BRDA:494,30,1,1
BRDA:494,31,0,2
BRDA:494,31,1,1
BRDA:494,31,2,1
BRDA:495,32,0,1
BRDA:495,32,1,0
BRDA:495,33,0,1
BRDA:495,33,1,1
BRDA:505,34,0,1
BRDA:505,34,1,0
BRDA:526,35,0,0
BRDA:526,35,1,2
BRDA:678,36,0,1
BRDA:678,36,1,3
BRDA:684,37,0,1
BRDA:684,37,1,2
BRDA:690,38,0,1
BRDA:690,38,1,1
BRDA:691,39,0,2
BRDA:691,39,1,1
BRDA:740,40,0,1
BRDA:740,40,1,1
BRDA:785,41,0,0
BRDA:804,42,0,0
BRDA:804,42,1,3
BRDA:810,43,0,1
BRDA:810,43,1,2
BRDA:814,44,0,2
BRDA:814,44,1,0
BRDA:817,45,0,1
BRDA:817,45,1,1
BRDA:825,46,0,1
BRDA:825,46,1,0
BRDA:827,47,0,1
BRDA:827,47,1,0
BRDA:841,48,0,0
BRDA:841,48,1,1
BRDA:888,49,0,2
BRDA:888,49,1,0
BRDA:979,50,0,1
BRDA:979,50,1,4
BRDA:1019,51,0,2
BRDA:1019,52,0,2
BRDA:1019,53,0,2
BRDA:1019,54,0,2
BRDA:1025,55,0,1
BRDA:1025,55,1,2
BRDA:1030,56,0,1
BRDA:1030,56,1,2
BRF:104
BRH:86
end_of_record
TN:
SF:backend/services/auth.service.js
FN:45,(anonymous_0)
FN:166,(anonymous_1)
FN:233,(anonymous_2)
FN:269,(anonymous_3)
FNF:4
FNH:4
FNDA:12,(anonymous_0)
FNDA:7,(anonymous_1)
FNDA:4,(anonymous_2)
FNDA:7,(anonymous_3)
DA:6,2
DA:7,2
DA:8,2
DA:9,2
DA:10,2
DA:13,2
DA:14,0
DA:15,0
DA:21,2
DA:22,0
DA:23,0
DA:29,2
DA:38,2
DA:39,2
DA:40,0
DA:41,0
DA:45,2
DA:46,12
DA:47,12
DA:51,12
DA:55,12
DA:56,12
DA:57,12
DA:60,12
DA:61,2
DA:68,10
DA:69,2
DA:70,2
DA:72,2
DA:73,1
DA:74,1
DA:80,1
DA:88,9
DA:90,4
DA:92,4
DA:94,1
DA:95,1
DA:100,1
DA:102,1
DA:108,3
DA:113,3
DA:114,3
DA:122,5
DA:127,5
DA:134,5
DA:137,5
DA:141,5
DA:143,5
DA:145,5
DA:157,0
DA:158,0
DA:166,2
DA:167,7
DA:169,7
DA:171,7
DA:172,1
DA:179,6
DA:180,5
DA:182,5
DA:183,1
DA:191,5
DA:192,5
DA:195,5
DA:198,5
DA:205,5
DA:207,5
DA:212,5
DA:224,0
DA:225,0
DA:233,2
DA:234,4
DA:235,4
DA:239,4
DA:240,1
DA:246,3
DA:249,3
DA:253,3
DA:255,3
DA:260,0
DA:261,0
DA:269,2
DA:270,7
DA:272,7
DA:275,5
DA:276,1
DA:283,4
DA:288,4
DA:289,1
DA:295,3
DA:298,3
DA:299,1
DA:306,2
DA:312,2
DA:314,2
DA:316,2
DA:327,2
DA:328,1
DA:333,1
DA:334,1
DA:339,0
DA:340,0
DA:347,2
LF:102
LH:88
BRDA:13,0,0,0
BRDA:13,0,1,2
BRDA:21,1,0,0
BRDA:21,1,1,2
BRDA:39,2,0,0
BRDA:39,2,1,2
BRDA:56,3,0,12
BRDA:56,3,1,2
BRDA:60,4,0,2
BRDA:60,4,1,10
BRDA:68,5,0,2
BRDA:68,5,1,8
BRDA:72,6,0,1
BRDA:72,6,1,1
BRDA:88,7,0,4
BRDA:88,7,1,5
BRDA:90,8,0,4
BRDA:90,8,1,1
BRDA:92,9,0,1
BRDA:92,9,1,3
BRDA:171,10,0,1
BRDA:171,10,1,6
BRDA:179,11,0,5
BRDA:179,11,1,1
BRDA:182,12,0,1
BRDA:182,12,1,4
BRDA:191,13,0,5
BRDA:191,13,1,0
BRDA:239,14,0,1
BRDA:239,14,1,3
BRDA:275,15,0,1
BRDA:275,15,1,4
BRDA:288,16,0,1
BRDA:288,16,1,3
BRDA:298,17,0,1
BRDA:298,17,1,2
BRDA:298,18,0,3
BRDA:298,18,1,1
BRDA:327,19,0,1
BRDA:327,19,1,1
BRDA:333,20,0,1
BRDA:333,20,1,0
BRF:42
BRH:37
end_of_record
TN:
SF:backend/services/billing.service.js
FN:24,(anonymous_0)
FN:58,(anonymous_1)
FN:88,(anonymous_2)
FN:106,(anonymous_3)
FN:166,(anonymous_4)
FN:303,(anonymous_5)
FN:304,(anonymous_6)
FN:604,(anonymous_7)
FN:607,(anonymous_8)
FN:614,(anonymous_9)
FN:624,(anonymous_10)
FN:636,(anonymous_11)
FN:682,(anonymous_12)
FN:772,(anonymous_13)
FN:835,(anonymous_14)
FN:904,(anonymous_15)
FN:1136,(anonymous_16)
FN:1177,(anonymous_17)
FN:1233,(anonymous_18)
FN:1284,(anonymous_19)
FN:1456,(anonymous_20)
FN:1571,(anonymous_21)
FN:1638,(anonymous_22)
FN:1937,(anonymous_23)
FN:1956,(anonymous_24)
FN:1985,(anonymous_25)
FN:2029,(anonymous_26)
FN:2036,(anonymous_27)
FN:2039,(anonymous_28)
FN:2110,(anonymous_29)
FN:2130,(anonymous_30)
FN:2151,(anonymous_31)
FNF:32
FNH:21
FNDA:6,(anonymous_0)
FNDA:11,(anonymous_1)
FNDA:4,(anonymous_2)
FNDA:3,(anonymous_3)
FNDA:12,(anonymous_4)
FNDA:0,(anonymous_5)
FNDA:0,(anonymous_6)
FNDA:0,(anonymous_7)
FNDA:0,(anonymous_8)
FNDA:0,(anonymous_9)
FNDA:0,(anonymous_10)
FNDA:0,(anonymous_11)
FNDA:5,(anonymous_12)
FNDA:4,(anonymous_13)
FNDA:0,(anonymous_14)
FNDA:4,(anonymous_15)
FNDA:4,(anonymous_16)
FNDA:3,(anonymous_17)
FNDA:3,(anonymous_18)
FNDA:5,(anonymous_19)
FNDA:3,(anonymous_20)
FNDA:4,(anonymous_21)
FNDA:7,(anonymous_22)
FNDA:3,(anonymous_23)
FNDA:2,(anonymous_24)
FNDA:2,(anonymous_25)
FNDA:0,(anonymous_26)
FNDA:0,(anonymous_27)
FNDA:0,(anonymous_28)
FNDA:4,(anonymous_29)
FNDA:3,(anonymous_30)
FNDA:3,(anonymous_31)
DA:6,3
DA:7,3
DA:8,3
DA:9,3
DA:12,3
DA:24,3
DA:25,6
DA:26,6
DA:44,5
DA:45,1
DA:48,4
DA:50,2
DA:51,2
DA:58,3
DA:59,11
DA:60,11
DA:71,11
DA:72,1
DA:75,10
DA:80,0
DA:81,0
DA:88,3
DA:89,4
DA:90,4
DA:96,4
DA:98,0
DA:99,0
DA:106,3
DA:107,3
DA:109,3
DA:110,3
DA:113,3
DA:115,2
DA:116,2
DA:117,1
DA:121,1
DA:122,1
DA:125,1
DA:126,1
DA:137,1
DA:149,1
DA:151,1
DA:153,1
DA:155,2
DA:156,2
DA:157,2
DA:159,3
DA:166,3
DA:175,12
DA:177,12
DA:178,12
DA:181,12
DA:183,9
DA:184,2
DA:185,0
DA:189,2
DA:194,2
DA:195,0
DA:199,2
DA:201,2
DA:202,0
DA:205,2
DA:211,2
DA:212,0
DA:219,2
DA:220,1
DA:227,1
DA:228,0
DA:235,1
DA:236,0
DA:243,1
DA:244,0
DA:250,1
DA:251,0
DA:258,1
DA:266,1
DA:267,0
DA:273,1
DA:274,0
DA:277,1
DA:278,0
DA:288,1
DA:290,1
DA:302,1
DA:303,0
DA:304,0
DA:305,0
DA:311,1
DA:313,1
DA:314,0
DA:320,1
DA:321,0
DA:322,0
DA:330,1
DA:334,1
DA:336,0
DA:337,0
DA:338,0
DA:339,0
DA:347,1
DA:348,1
DA:349,1
DA:353,1
DA:354,0
DA:360,1
DA:361,1
DA:363,1
DA:370,1
DA:388,1
DA:391,1
DA:392,1
DA:394,1
DA:395,1
DA:396,1
DA:397,1
DA:400,1
DA:402,0
DA:405,1
DA:410,1
DA:411,1
DA:417,1
DA:418,1
DA:420,1
DA:421,0
DA:424,0
DA:425,0
DA:427,0
DA:428,0
DA:431,0
DA:432,0
DA:437,1
DA:438,1
DA:439,1
DA:448,1
DA:477,1
DA:480,1
DA:481,1
DA:482,1
DA:491,1
DA:492,1
DA:504,1
DA:505,1
DA:507,0
DA:513,1
DA:514,1
DA:515,1
DA:521,1
DA:535,1
DA:536,1
DA:539,1
DA:561,1
DA:590,1
DA:598,1
DA:602,1
DA:604,0
DA:605,1
DA:607,0
DA:611,1
DA:612,0
DA:615,0
DA:617,1
DA:619,0
DA:624,0
DA:625,0
DA:635,1
DA:636,0
DA:637,0
DA:645,1
DA:646,1
DA:653,1
DA:662,1
DA:670,11
DA:671,11
DA:672,11
DA:674,12
DA:682,3
DA:683,5
DA:685,5
DA:686,5
DA:689,5
DA:698,4
DA:700,4
DA:701,1
DA:705,3
DA:719,3
DA:722,3
DA:723,1
DA:729,1
DA:740,1
DA:746,2
DA:755,2
DA:758,3
DA:760,2
DA:761,2
DA:762,2
DA:764,5
DA:772,3
DA:773,4
DA:775,4
DA:785,4
DA:786,1
DA:789,3
DA:792,3
DA:793,1
DA:799,2
DA:800,1
DA:804,1
DA:812,1
DA:814,1
DA:816,1
DA:822,3
DA:827,3
DA:835,3
DA:837,0
DA:847,0
DA:850,0
DA:864,0
DA:867,0
DA:868,0
DA:874,0
DA:885,0
DA:888,0
DA:897,0
DA:904,3
DA:905,4
DA:907,4
DA:908,4
DA:911,4
DA:923,4
DA:924,1
DA:927,3
DA:931,3
DA:932,3
DA:933,3
DA:936,3
DA:937,1
DA:942,2
DA:947,2
DA:949,0
DA:950,0
DA:951,0
DA:952,0
DA:953,0
DA:960,2
DA:961,2
DA:962,2
DA:965,2
DA:966,2
DA:970,2
DA:971,1
DA:977,1
DA:978,1
DA:980,1
DA:988,0
DA:990,0
DA:991,0
DA:996,0
DA:1005,0
DA:1019,0
DA:1020,0
DA:1045,0
DA:1048,0
DA:1049,0
DA:1051,0
DA:1064,0
DA:1075,0
DA:1089,0
DA:1097,0
DA:1100,0
DA:1101,0
DA:1102,0
DA:1103,0
DA:1105,0
DA:1113,0
DA:1120,4
DA:1121,4
DA:1127,4
DA:1129,4
DA:1136,3
DA:1137,4
DA:1139,4
DA:1144,4
DA:1145,1
DA:1148,3
DA:1150,3
DA:1151,1
DA:1154,2
DA:1157,2
DA:1158,2
DA:1160,2
DA:1162,2
DA:1164,2
DA:1170,2
DA:1177,3
DA:1178,3
DA:1179,3
DA:1181,3
DA:1182,3
DA:1184,3
DA:1185,1
DA:1186,1
DA:1189,3
DA:1201,3
DA:1210,3
DA:1211,3
DA:1213,3
DA:1225,0
DA:1226,0
DA:1233,3
DA:1234,3
DA:1235,3
DA:1236,3
DA:1238,3
DA:1239,3
DA:1243,3
DA:1245,3
DA:1250,3
DA:1275,0
DA:1276,0
DA:1284,3
DA:1285,5
DA:1287,5
DA:1288,5
DA:1291,5
DA:1315,4
DA:1316,1
DA:1317,1
DA:1320,3
DA:1323,3
DA:1325,3
DA:1327,1
DA:1328,1
DA:1332,2
DA:1337,2
DA:1338,0
DA:1339,0
DA:1342,2
DA:1343,2
DA:1344,2
DA:1347,2
DA:1348,2
DA:1351,2
DA:1358,2
DA:1359,2
DA:1360,1
DA:1365,1
DA:1375,2
DA:1393,2
DA:1396,2
DA:1418,2
DA:1420,2
DA:1428,2
DA:1436,2
DA:1437,2
DA:1442,2
DA:1444,5
DA:1456,3
DA:1457,3
DA:1460,3
DA:1461,1
DA:1465,2
DA:1470,2
DA:1471,0
DA:1474,2
DA:1475,2
DA:1476,2
DA:1479,2
DA:1480,2
DA:1483,2
DA:1490,2
DA:1491,2
DA:1492,2
DA:1494,2
DA:1495,1
DA:1500,1
DA:1501,1
DA:1503,1
DA:1512,1
DA:1526,2
DA:1543,2
DA:1552,2
DA:1571,3
DA:1573,4
DA:1586,4
DA:1589,4
DA:1590,2
DA:1605,4
DA:1606,2
DA:1620,4
DA:1638,3
DA:1639,7
DA:1641,7
DA:1642,7
DA:1645,7
DA:1670,6
DA:1671,1
DA:1672,1
DA:1675,5
DA:1680,5
DA:1681,1
DA:1682,1
DA:1686,4
DA:1689,4
DA:1690,4
DA:1692,4
DA:1694,3
DA:1699,3
DA:1700,0
DA:1701,0
DA:1704,3
DA:1705,3
DA:1706,3
DA:1710,3
DA:1711,3
DA:1714,3
DA:1722,3
DA:1723,3
DA:1724,0
DA:1729,0
DA:1738,0
DA:1752,3
DA:1770,3
DA:1792,3
DA:1798,3
DA:1809,4
DA:1822,4
DA:1825,4
DA:1828,4
DA:1829,4
DA:1834,4
DA:1835,0
DA:1842,4
DA:1843,4
DA:1858,4
DA:1859,0
DA:1874,4
DA:1896,4
DA:1899,4
DA:1900,4
DA:1901,4
DA:1902,4
DA:1904,4
DA:1912,4
DA:1917,3
DA:1918,3
DA:1923,3
DA:1925,7
DA:1937,3
DA:1938,3
DA:1940,3
DA:1947,3
DA:1948,3
DA:1949,3
DA:1950,3
DA:1952,3
DA:1953,2
DA:1955,2
DA:1957,2
DA:1958,2
DA:1968,1
DA:1975,1
DA:1985,2
DA:1986,2
DA:1987,2
DA:1988,2
DA:1989,1
DA:1990,1
DA:1992,1
DA:1995,0
DA:2003,2
DA:2004,0
DA:2014,3
DA:2016,3
DA:2026,3
DA:2027,0
DA:2029,0
DA:2030,0
DA:2036,0
DA:2039,0
DA:2040,0
DA:2041,0
DA:2045,0
DA:2046,0
DA:2049,0
DA:2063,0
DA:2077,0
DA:2086,3
DA:2087,3
DA:2088,3
DA:2090,3
DA:2110,3
DA:2111,4
DA:2113,4
DA:2120,4
DA:2121,4
DA:2122,4
DA:2123,4
DA:2124,4
DA:2126,4
DA:2127,3
DA:2129,3
DA:2131,3
DA:2132,3
DA:2133,2
DA:2141,1
DA:2151,3
DA:2152,3
DA:2153,3
DA:2154,3
DA:2155,2
DA:2156,2
DA:2157,2
DA:2159,1
DA:2162,0
DA:2170,3
DA:2171,0
DA:2181,4
DA:2183,4
DA:2194,4
DA:2195,4
DA:2196,4
DA:2198,4
DA:2209,3
LF:523
LH:413
BRDA:44,0,0,1
BRDA:44,0,1,4
BRDA:71,1,0,1
BRDA:71,1,1,10
BRDA:106,2,0,0
BRDA:106,3,0,3
BRDA:116,4,0,1
BRDA:116,4,1,1
BRDA:125,5,0,0
BRDA:125,5,1,1
BRDA:173,6,0,10
BRDA:184,7,0,0
BRDA:184,7,1,2
BRDA:194,8,0,0
BRDA:194,8,1,2
BRDA:201,9,0,0
BRDA:201,9,1,2
BRDA:211,10,0,0
BRDA:211,10,1,2
BRDA:211,11,0,2
BRDA:211,11,1,0
BRDA:219,12,0,1
BRDA:219,12,1,1
BRDA:219,13,0,2
BRDA:219,13,1,1
BRDA:227,14,0,0
BRDA:227,14,1,1
BRDA:227,15,0,1
BRDA:227,15,1,0
BRDA:235,16,0,0
BRDA:235,16,1,1
BRDA:243,17,0,0
BRDA:243,17,1,1
BRDA:243,18,0,1
BRDA:243,18,1,1
BRDA:250,19,0,0
BRDA:250,19,1,1
BRDA:250,20,0,1
BRDA:250,20,1,0
BRDA:266,21,0,0
BRDA:266,21,1,1
BRDA:273,22,0,0
BRDA:273,22,1,1
BRDA:273,23,0,1
BRDA:273,23,1,1
BRDA:277,24,0,0
BRDA:277,24,1,1
BRDA:288,25,0,1
BRDA:288,25,1,0
BRDA:293,26,0,1
BRDA:293,26,1,0
BRDA:302,27,0,0
BRDA:302,27,1,1
BRDA:306,28,0,0
BRDA:306,28,1,0
BRDA:313,29,0,0
BRDA:313,29,1,1
BRDA:315,30,0,0
BRDA:315,30,1,0
BRDA:320,31,0,0
BRDA:320,31,1,1
BRDA:320,32,0,1
BRDA:320,32,1,1
BRDA:321,33,0,0
BRDA:321,33,1,0
BRDA:323,34,0,0
BRDA:323,34,1,0
BRDA:334,35,0,0
BRDA:334,35,1,1
BRDA:347,36,0,1
BRDA:347,36,1,0
BRDA:348,37,0,1
BRDA:348,37,1,1
BRDA:353,38,0,0
BRDA:353,38,1,1
BRDA:394,39,0,1
BRDA:394,39,1,0
BRDA:400,40,0,0
BRDA:400,40,1,1
BRDA:418,41,0,1
BRDA:418,41,1,1
BRDA:420,42,0,0
BRDA:420,42,1,1
BRDA:427,43,0,0
BRDA:427,43,1,0
BRDA:431,44,0,0
BRDA:431,44,1,0
BRDA:437,45,0,1
BRDA:437,45,1,0
BRDA:481,46,0,1
BRDA:481,46,1,0
BRDA:491,47,0,1
BRDA:491,47,1,0
BRDA:504,48,0,1
BRDA:504,48,1,0
BRDA:514,49,0,1
BRDA:514,49,1,0
BRDA:536,50,0,1
BRDA:536,50,1,0
BRDA:569,51,0,1
BRDA:569,51,1,0
BRDA:611,52,0,0
BRDA:611,52,1,1
BRDA:611,53,0,1
BRDA:611,53,1,1
BRDA:617,54,0,0
BRDA:617,54,1,1
BRDA:617,55,0,1
BRDA:617,55,1,0
BRDA:635,56,0,0
BRDA:635,56,1,1
BRDA:645,57,0,1
BRDA:645,57,1,0
BRDA:700,58,0,1
BRDA:700,58,1,3
BRDA:722,59,0,1
BRDA:722,59,1,2
BRDA:722,60,0,3
BRDA:722,60,1,1
BRDA:772,61,0,0
BRDA:785,62,0,1
BRDA:785,62,1,3
BRDA:792,63,0,1
BRDA:792,63,1,2
BRDA:799,64,0,1
BRDA:799,64,1,1
BRDA:799,65,0,2
BRDA:799,65,1,2
BRDA:867,66,0,0
BRDA:867,66,1,0
BRDA:867,67,0,0
BRDA:867,67,1,0
BRDA:904,68,0,4
BRDA:923,69,0,1
BRDA:923,69,1,3
BRDA:932,70,0,3
BRDA:932,70,1,3
BRDA:933,71,0,3
BRDA:933,71,1,0
BRDA:936,72,0,1
BRDA:936,72,1,2
BRDA:947,73,0,0
BRDA:947,73,1,2
BRDA:970,74,0,1
BRDA:970,74,1,1
BRDA:990,75,0,0
BRDA:990,75,1,0
BRDA:1019,76,0,0
BRDA:1019,76,1,0
BRDA:1048,77,0,0
BRDA:1048,77,1,0
BRDA:1144,78,0,1
BRDA:1144,78,1,3
BRDA:1150,79,0,1
BRDA:1150,79,1,2
BRDA:1177,80,0,0
BRDA:1177,81,0,0
BRDA:1177,82,0,2
BRDA:1184,83,0,1
BRDA:1184,83,1,2
BRDA:1236,84,0,3
BRDA:1236,84,1,1
BRDA:1315,85,0,1
BRDA:1315,85,1,3
BRDA:1323,86,0,3
BRDA:1323,86,1,0
BRDA:1325,87,0,1
BRDA:1325,87,1,2
BRDA:1337,88,0,0
BRDA:1337,88,1,2
BRDA:1347,89,0,2
BRDA:1347,89,1,0
BRDA:1359,90,0,1
BRDA:1359,90,1,1
BRDA:1457,91,0,3
BRDA:1457,91,1,0
BRDA:1460,92,0,1
BRDA:1460,92,1,2
BRDA:1470,93,0,0
BRDA:1470,93,1,2
BRDA:1479,94,0,2
BRDA:1479,94,1,0
BRDA:1494,95,0,1
BRDA:1494,95,1,1
BRDA:1538,96,0,2
BRDA:1538,96,1,0
BRDA:1538,97,0,2
BRDA:1538,97,1,0
BRDA:1589,98,0,2
BRDA:1589,98,1,2
BRDA:1589,99,0,4
BRDA:1589,99,1,3
BRDA:1605,100,0,2
BRDA:1605,100,1,2
BRDA:1605,101,0,4
BRDA:1605,101,1,3
BRDA:1621,102,0,4
BRDA:1621,102,1,2
BRDA:1622,103,0,4
BRDA:1622,103,1,2
BRDA:1638,104,0,0
BRDA:1670,105,0,1
BRDA:1670,105,1,5
BRDA:1680,106,0,1
BRDA:1680,106,1,4
BRDA:1690,107,0,4
BRDA:1690,107,1,0
BRDA:1692,108,0,3
BRDA:1692,108,1,1
BRDA:1699,109,0,0
BRDA:1699,109,1,3
BRDA:1710,110,0,3
BRDA:1710,110,1,0
BRDA:1723,111,0,0
BRDA:1723,111,1,3
BRDA:1828,112,0,4
BRDA:1828,112,1,0
BRDA:1834,113,0,0
BRDA:1834,113,1,4
BRDA:1842,114,0,4
BRDA:1842,114,1,0
BRDA:1842,115,0,4
BRDA:1842,115,1,4
BRDA:1858,116,0,0
BRDA:1858,116,1,4
BRDA:1858,117,0,4
BRDA:1858,117,1,4
BRDA:1965,118,0,2
BRDA:1965,118,1,2
BRDA:1986,119,0,2
BRDA:1986,119,1,0
BRDA:1988,120,0,1
BRDA:1988,120,1,1
BRDA:1997,121,0,0
BRDA:1997,121,1,0
BRDA:2003,122,0,0
BRDA:2003,122,1,2
BRDA:2026,123,0,0
BRDA:2026,123,1,3
BRDA:2041,124,0,0
BRDA:2041,124,1,0
BRDA:2046,125,0,0
BRDA:2046,125,1,0
BRDA:2137,126,0,2
BRDA:2137,126,1,0
BRDA:2152,127,0,3
BRDA:2152,127,1,0
BRDA:2154,128,0,2
BRDA:2154,128,1,1
BRDA:2156,129,0,2
BRDA:2156,129,1,0
BRDA:2164,130,0,0
BRDA:2164,130,1,0
BRDA:2170,131,0,0
BRDA:2170,131,1,3
BRF:255
BRH:157
end_of_record
TN:
SF:backend/services/cache.service.js
FN:16,initRedis
FN:22,(anonymous_1)
FN:56,(anonymous_2)
FN:61,(anonymous_3)
FN:66,(anonymous_4)
FN:72,(anonymous_5)
FN:87,get
FN:109,set
FN:127,del
FN:144,delPattern
FN:174,getStats
FN:203,(anonymous_11)
FNF:12
FNH:12
FNDA:40,initRedis
FNDA:5,(anonymous_1)
FNDA:28,(anonymous_2)
FNDA:1,(anonymous_3)
FNDA:1,(anonymous_4)
FNDA:7,(anonymous_5)
FNDA:5,get
FNDA:5,set
FNDA:4,del
FNDA:30,delPattern
FNDA:3,getStats
FNDA:8,(anonymous_11)
DA:6,40
DA:7,40
DA:9,40
DA:10,40
DA:12,40
DA:13,40
DA:17,40
DA:18,40
DA:23,5
DA:24,2
DA:25,2
DA:27,3
DA:37,40
DA:38,40
DA:42,40
DA:43,40
DA:47,40
DA:48,40
DA:51,40
DA:54,40
DA:56,40
DA:57,28
DA:58,28
DA:61,40
DA:62,1
DA:63,1
DA:66,40
DA:67,1
DA:68,1
DA:72,40
DA:73,7
DA:74,7
DA:77,0
DA:78,0
DA:88,5
DA:90,3
DA:91,3
DA:92,2
DA:93,1
DA:95,1
DA:97,1
DA:98,1
DA:110,5
DA:112,3
DA:113,3
DA:114,3
DA:115,2
DA:117,1
DA:118,1
DA:128,4
DA:130,2
DA:131,2
DA:132,1
DA:134,1
DA:135,1
DA:145,30
DA:147,3
DA:148,3
DA:149,3
DA:152,3
DA:153,4
DA:154,3
DA:155,3
DA:157,3
DA:158,2
DA:159,2
DA:163,2
DA:165,1
DA:166,1
DA:175,3
DA:176,1
DA:179,2
DA:180,2
DA:181,1
DA:183,1
DA:190,1
DA:195,40
DA:197,40
DA:203,8
LF:79
LH:77
BRDA:19,0,0,40
BRDA:19,0,1,0
BRDA:20,1,0,40
BRDA:20,1,1,0
BRDA:21,2,0,40
BRDA:21,2,1,40
BRDA:23,3,0,2
BRDA:23,3,1,3
BRDA:37,4,0,40
BRDA:37,4,1,0
BRDA:42,5,0,40
BRDA:42,5,1,0
BRDA:47,6,0,40
BRDA:47,6,1,0
BRDA:47,7,0,40
BRDA:47,7,1,40
BRDA:88,8,0,2
BRDA:88,8,1,3
BRDA:88,9,0,5
BRDA:88,9,1,3
BRDA:92,10,0,1
BRDA:92,10,1,1
BRDA:109,11,0,4
BRDA:110,12,0,2
BRDA:110,12,1,3
BRDA:110,13,0,5
BRDA:110,13,1,3
BRDA:128,14,0,2
BRDA:128,14,1,2
BRDA:128,15,0,4
BRDA:128,15,1,2
BRDA:145,16,0,27
BRDA:145,16,1,3
BRDA:145,17,0,30
BRDA:145,17,1,3
BRDA:157,18,0,2
BRDA:157,18,1,1
BRDA:175,19,0,1
BRDA:175,19,1,2
BRDA:175,20,0,3
BRDA:175,20,1,2
BRF:41
BRH:36
end_of_record
TN:
SF:backend/services/export.service.js
FN:12,arrayToCSV
FN:21,(anonymous_1)
FN:23,(anonymous_2)
FN:56,(anonymous_3)
FN:168,(anonymous_4)
FN:220,(anonymous_5)
FNF:6
FNH:6
FNDA:12,arrayToCSV
FNDA:13,(anonymous_1)
FNDA:233,(anonymous_2)
FNDA:9,(anonymous_3)
FNDA:4,(anonymous_4)
FNDA:5,(anonymous_5)
DA:6,1
DA:7,1
DA:13,12
DA:14,1
DA:18,11
DA:21,11
DA:22,13
DA:24,233
DA:27,233
DA:28,34
DA:32,199
DA:33,0
DA:37,199
DA:38,199
DA:39,3
DA:42,196
DA:47,11
DA:56,1
DA:57,9
DA:59,9
DA:60,9
DA:62,9
DA:63,1
DA:64,1
DA:68,9
DA:115,8
DA:117,8
DA:118,7
DA:150,7
DA:151,7
DA:153,1
DA:160,1
DA:161,1
DA:168,1
DA:169,4
DA:170,4
DA:188,3
DA:190,3
DA:191,2
DA:202,2
DA:203,2
DA:205,1
DA:212,1
DA:213,1
DA:220,1
DA:221,5
DA:222,5
DA:246,4
DA:248,4
DA:249,3
DA:261,3
DA:262,3
DA:264,1
DA:267,1
DA:268,1
DA:272,1
LF:56
LH:55
BRDA:13,0,0,1
BRDA:13,0,1,11
BRDA:27,1,0,34
BRDA:27,1,1,199
BRDA:27,2,0,233
BRDA:27,2,1,199
BRDA:32,3,0,0
BRDA:32,3,1,199
BRDA:38,4,0,3
BRDA:38,4,1,196
BRDA:38,5,0,199
BRDA:38,5,1,197
BRDA:38,5,2,196
BRDA:56,6,0,1
BRDA:56,7,0,8
BRDA:62,8,0,1
BRDA:62,8,1,8
BRDA:117,9,0,7
BRDA:117,9,1,1
BRDA:168,10,0,1
BRDA:190,11,0,2
BRDA:190,11,1,1
BRDA:220,12,0,1
BRDA:248,13,0,3
BRDA:248,13,1,1
BRF:25
BRH:24
end_of_record
TN:
SF:backend/services/placement.service.js
FN:12,(anonymous_0)
FN:169,(anonymous_1)
FN:501,(anonymous_2)
FN:543,(anonymous_3)
FN:577,(anonymous_4)
FN:605,(anonymous_5)
FN:638,(anonymous_6)
FNF:7
FNH:7
FNDA:11,(anonymous_0)
FNDA:23,(anonymous_1)
FNDA:1,(anonymous_2)
FNDA:6,(anonymous_3)
FNDA:4,(anonymous_4)
FNDA:10,(anonymous_5)
FNDA:10,(anonymous_6)
DA:6,3
DA:7,3
DA:8,3
DA:9,3
DA:12,3
DA:13,11
DA:14,11
DA:17,11
DA:18,11
DA:20,11
DA:21,1
DA:22,1
DA:25,10
DA:28,10
DA:75,10
DA:76,10
DA:79,10
DA:80,1
DA:81,1
DA:82,1
DA:86,10
DA:87,2
DA:88,2
DA:89,2
DA:92,10
DA:94,10
DA:96,10
DA:97,9
DA:98,9
DA:99,9
DA:102,1
DA:103,1
DA:106,10
DA:108,9
DA:110,8
DA:117,8
DA:118,8
DA:120,8
DA:121,1
DA:122,1
DA:123,1
DA:126,8
DA:127,2
DA:128,2
DA:131,8
DA:133,8
DA:134,8
DA:136,8
DA:149,8
DA:150,8
DA:152,8
DA:155,1
DA:158,1
DA:159,1
DA:161,1
DA:163,1
DA:164,1
DA:169,3
DA:171,23
DA:173,23
DA:174,23
DA:177,23
DA:181,23
DA:182,23
DA:185,21
DA:197,21
DA:198,21
DA:199,21
DA:201,21
DA:211,21
DA:212,1
DA:217,20
DA:218,1
DA:221,19
DA:222,1
DA:226,18
DA:231,18
DA:232,1
DA:235,17
DA:237,17
DA:238,1
DA:241,16
DA:242,1
DA:246,15
DA:252,15
DA:254,3
DA:255,3
DA:259,12
DA:263,12
DA:267,15
DA:269,8
DA:274,8
DA:275,7
DA:277,7
DA:287,7
DA:288,1
DA:291,6
DA:292,6
DA:293,1
DA:298,5
DA:304,3
DA:314,3
DA:322,4
DA:323,1
DA:329,3
DA:333,1
DA:338,12
DA:340,7
DA:345,7
DA:346,6
DA:348,6
DA:358,6
DA:359,1
DA:362,5
DA:363,5
DA:364,1
DA:369,4
DA:375,3
DA:385,3
DA:393,3
DA:394,1
DA:400,2
DA:404,1
DA:412,10
DA:413,5
DA:419,10
DA:420,5
DA:427,10
DA:428,5
DA:435,10
DA:436,5
DA:437,5
DA:438,5
DA:441,5
DA:446,5
DA:447,3
DA:450,3
DA:451,3
DA:452,3
DA:457,3
DA:458,2
DA:461,2
DA:472,1
DA:477,1
DA:478,1
DA:485,1
DA:486,1
DA:488,1
DA:498,5
DA:499,1
DA:500,1
DA:501,1
DA:506,4
DA:507,0
DA:511,0
DA:521,9
DA:522,9
DA:525,9
DA:526,9
DA:527,9
DA:528,9
DA:530,9
DA:533,14
DA:534,14
DA:535,14
DA:538,23
DA:543,3
DA:544,6
DA:545,6
DA:566,5
DA:568,1
DA:569,1
DA:577,3
DA:578,4
DA:579,4
DA:592,3
DA:593,3
DA:599,1
DA:600,1
DA:605,3
DA:606,10
DA:607,10
DA:638,10
DA:646,9
DA:648,1
DA:649,1
DA:653,3
LF:187
LH:185
BRDA:12,0,0,0
BRDA:12,1,0,0
BRDA:12,2,0,8
BRDA:17,3,0,11
BRDA:17,3,1,10
BRDA:17,4,0,11
BRDA:17,4,1,9
BRDA:20,5,0,1
BRDA:20,5,1,10
BRDA:25,6,0,10
BRDA:25,6,1,9
BRDA:79,7,0,1
BRDA:79,7,1,9
BRDA:86,8,0,2
BRDA:86,8,1,8
BRDA:96,9,0,9
BRDA:96,9,1,1
BRDA:108,10,0,8
BRDA:108,10,1,1
BRDA:120,11,0,1
BRDA:120,11,1,7
BRDA:126,12,0,2
BRDA:126,12,1,6
BRDA:174,13,0,9
BRDA:174,14,0,14
BRDA:197,15,0,21
BRDA:197,15,1,0
BRDA:198,16,0,21
BRDA:198,16,1,0
BRDA:199,17,0,21
BRDA:199,17,1,0
BRDA:211,18,0,1
BRDA:211,18,1,20
BRDA:211,19,0,21
BRDA:211,19,1,20
BRDA:217,20,0,1
BRDA:217,20,1,19
BRDA:221,21,0,1
BRDA:221,21,1,18
BRDA:231,22,0,1
BRDA:231,22,1,17
BRDA:237,23,0,1
BRDA:237,23,1,16
BRDA:237,24,0,17
BRDA:237,24,1,9
BRDA:241,25,0,1
BRDA:241,25,1,15
BRDA:241,26,0,16
BRDA:241,26,1,8
BRDA:252,27,0,3
BRDA:252,27,1,12
BRDA:274,28,0,7
BRDA:274,28,1,1
BRDA:287,29,0,1
BRDA:287,29,1,6
BRDA:292,30,0,1
BRDA:292,30,1,5
BRDA:292,31,0,6
BRDA:292,31,1,5
BRDA:322,32,0,1
BRDA:322,32,1,3
BRDA:345,33,0,6
BRDA:345,33,1,1
BRDA:358,34,0,1
BRDA:358,34,1,5
BRDA:363,35,0,1
BRDA:363,35,1,4
BRDA:363,36,0,5
BRDA:363,36,1,4
BRDA:393,37,0,1
BRDA:393,37,1,2
BRDA:412,38,0,5
BRDA:412,38,1,5
BRDA:419,39,0,5
BRDA:419,39,1,5
BRDA:427,40,0,5
BRDA:427,40,1,5
BRDA:435,41,0,5
BRDA:435,41,1,5
BRDA:446,42,0,3
BRDA:446,42,1,2
BRDA:457,43,0,2
BRDA:457,43,1,1
BRDA:498,44,0,1
BRDA:498,44,1,4
BRDA:498,45,0,5
BRDA:498,45,1,1
BRDA:506,46,0,0
BRDA:506,46,1,4
BRDA:506,47,0,4
BRDA:506,47,1,0
BRDA:566,48,0,2
BRDA:566,48,1,3
BRDA:594,49,0,3
BRDA:594,49,1,1
BRDA:595,50,0,3
BRDA:595,50,1,1
BRDA:596,51,0,3
BRDA:596,51,1,1
BRDA:641,52,0,10
BRDA:641,52,1,9
BRDA:641,53,0,10
BRDA:641,53,1,7
BRDA:643,54,0,10
BRDA:643,54,1,9
BRDA:643,55,0,10
BRDA:643,55,1,7
BRF:107
BRH:100
end_of_record
TN:
SF:backend/services/project.service.js
FN:10,(anonymous_0)
FN:77,(anonymous_1)
FN:115,(anonymous_2)
FN:132,(anonymous_3)
FN:160,(anonymous_4)
FN:183,(anonymous_5)
FN:210,(anonymous_6)
FN:241,(anonymous_7)
FN:283,(anonymous_8)
FN:311,(anonymous_9)
FN:348,(anonymous_10)
FN:353,(anonymous_11)
FN:390,(anonymous_12)
FN:420,(anonymous_13)
FN:447,(anonymous_14)
FN:506,(anonymous_15)
FN:561,(anonymous_16)
FNF:17
FNH:16
FNDA:5,(anonymous_0)
FNDA:4,(anonymous_1)
FNDA:4,(anonymous_2)
FNDA:3,(anonymous_3)
FNDA:3,(anonymous_4)
FNDA:4,(anonymous_5)
FNDA:5,(anonymous_6)
FNDA:4,(anonymous_7)
FNDA:9,(anonymous_8)
FNDA:508,(anonymous_9)
FNDA:3,(anonymous_10)
FNDA:0,(anonymous_11)
FNDA:3,(anonymous_12)
FNDA:3,(anonymous_13)
FNDA:5,(anonymous_14)
FNDA:3,(anonymous_15)
FNDA:3,(anonymous_16)
DA:6,2
DA:7,2
DA:10,2
DA:11,5
DA:12,5
DA:15,5
DA:48,5
DA:51,4
DA:52,3
DA:53,3
DA:54,3
DA:56,3
DA:69,1
DA:71,1
DA:72,1
DA:77,2
DA:78,4
DA:80,4
DA:85,3
DA:86,2
DA:89,1
DA:92,1
DA:98,1
DA:103,1
DA:109,1
DA:110,1
DA:115,2
DA:116,4
DA:117,4
DA:119,4
DA:124,3
DA:126,3
DA:127,3
DA:132,2
DA:133,3
DA:134,3
DA:136,3
DA:146,2
DA:147,1
DA:148,1
DA:149,1
DA:152,2
DA:154,1
DA:155,1
DA:160,2
DA:161,3
DA:162,3
DA:168,2
DA:169,1
DA:170,1
DA:171,1
DA:172,1
DA:175,2
DA:177,1
DA:178,1
DA:183,2
DA:184,4
DA:186,4
DA:191,3
DA:192,1
DA:196,2
DA:197,2
DA:202,2
DA:204,1
DA:205,1
DA:210,2
DA:211,5
DA:212,5
DA:215,5
DA:220,5
DA:221,1
DA:224,4
DA:230,3
DA:231,3
DA:233,3
DA:235,3
DA:236,3
DA:241,2
DA:242,4
DA:244,4
DA:249,3
DA:250,1
DA:253,2
DA:255,2
DA:266,2
DA:267,1
DA:271,1
DA:272,1
DA:273,1
DA:275,1
DA:277,1
DA:278,1
DA:283,2
DA:284,9
DA:286,9
DA:291,9
DA:292,1
DA:295,8
DA:296,1
DA:299,7
DA:300,1
DA:304,6
DA:307,6
DA:308,6
DA:309,6
DA:311,6
DA:312,508
DA:315,508
DA:316,4
DA:322,4
DA:325,504
DA:328,504
DA:331,504
DA:342,6
DA:343,2
DA:344,2
DA:346,2
DA:347,2
DA:348,2
DA:349,3
DA:352,0
DA:353,0
DA:354,0
DA:358,2
DA:361,0
DA:364,4
DA:370,4
DA:373,3
DA:384,5
DA:385,5
DA:390,2
DA:391,3
DA:392,3
DA:406,2
DA:407,1
DA:408,1
DA:409,1
DA:412,2
DA:414,1
DA:415,1
DA:420,2
DA:421,3
DA:423,3
DA:428,2
DA:429,1
DA:433,1
DA:434,1
DA:439,1
DA:441,1
DA:442,1
DA:447,2
DA:448,5
DA:459,5
DA:462,5
DA:467,5
DA:468,1
DA:472,4
DA:474,3
DA:495,2
DA:496,2
DA:498,2
DA:500,2
DA:501,2
DA:506,2
DA:507,3
DA:518,3
DA:520,3
DA:547,2
DA:548,1
DA:549,1
DA:550,1
DA:553,2
DA:555,1
DA:556,1
DA:561,2
DA:562,3
DA:563,3
DA:574,2
DA:575,1
DA:576,1
DA:577,1
DA:580,2
DA:582,1
DA:583,1
DA:587,2
LF:185
LH:181
BRDA:10,0,0,0
BRDA:10,1,0,0
BRDA:51,2,0,3
BRDA:51,2,1,1
BRDA:51,3,0,4
BRDA:51,3,1,4
BRDA:85,4,0,2
BRDA:85,4,1,1
BRDA:121,5,0,4
BRDA:121,5,1,4
BRDA:146,6,0,1
BRDA:146,6,1,1
BRDA:152,7,0,1
BRDA:152,7,1,1
BRDA:168,8,0,1
BRDA:168,8,1,1
BRDA:191,9,0,1
BRDA:191,9,1,2
BRDA:220,10,0,1
BRDA:220,10,1,4
BRDA:226,11,0,4
BRDA:226,11,1,1
BRDA:226,12,0,4
BRDA:226,12,1,4
BRDA:226,13,0,4
BRDA:226,13,1,4
BRDA:226,14,0,4
BRDA:226,14,1,4
BRDA:249,15,0,1
BRDA:249,15,1,2
BRDA:266,16,0,1
BRDA:266,16,1,1
BRDA:291,17,0,1
BRDA:291,17,1,8
BRDA:295,18,0,1
BRDA:295,18,1,7
BRDA:295,19,0,8
BRDA:295,19,1,8
BRDA:299,20,0,1
BRDA:299,20,1,6
BRDA:315,21,0,4
BRDA:315,21,1,504
BRDA:315,22,0,508
BRDA:315,22,1,507
BRDA:318,23,0,4
BRDA:318,23,1,1
BRDA:319,24,0,4
BRDA:319,24,1,0
BRDA:325,25,0,504
BRDA:325,25,1,0
BRDA:335,26,0,504
BRDA:335,26,1,504
BRDA:336,27,0,504
BRDA:336,27,1,504
BRDA:337,28,0,504
BRDA:337,28,1,504
BRDA:342,29,0,2
BRDA:342,29,1,4
BRDA:343,30,0,2
BRDA:343,30,1,0
BRDA:346,31,0,2
BRDA:346,31,1,0
BRDA:406,32,0,1
BRDA:406,32,1,1
BRDA:428,33,0,1
BRDA:428,33,1,1
BRDA:467,34,0,1
BRDA:467,34,1,4
BRDA:472,35,0,4
BRDA:472,35,1,3
BRDA:483,36,0,3
BRDA:483,36,1,2
BRDA:484,37,0,3
BRDA:484,37,1,2
BRDA:485,38,0,3
BRDA:485,38,1,2
BRDA:486,39,0,3
BRDA:486,39,1,2
BRDA:489,40,0,3
BRDA:489,40,1,2
BRDA:490,41,0,3
BRDA:490,41,1,2
BRDA:547,42,0,1
BRDA:547,42,1,1
BRDA:553,43,0,1
BRDA:553,43,1,1
BRDA:574,44,0,1
BRDA:574,44,1,1
BRF:88
BRH:82
end_of_record
TN:
SF:backend/services/site.service.js
FN:11,(anonymous_0)
FN:63,(anonymous_1)
FN:89,(anonymous_2)
FN:90,(anonymous_3)
FN:101,(anonymous_4)
FN:195,(anonymous_5)
FN:286,(anonymous_6)
FN:503,(anonymous_7)
FN:545,(anonymous_8)
FN:560,(anonymous_9)
FN:602,(anonymous_10)
FN:632,(anonymous_11)
FN:668,(anonymous_12)
FN:688,(anonymous_13)
FN:707,(anonymous_14)
FN:727,(anonymous_15)
FN:751,(anonymous_16)
FN:872,(anonymous_17)
FNF:18
FNH:18
FNDA:5,(anonymous_0)
FNDA:2,(anonymous_1)
FNDA:3,(anonymous_2)
FNDA:3,(anonymous_3)
FNDA:10,(anonymous_4)
FNDA:6,(anonymous_5)
FNDA:3,(anonymous_6)
FNDA:3,(anonymous_7)
FNDA:3,(anonymous_8)
FNDA:4,(anonymous_9)
FNDA:4,(anonymous_10)
FNDA:5,(anonymous_11)
FNDA:2,(anonymous_12)
FNDA:3,(anonymous_13)
FNDA:2,(anonymous_14)
FNDA:3,(anonymous_15)
FNDA:6,(anonymous_16)
FNDA:3,(anonymous_17)
DA:6,2
DA:7,2
DA:8,2
DA:11,2
DA:12,5
DA:13,5
DA:16,5
DA:17,1
DA:22,5
DA:23,5
DA:25,5
DA:26,3
DA:27,3
DA:28,3
DA:31,5
DA:34,4
DA:36,2
DA:37,2
DA:38,2
DA:40,2
DA:54,2
DA:57,1
DA:58,1
DA:63,2
DA:64,2
DA:69,2
DA:86,1
DA:89,3
DA:90,3
DA:93,1
DA:95,1
DA:96,1
DA:101,2
DA:102,10
DA:113,10
DA:116,10
DA:117,1
DA:120,9
DA:121,9
DA:123,8
DA:124,1
DA:127,7
DA:128,1
DA:131,3
DA:132,1
DA:134,2
DA:138,6
DA:141,6
DA:142,1
DA:146,5
DA:147,5
DA:148,5
DA:150,5
DA:152,2
DA:154,2
DA:155,2
DA:158,3
DA:159,3
DA:161,3
DA:164,5
DA:165,5
DA:167,5
DA:169,5
DA:187,4
DA:189,6
DA:190,6
DA:195,2
DA:196,6
DA:207,6
DA:210,6
DA:211,1
DA:212,1
DA:214,0
DA:215,0
DA:218,0
DA:219,0
DA:222,1
DA:223,1
DA:225,0
DA:230,5
DA:231,1
DA:235,4
DA:236,4
DA:238,4
DA:239,1
DA:240,1
DA:243,4
DA:272,3
DA:273,2
DA:274,2
DA:275,2
DA:278,3
DA:280,3
DA:281,3
DA:286,2
DA:287,3
DA:289,3
DA:290,3
DA:293,3
DA:298,2
DA:299,1
DA:300,1
DA:306,1
DA:309,1
DA:335,1
DA:339,1
DA:340,1
DA:341,1
DA:343,1
DA:344,0
DA:345,0
DA:346,0
DA:347,0
DA:353,0
DA:354,0
DA:355,0
DA:361,0
DA:369,0
DA:374,0
DA:385,1
DA:386,1
DA:387,1
DA:388,1
DA:389,1
DA:390,1
DA:392,1
DA:393,0
DA:395,0
DA:397,0
DA:399,0
DA:400,0
DA:401,0
DA:403,0
DA:404,0
DA:405,0
DA:408,0
DA:416,0
DA:422,1
DA:432,1
DA:435,1
DA:461,1
DA:464,1
DA:465,1
DA:466,1
DA:467,1
DA:469,1
DA:482,1
DA:494,1
DA:495,1
DA:496,1
DA:498,3
DA:503,2
DA:504,3
DA:506,3
DA:507,3
DA:510,3
DA:533,2
DA:534,2
DA:536,1
DA:537,1
DA:538,1
DA:540,3
DA:545,2
DA:546,3
DA:547,3
DA:552,2
DA:554,1
DA:555,1
DA:560,2
DA:561,4
DA:563,4
DA:571,4
DA:588,3
DA:590,1
DA:591,1
DA:602,2
DA:603,4
DA:608,4
DA:611,4
DA:613,4
DA:621,3
DA:622,3
DA:624,1
DA:625,1
DA:632,2
DA:633,5
DA:634,5
DA:640,4
DA:641,1
DA:644,3
DA:647,3
DA:648,1
DA:649,1
DA:653,2
DA:654,1
DA:655,1
DA:658,1
DA:660,1
DA:661,1
DA:668,2
DA:669,2
DA:670,2
DA:678,1
DA:680,1
DA:681,1
DA:688,2
DA:689,3
DA:690,3
DA:697,2
DA:699,1
DA:700,1
DA:707,2
DA:708,2
DA:709,2
DA:717,1
DA:719,1
DA:720,1
DA:727,2
DA:728,3
DA:729,3
DA:734,2
DA:735,1
DA:738,2
DA:740,1
DA:741,1
DA:751,2
DA:752,6
DA:765,6
DA:766,1
DA:771,5
DA:779,5
DA:780,7
DA:783,7
DA:790,7
DA:791,1
DA:792,1
DA:797,1
DA:800,6
DA:802,6
DA:818,6
DA:819,1
DA:820,1
DA:825,1
DA:828,4
DA:829,4
DA:832,4
DA:834,3
DA:835,3
DA:843,2
DA:844,2
DA:849,2
DA:856,5
DA:864,5
DA:872,2
DA:873,3
DA:886,3
DA:887,1
DA:892,2
DA:893,2
DA:900,1
DA:905,1
DA:911,1
DA:912,1
DA:916,2
LF:264
LH:238
BRDA:11,0,0,0
BRDA:11,1,0,0
BRDA:11,2,0,4
BRDA:13,3,0,5
BRDA:13,3,1,3
BRDA:16,4,0,1
BRDA:16,4,1,4
BRDA:25,5,0,3
BRDA:25,5,1,2
BRDA:34,6,0,2
BRDA:34,6,1,2
BRDA:116,7,0,1
BRDA:116,7,1,9
BRDA:123,8,0,1
BRDA:123,8,1,7
BRDA:127,9,0,1
BRDA:127,9,1,6
BRDA:127,10,0,7
BRDA:127,10,1,7
BRDA:131,11,0,1
BRDA:131,11,1,2
BRDA:138,12,0,6
BRDA:138,12,1,1
BRDA:141,13,0,1
BRDA:141,13,1,5
BRDA:150,14,0,2
BRDA:150,14,1,3
BRDA:152,15,0,2
BRDA:152,15,1,2
BRDA:158,16,0,3
BRDA:158,16,1,2
BRDA:159,17,0,3
BRDA:159,17,1,1
BRDA:161,18,0,0
BRDA:161,18,1,3
BRDA:165,19,0,0
BRDA:165,19,1,5
BRDA:167,20,0,0
BRDA:167,20,1,5
BRDA:177,21,0,5
BRDA:177,21,1,1
BRDA:210,22,0,1
BRDA:210,22,1,5
BRDA:214,23,0,0
BRDA:214,23,1,0
BRDA:218,24,0,0
BRDA:218,24,1,0
BRDA:218,25,0,0
BRDA:218,25,1,0
BRDA:222,26,0,1
BRDA:222,26,1,0
BRDA:230,27,0,1
BRDA:230,27,1,4
BRDA:230,28,0,5
BRDA:230,28,1,2
BRDA:238,29,0,1
BRDA:238,29,1,3
BRDA:272,30,0,2
BRDA:272,30,1,1
BRDA:278,31,0,2
BRDA:278,31,1,1
BRDA:298,32,0,1
BRDA:298,32,1,1
BRDA:343,33,0,0
BRDA:343,33,1,1
BRDA:343,34,0,1
BRDA:343,34,1,0
BRDA:345,35,0,0
BRDA:345,35,1,0
BRDA:345,36,0,0
BRDA:345,36,1,0
BRDA:353,37,0,0
BRDA:353,37,1,0
BRDA:393,38,0,0
BRDA:393,38,1,0
BRDA:395,39,0,0
BRDA:395,39,1,0
BRDA:399,40,0,0
BRDA:399,40,1,0
BRDA:403,41,0,0
BRDA:403,41,1,0
BRDA:552,42,0,1
BRDA:552,42,1,1
BRDA:588,43,0,2
BRDA:588,43,1,1
BRDA:602,44,0,0
BRDA:605,45,0,4
BRDA:606,46,0,3
BRDA:607,47,0,4
BRDA:640,48,0,1
BRDA:640,48,1,3
BRDA:647,49,0,1
BRDA:647,49,1,2
BRDA:647,50,0,3
BRDA:647,50,1,2
BRDA:653,51,0,1
BRDA:653,51,1,1
BRDA:653,52,0,2
BRDA:653,52,1,2
BRDA:697,53,0,1
BRDA:697,53,1,1
BRDA:734,54,0,1
BRDA:734,54,1,1
BRDA:765,55,0,1
BRDA:765,55,1,5
BRDA:790,56,0,1
BRDA:790,56,1,6
BRDA:818,57,0,1
BRDA:818,57,1,4
BRDA:886,58,0,1
BRDA:886,58,1,2
BRF:111
BRH:82
end_of_record
TN:
SF:backend/services/wordpress.service.js
FN:13,validateExternalUrl
FN:76,(anonymous_1)
FN:131,(anonymous_2)
FN:144,(anonymous_3)
FN:174,(anonymous_4)
FN:222,(anonymous_5)
FN:245,(anonymous_6)
FN:297,(anonymous_7)
FN:348,(anonymous_8)
FN:372,(anonymous_9)
FN:387,(anonymous_10)
FN:402,(anonymous_11)
FN:420,(anonymous_12)
FNF:13
FNH:13
FNDA:22,validateExternalUrl
FNDA:7,(anonymous_1)
FNDA:6,(anonymous_2)
FNDA:3,(anonymous_3)
FNDA:4,(anonymous_4)
FNDA:1,(anonymous_5)
FNDA:18,(anonymous_6)
FNDA:5,(anonymous_7)
FNDA:3,(anonymous_8)
FNDA:3,(anonymous_9)
FNDA:3,(anonymous_10)
FNDA:2,(anonymous_11)
FNDA:3,(anonymous_12)
DA:6,7
DA:7,7
DA:8,7
DA:9,7
DA:10,7
DA:14,22
DA:15,22
DA:18,22
DA:19,2
DA:23,20
DA:26,20
DA:27,2
DA:31,18
DA:36,3
DA:40,15
DA:41,2
DA:45,13
DA:46,0
DA:50,13
DA:51,13
DA:52,12
DA:53,12
DA:60,2
DA:65,3
DA:68,13
DA:70,9
DA:71,0
DA:76,7
DA:77,7
DA:79,7
DA:80,7
DA:82,7
DA:83,1
DA:84,1
DA:88,6
DA:111,5
DA:131,6
DA:144,5
DA:152,5
DA:158,5
DA:159,5
DA:165,5
DA:167,1
DA:168,1
DA:174,7
DA:175,4
DA:176,4
DA:179,4
DA:186,4
DA:187,4
DA:189,4
DA:190,1
DA:191,1
DA:195,3
DA:197,3
DA:198,1
DA:199,1
DA:203,2
DA:222,2
DA:228,2
DA:234,2
DA:235,2
DA:237,2
DA:239,0
DA:240,0
DA:245,7
DA:246,18
DA:247,18
DA:250,18
DA:253,9
DA:255,9
DA:273,8
DA:274,5
DA:280,5
DA:286,1
DA:289,13
DA:290,13
DA:297,7
DA:298,5
DA:299,5
DA:300,1
DA:301,1
DA:305,4
DA:308,4
DA:310,4
DA:319,2
DA:320,2
DA:325,2
DA:330,0
DA:334,2
DA:335,1
DA:336,1
DA:339,1
DA:340,1
DA:348,7
DA:349,3
DA:351,3
DA:353,3
DA:357,2
DA:363,1
DA:364,1
DA:372,7
DA:373,3
DA:374,3
DA:379,2
DA:381,1
DA:382,1
DA:387,7
DA:388,3
DA:389,3
DA:394,3
DA:396,0
DA:397,0
DA:402,7
DA:403,2
DA:404,2
DA:412,2
DA:414,0
DA:415,0
DA:420,7
DA:421,3
DA:422,3
DA:434,2
DA:436,1
DA:437,1
DA:441,7
LF:126
LH:117
BRDA:18,0,0,2
BRDA:18,0,1,20
BRDA:26,1,0,2
BRDA:26,1,1,18
BRDA:31,2,0,3
BRDA:31,2,1,15
BRDA:32,3,0,18
BRDA:32,3,1,17
BRDA:32,3,2,16
BRDA:40,4,0,2
BRDA:40,4,1,13
BRDA:45,5,0,0
BRDA:45,5,1,13
BRDA:45,6,0,13
BRDA:45,6,1,13
BRDA:53,7,0,2
BRDA:53,7,1,10
BRDA:54,8,0,12
BRDA:54,8,1,11
BRDA:54,8,2,11
BRDA:54,8,3,11
BRDA:54,8,4,10
BRDA:70,9,0,9
BRDA:70,9,1,0
BRDA:82,10,0,1
BRDA:82,10,1,6
BRDA:134,11,0,6
BRDA:134,11,1,3
BRDA:138,12,0,6
BRDA:138,12,1,3
BRDA:139,13,0,6
BRDA:139,13,1,3
BRDA:140,14,0,6
BRDA:140,14,1,3
BRDA:141,15,0,6
BRDA:141,15,1,3
BRDA:189,16,0,1
BRDA:189,16,1,3
BRDA:197,17,0,1
BRDA:197,17,1,2
BRDA:273,18,0,5
BRDA:273,18,1,1
BRDA:286,19,0,1
BRDA:286,19,1,0
BRDA:291,20,0,13
BRDA:291,20,1,13
BRDA:299,21,0,1
BRDA:299,21,1,4
BRDA:319,22,0,2
BRDA:319,22,1,0
BRDA:330,23,0,0
BRDA:330,23,1,0
BRDA:334,24,0,1
BRDA:334,24,1,1
BRDA:342,25,0,1
BRDA:342,25,1,0
BRDA:366,26,0,1
BRDA:366,26,1,0
BRDA:379,27,0,1
BRDA:379,27,1,1
BRDA:394,28,0,1
BRDA:394,28,1,2
BRDA:412,29,0,1
BRDA:412,29,1,1
BRF:64
BRH:56
end_of_record
TN:
SF:backend/utils/errorHandler.js
FN:17,handleError
FN:45,handleValidationError
FN:52,handleNotFoundError
FN:59,handleAuthError
FN:66,handleForbiddenError
FN:75,isSafeErrorMessage
FN:100,(anonymous_6)
FN:106,handleSmartError
FNF:8
FNH:8
FNDA:21,handleError
FNDA:2,handleValidationError
FNDA:2,handleNotFoundError
FNDA:2,handleAuthError
FNDA:2,handleForbiddenError
FNDA:29,isSafeErrorMessage
FNDA:352,(anonymous_6)
FNDA:6,handleSmartError
DA:6,3
DA:19,21
DA:28,21
DA:29,14
DA:35,7
DA:46,2
DA:53,2
DA:60,2
DA:67,2
DA:77,29
DA:99,29
DA:100,352
DA:107,6
DA:109,1
DA:110,1
DA:116,5
DA:119,3
LF:17
LH:17
BRDA:17,0,0,1
BRDA:17,1,0,2
BRDA:28,2,0,14
BRDA:28,2,1,7
BRDA:45,3,0,1
BRDA:52,4,0,1
BRDA:59,5,0,1
BRDA:66,6,0,1
BRDA:99,7,0,29
BRDA:99,7,1,1
BRDA:106,8,0,2
BRDA:106,9,0,2
BRDA:107,10,0,1
BRDA:107,10,1,5
BRF:14
BRH:14
end_of_record
TN:
SF:backend/utils/pagination.js
FN:3,getPaginationParams
FNF:1
FNH:1
FNDA:14,getPaginationParams
DA:1,1
DA:4,14
DA:5,14
DA:7,14
DA:10,1
LF:5
LH:5
BRDA:4,0,0,14
BRDA:4,0,1,4
BRDA:5,1,0,14
BRDA:5,1,1,4
BRF:4
BRH:4
end_of_record
TN:
SF:backend/utils/validators.js
FN:11,(anonymous_0)
FN:40,(anonymous_1)
FN:56,(anonymous_2)
FNF:3
FNH:3
FNDA:20,(anonymous_0)
FNDA:14,(anonymous_1)
FNDA:7,(anonymous_2)
DA:11,4
DA:12,20
DA:14,20
DA:15,20
DA:18,20
DA:19,16
DA:20,4
DA:21,0
DA:25,20
DA:26,14
DA:27,6
DA:28,2
DA:31,18
DA:40,4
DA:41,14
DA:43,14
DA:44,8
DA:47,6
DA:56,4
DA:57,7
DA:58,2
DA:61,5
DA:62,2
DA:65,3
DA:66,1
DA:70,4
LF:26
LH:25
BRDA:11,0,0,6
BRDA:12,1,0,7
BRDA:12,2,0,7
BRDA:12,3,0,8
BRDA:12,4,0,20
BRDA:18,5,0,16
BRDA:18,5,1,4
BRDA:18,6,0,20
BRDA:18,6,1,6
BRDA:20,7,0,0
BRDA:20,7,1,4
BRDA:25,8,0,14
BRDA:25,8,1,6
BRDA:25,9,0,20
BRDA:25,9,1,7
BRDA:27,10,0,2
BRDA:27,10,1,4
BRDA:40,11,0,13
BRDA:43,12,0,8
BRDA:43,12,1,6
BRDA:43,13,0,14
BRDA:43,13,1,8
BRDA:43,13,2,6
BRDA:56,14,0,6
BRDA:57,15,0,2
BRDA:57,15,1,5
BRDA:61,16,0,2
BRDA:61,16,1,3
BRDA:65,17,0,1
BRDA:65,17,1,2
BRF:30
BRH:29
end_of_record
TN:
SF:backend/utils/withErrorHandling.js
FN:3,(anonymous_0)
FN:4,(anonymous_1)
FNF:2
FNH:2
FNDA:12,(anonymous_0)
FNDA:12,(anonymous_1)
DA:1,1
DA:3,1
DA:4,12
DA:5,12
DA:6,12
DA:8,4
DA:9,4
DA:14,1
LF:8
LH:8
BRF:0
BRH:0
end_of_record
