TN:
SF:backend/controllers/auth.controller.js
FN:10,(anonymous_0)
FN:38,(anonymous_1)
FN:92,(anonymous_2)
FN:115,(anonymous_3)
FNF:4
FNH:0
FNDA:0,(anonymous_0)
FNDA:0,(anonymous_1)
FNDA:0,(anonymous_2)
FNDA:0,(anonymous_3)
DA:6,0
DA:7,0
DA:10,0
DA:11,0
DA:12,0
DA:14,0
DA:15,0
DA:18,0
DA:20,0
DA:21,0
DA:24,0
DA:25,0
DA:32,0
DA:33,0
DA:38,0
DA:39,0
DA:40,0
DA:43,0
DA:44,0
DA:47,0
DA:48,0
DA:51,0
DA:52,0
DA:56,0
DA:57,0
DA:60,0
DA:61,0
DA:67,0
DA:68,0
DA:69,0
DA:70,0
DA:74,0
DA:76,0
DA:77,0
DA:80,0
DA:81,0
DA:86,0
DA:87,0
DA:92,0
DA:93,0
DA:94,0
DA:96,0
DA:97,0
DA:100,0
DA:102,0
DA:103,0
DA:106,0
DA:107,0
DA:109,0
DA:110,0
DA:115,0
DA:116,0
DA:117,0
DA:119,0
DA:120,0
DA:123,0
DA:125,0
DA:126,0
DA:129,0
DA:135,0
DA:136,0
DA:140,0
LF:62
LH:0
BRDA:14,0,0,0
BRDA:14,0,1,0
BRDA:14,1,0,0
BRDA:14,1,1,0
BRDA:20,2,0,0
BRDA:20,2,1,0
BRDA:43,3,0,0
BRDA:43,3,1,0
BRDA:43,4,0,0
BRDA:43,4,1,0
BRDA:47,5,0,0
BRDA:47,5,1,0
BRDA:51,6,0,0
BRDA:51,6,1,0
BRDA:56,7,0,0
BRDA:56,7,1,0
BRDA:60,8,0,0
BRDA:60,8,1,0
BRDA:67,9,0,0
BRDA:67,9,1,0
BRDA:69,10,0,0
BRDA:69,10,1,0
BRDA:76,11,0,0
BRDA:76,11,1,0
BRDA:96,12,0,0
BRDA:96,12,1,0
BRDA:102,13,0,0
BRDA:102,13,1,0
BRDA:119,14,0,0
BRDA:119,14,1,0
BRDA:125,15,0,0
BRDA:125,15,1,0
BRF:32
BRH:0
end_of_record
TN:
SF:backend/controllers/placement.controller.js
FN:13,(anonymous_0)
FN:41,(anonymous_1)
FN:79,(anonymous_2)
FN:102,(anonymous_3)
FN:121,(anonymous_4)
FN:186,(anonymous_5)
FN:187,(anonymous_6)
FN:261,(anonymous_7)
FN:301,(anonymous_8)
FN:313,(anonymous_9)
FN:331,(anonymous_10)
FN:419,(anonymous_11)
FN:475,(anonymous_12)
FN:517,(anonymous_13)
FN:552,(anonymous_14)
FN:568,(anonymous_15)
FNF:16
FNH:0
FNDA:0,(anonymous_0)
FNDA:0,(anonymous_1)
FNDA:0,(anonymous_2)
FNDA:0,(anonymous_3)
FNDA:0,(anonymous_4)
FNDA:0,(anonymous_5)
FNDA:0,(anonymous_6)
FNDA:0,(anonymous_7)
FNDA:0,(anonymous_8)
FNDA:0,(anonymous_9)
FNDA:0,(anonymous_10)
FNDA:0,(anonymous_11)
FNDA:0,(anonymous_12)
FNDA:0,(anonymous_13)
FNDA:0,(anonymous_14)
FNDA:0,(anonymous_15)
DA:6,0
DA:7,0
DA:8,0
DA:9,0
DA:10,0
DA:13,0
DA:14,0
DA:15,0
DA:21,0
DA:23,0
DA:28,0
DA:30,0
DA:32,0
DA:33,0
DA:36,0
DA:41,0
DA:42,0
DA:43,0
DA:44,0
DA:46,0
DA:47,0
DA:51,0
DA:52,0
DA:76,0
DA:77,0
DA:79,0
DA:80,0
DA:81,0
DA:82,0
DA:83,0
DA:87,0
DA:96,0
DA:97,0
DA:102,0
DA:103,0
DA:104,0
DA:105,0
DA:107,0
DA:109,0
DA:110,0
DA:113,0
DA:115,0
DA:116,0
DA:121,0
DA:122,0
DA:123,0
DA:126,0
DA:127,0
DA:132,0
DA:133,0
DA:138,0
DA:139,0
DA:145,0
DA:146,0
DA:147,0
DA:149,0
DA:150,0
DA:155,0
DA:156,0
DA:161,0
DA:162,0
DA:168,0
DA:169,0
DA:174,0
DA:175,0
DA:181,0
DA:186,0
DA:187,0
DA:189,0
DA:190,0
DA:198,0
DA:199,0
DA:201,0
DA:202,0
DA:203,0
DA:205,0
DA:206,0
DA:209,0
DA:210,0
DA:211,0
DA:212,0
DA:216,0
DA:217,0
DA:218,0
DA:219,0
DA:223,0
DA:224,0
DA:227,0
DA:228,0
DA:235,0
DA:237,0
DA:238,0
DA:242,0
DA:255,0
DA:256,0
DA:261,0
DA:262,0
DA:263,0
DA:264,0
DA:265,0
DA:268,0
DA:273,0
DA:276,0
DA:277,0
DA:278,0
DA:284,0
DA:286,0
DA:289,0
DA:290,0
DA:292,0
DA:293,0
DA:296,0
DA:301,0
DA:302,0
DA:303,0
DA:304,0
DA:305,0
DA:307,0
DA:308,0
DA:313,0
DA:314,0
DA:315,0
DA:316,0
DA:318,0
DA:319,0
DA:322,0
DA:323,0
DA:325,0
DA:326,0
DA:331,0
DA:332,0
DA:333,0
DA:336,0
DA:337,0
DA:342,0
DA:343,0
DA:348,0
DA:349,0
DA:355,0
DA:356,0
DA:357,0
DA:365,0
DA:368,0
DA:392,0
DA:393,0
DA:395,0
DA:403,0
DA:413,0
DA:414,0
DA:419,0
DA:420,0
DA:421,0
DA:423,0
DA:424,0
DA:425,0
DA:428,0
DA:431,0
DA:432,0
DA:435,0
DA:436,0
DA:437,0
DA:438,0
DA:440,0
DA:441,0
DA:442,0
DA:444,0
DA:445,0
DA:446,0
DA:447,0
DA:448,0
DA:449,0
DA:450,0
DA:451,0
DA:452,0
DA:453,0
DA:454,0
DA:457,0
DA:469,0
DA:470,0
DA:475,0
DA:476,0
DA:477,0
DA:479,0
DA:480,0
DA:481,0
DA:484,0
DA:487,0
DA:488,0
DA:491,0
DA:493,0
DA:494,0
DA:497,0
DA:498,0
DA:502,0
DA:504,0
DA:506,0
DA:511,0
DA:512,0
DA:517,0
DA:518,0
DA:519,0
DA:520,0
DA:522,0
DA:523,0
DA:526,0
DA:527,0
DA:529,0
DA:531,0
DA:533,0
DA:534,0
DA:536,0
DA:537,0
DA:539,0
DA:540,0
DA:543,0
DA:552,0
DA:553,0
DA:554,0
DA:555,0
DA:556,0
DA:559,0
DA:560,0
DA:563,0
DA:564,0
DA:568,0
DA:569,0
DA:570,0
DA:573,0
DA:579,0
DA:580,0
DA:582,0
DA:595,0
DA:596,0
DA:600,0
LF:234
LH:0
BRDA:32,0,0,0
BRDA:32,0,1,0
BRDA:32,1,0,0
BRDA:32,1,1,0
BRDA:46,2,0,0
BRDA:46,2,1,0
BRDA:80,3,0,0
BRDA:80,3,1,0
BRDA:81,4,0,0
BRDA:81,4,1,0
BRDA:109,5,0,0
BRDA:109,5,1,0
BRDA:123,6,0,0
BRDA:123,7,0,0
BRDA:123,8,0,0
BRDA:126,9,0,0
BRDA:126,9,1,0
BRDA:126,10,0,0
BRDA:126,10,1,0
BRDA:126,10,2,0
BRDA:126,10,3,0
BRDA:132,11,0,0
BRDA:132,11,1,0
BRDA:132,12,0,0
BRDA:132,12,1,0
BRDA:138,13,0,0
BRDA:138,13,1,0
BRDA:138,14,0,0
BRDA:138,14,1,0
BRDA:149,15,0,0
BRDA:149,15,1,0
BRDA:155,16,0,0
BRDA:155,16,1,0
BRDA:161,17,0,0
BRDA:161,17,1,0
BRDA:174,18,0,0
BRDA:174,18,1,0
BRDA:189,19,0,0
BRDA:189,19,1,0
BRDA:210,20,0,0
BRDA:210,20,1,0
BRDA:217,21,0,0
BRDA:217,21,1,0
BRDA:223,22,0,0
BRDA:223,22,1,0
BRDA:223,23,0,0
BRDA:223,23,1,0
BRDA:252,24,0,0
BRDA:252,24,1,0
BRDA:277,25,0,0
BRDA:277,25,1,0
BRDA:289,26,0,0
BRDA:289,26,1,0
BRDA:292,27,0,0
BRDA:292,27,1,0
BRDA:318,28,0,0
BRDA:318,28,1,0
BRDA:333,29,0,0
BRDA:333,30,0,0
BRDA:333,31,0,0
BRDA:336,32,0,0
BRDA:336,32,1,0
BRDA:336,33,0,0
BRDA:336,33,1,0
BRDA:336,33,2,0
BRDA:336,33,3,0
BRDA:342,34,0,0
BRDA:342,34,1,0
BRDA:342,35,0,0
BRDA:342,35,1,0
BRDA:348,36,0,0
BRDA:348,36,1,0
BRDA:348,37,0,0
BRDA:348,37,1,0
BRDA:356,38,0,0
BRDA:356,38,1,0
BRDA:408,39,0,0
BRDA:408,39,1,0
BRDA:424,40,0,0
BRDA:424,40,1,0
BRDA:431,41,0,0
BRDA:431,41,1,0
BRDA:431,42,0,0
BRDA:431,42,1,0
BRDA:444,43,0,0
BRDA:444,43,1,0
BRDA:446,44,0,0
BRDA:446,44,1,0
BRDA:447,45,0,0
BRDA:447,45,1,0
BRDA:448,46,0,0
BRDA:448,46,1,0
BRDA:451,47,0,0
BRDA:451,47,1,0
BRDA:453,48,0,0
BRDA:453,48,1,0
BRDA:453,49,0,0
BRDA:453,49,1,0
BRDA:460,50,0,0
BRDA:460,50,1,0
BRDA:461,51,0,0
BRDA:461,51,1,0
BRDA:462,52,0,0
BRDA:462,52,1,0
BRDA:463,53,0,0
BRDA:463,53,1,0
BRDA:480,54,0,0
BRDA:480,54,1,0
BRDA:487,55,0,0
BRDA:487,55,1,0
BRDA:487,56,0,0
BRDA:487,56,1,0
BRDA:493,57,0,0
BRDA:493,57,1,0
BRDA:497,58,0,0
BRDA:497,58,1,0
BRDA:522,59,0,0
BRDA:522,59,1,0
BRDA:533,60,0,0
BRDA:533,60,1,0
BRDA:536,61,0,0
BRDA:536,61,1,0
BRDA:539,62,0,0
BRDA:539,62,1,0
BRDA:559,63,0,0
BRDA:559,63,1,0
BRDA:559,64,0,0
BRDA:559,64,1,0
BRDA:559,64,2,0
BRDA:563,65,0,0
BRDA:563,65,1,0
BRDA:568,66,0,0
BRDA:568,66,1,0
BRDA:569,67,0,0
BRDA:569,67,1,0
BRF:135
BRH:0
end_of_record
TN:
SF:backend/controllers/project.controller.js
FN:12,(anonymous_0)
FN:39,(anonymous_1)
FN:58,(anonymous_2)
FN:103,(anonymous_3)
FN:141,(anonymous_4)
FN:160,(anonymous_5)
FN:178,(anonymous_6)
FN:223,(anonymous_7)
FN:247,(anonymous_8)
FN:295,(anonymous_9)
FN:308,(anonymous_10)
FN:337,(anonymous_11)
FN:355,(anonymous_12)
FN:402,(anonymous_13)
FN:442,(anonymous_14)
FN:455,(anonymous_15)
FNF:16
FNH:0
FNDA:0,(anonymous_0)
FNDA:0,(anonymous_1)
FNDA:0,(anonymous_2)
FNDA:0,(anonymous_3)
FNDA:0,(anonymous_4)
FNDA:0,(anonymous_5)
FNDA:0,(anonymous_6)
FNDA:0,(anonymous_7)
FNDA:0,(anonymous_8)
FNDA:0,(anonymous_9)
FNDA:0,(anonymous_10)
FNDA:0,(anonymous_11)
FNDA:0,(anonymous_12)
FNDA:0,(anonymous_13)
FNDA:0,(anonymous_14)
FNDA:0,(anonymous_15)
DA:6,0
DA:7,0
DA:8,0
DA:9,0
DA:12,0
DA:13,0
DA:14,0
DA:20,0
DA:22,0
DA:24,0
DA:27,0
DA:31,0
DA:32,0
DA:34,0
DA:39,0
DA:40,0
DA:41,0
DA:42,0
DA:44,0
DA:46,0
DA:47,0
DA:50,0
DA:52,0
DA:53,0
DA:58,0
DA:59,0
DA:60,0
DA:62,0
DA:63,0
DA:66,0
DA:67,0
DA:70,0
DA:71,0
DA:75,0
DA:76,0
DA:77,0
DA:78,0
DA:81,0
DA:82,0
DA:84,0
DA:88,0
DA:95,0
DA:97,0
DA:98,0
DA:103,0
DA:104,0
DA:105,0
DA:106,0
DA:107,0
DA:110,0
DA:111,0
DA:112,0
DA:113,0
DA:116,0
DA:117,0
DA:119,0
DA:123,0
DA:129,0
DA:130,0
DA:133,0
DA:135,0
DA:136,0
DA:141,0
DA:142,0
DA:143,0
DA:144,0
DA:146,0
DA:148,0
DA:149,0
DA:152,0
DA:154,0
DA:155,0
DA:160,0
DA:161,0
DA:162,0
DA:163,0
DA:165,0
DA:167,0
DA:168,0
DA:171,0
DA:173,0
DA:174,0
DA:178,0
DA:179,0
DA:180,0
DA:181,0
DA:182,0
DA:184,0
DA:185,0
DA:189,0
DA:190,0
DA:191,0
DA:193,0
DA:194,0
DA:196,0
DA:197,0
DA:201,0
DA:209,0
DA:210,0
DA:213,0
DA:216,0
DA:217,0
DA:219,0
DA:223,0
DA:224,0
DA:225,0
DA:226,0
DA:227,0
DA:228,0
DA:230,0
DA:236,0
DA:237,0
DA:240,0
DA:242,0
DA:243,0
DA:247,0
DA:248,0
DA:249,0
DA:250,0
DA:251,0
DA:254,0
DA:255,0
DA:256,0
DA:257,0
DA:258,0
DA:262,0
DA:263,0
DA:271,0
DA:273,0
DA:274,0
DA:278,0
DA:280,0
DA:281,0
DA:284,0
DA:291,0
DA:295,0
DA:296,0
DA:297,0
DA:298,0
DA:299,0
DA:302,0
DA:303,0
DA:307,0
DA:308,0
DA:310,0
DA:311,0
DA:316,0
DA:317,0
DA:323,0
DA:325,0
DA:326,0
DA:329,0
DA:331,0
DA:332,0
DA:337,0
DA:338,0
DA:339,0
DA:340,0
DA:342,0
DA:344,0
DA:345,0
DA:348,0
DA:350,0
DA:351,0
DA:355,0
DA:356,0
DA:357,0
DA:358,0
DA:369,0
DA:371,0
DA:372,0
DA:375,0
DA:376,0
DA:379,0
DA:391,0
DA:392,0
DA:395,0
DA:397,0
DA:398,0
DA:402,0
DA:403,0
DA:404,0
DA:405,0
DA:406,0
DA:417,0
DA:419,0
DA:431,0
DA:432,0
DA:435,0
DA:437,0
DA:438,0
DA:442,0
DA:443,0
DA:444,0
DA:445,0
DA:446,0
DA:449,0
DA:450,0
DA:454,0
DA:455,0
DA:457,0
DA:458,0
DA:463,0
DA:464,0
DA:470,0
DA:472,0
DA:473,0
DA:476,0
DA:478,0
DA:479,0
DA:483,0
LF:211
LH:0
BRDA:22,0,0,0
BRDA:22,0,1,0
BRDA:22,1,0,0
BRDA:22,1,1,0
BRDA:27,2,0,0
BRDA:27,2,1,0
BRDA:31,3,0,0
BRDA:31,3,1,0
BRDA:31,4,0,0
BRDA:31,4,1,0
BRDA:46,5,0,0
BRDA:46,5,1,0
BRDA:62,6,0,0
BRDA:62,6,1,0
BRDA:62,7,0,0
BRDA:62,7,1,0
BRDA:62,7,2,0
BRDA:66,8,0,0
BRDA:66,8,1,0
BRDA:70,9,0,0
BRDA:70,9,1,0
BRDA:70,10,0,0
BRDA:70,10,1,0
BRDA:75,11,0,0
BRDA:75,11,1,0
BRDA:75,12,0,0
BRDA:75,12,1,0
BRDA:77,13,0,0
BRDA:77,13,1,0
BRDA:90,14,0,0
BRDA:90,14,1,0
BRDA:91,15,0,0
BRDA:91,15,1,0
BRDA:110,16,0,0
BRDA:110,16,1,0
BRDA:110,17,0,0
BRDA:110,17,1,0
BRDA:112,18,0,0
BRDA:112,18,1,0
BRDA:126,19,0,0
BRDA:126,19,1,0
BRDA:129,20,0,0
BRDA:129,20,1,0
BRDA:148,21,0,0
BRDA:148,21,1,0
BRDA:167,22,0,0
BRDA:167,22,1,0
BRDA:184,23,0,0
BRDA:184,23,1,0
BRDA:184,24,0,0
BRDA:184,24,1,0
BRDA:184,24,2,0
BRDA:189,25,0,0
BRDA:189,25,1,0
BRDA:190,26,0,0
BRDA:190,26,1,0
BRDA:193,27,0,0
BRDA:193,27,1,0
BRDA:196,28,0,0
BRDA:196,28,1,0
BRDA:205,29,0,0
BRDA:205,29,1,0
BRDA:209,30,0,0
BRDA:209,30,1,0
BRDA:216,31,0,0
BRDA:216,31,1,0
BRDA:216,32,0,0
BRDA:216,32,1,0
BRDA:236,33,0,0
BRDA:236,33,1,0
BRDA:254,34,0,0
BRDA:254,34,1,0
BRDA:256,35,0,0
BRDA:256,35,1,0
BRDA:257,36,0,0
BRDA:257,36,1,0
BRDA:257,37,0,0
BRDA:257,37,1,0
BRDA:262,38,0,0
BRDA:262,38,1,0
BRDA:273,39,0,0
BRDA:273,39,1,0
BRDA:280,40,0,0
BRDA:280,40,1,0
BRDA:281,41,0,0
BRDA:281,41,1,0
BRDA:302,42,0,0
BRDA:302,42,1,0
BRDA:302,43,0,0
BRDA:302,43,1,0
BRDA:310,44,0,0
BRDA:310,44,1,0
BRDA:316,45,0,0
BRDA:316,45,1,0
BRDA:316,46,0,0
BRDA:316,46,1,0
BRDA:325,47,0,0
BRDA:325,47,1,0
BRDA:344,48,0,0
BRDA:344,48,1,0
BRDA:371,49,0,0
BRDA:371,49,1,0
BRDA:371,50,0,0
BRDA:371,50,1,0
BRDA:371,50,2,0
BRDA:375,51,0,0
BRDA:375,51,1,0
BRDA:375,52,0,0
BRDA:375,52,1,0
BRDA:375,52,2,0
BRDA:391,53,0,0
BRDA:391,53,1,0
BRDA:431,54,0,0
BRDA:431,54,1,0
BRDA:449,55,0,0
BRDA:449,55,1,0
BRDA:449,56,0,0
BRDA:449,56,1,0
BRDA:457,57,0,0
BRDA:457,57,1,0
BRDA:463,58,0,0
BRDA:463,58,1,0
BRDA:463,59,0,0
BRDA:463,59,1,0
BRDA:472,60,0,0
BRDA:472,60,1,0
BRF:126
BRH:0
end_of_record
TN:
SF:backend/controllers/site.controller.js
FN:11,(anonymous_0)
FN:35,(anonymous_1)
FN:54,(anonymous_2)
FN:166,(anonymous_3)
FN:248,(anonymous_4)
FN:277,(anonymous_5)
FN:291,(anonymous_6)
FN:308,(anonymous_7)
FN:334,(anonymous_8)
FN:397,(anonymous_9)
FN:410,(anonymous_10)
FNF:11
FNH:0
FNDA:0,(anonymous_0)
FNDA:0,(anonymous_1)
FNDA:0,(anonymous_2)
FNDA:0,(anonymous_3)
FNDA:0,(anonymous_4)
FNDA:0,(anonymous_5)
FNDA:0,(anonymous_6)
FNDA:0,(anonymous_7)
FNDA:0,(anonymous_8)
FNDA:0,(anonymous_9)
FNDA:0,(anonymous_10)
DA:6,0
DA:7,0
DA:8,0
DA:11,0
DA:12,0
DA:13,0
DA:18,0
DA:20,0
DA:22,0
DA:24,0
DA:26,0
DA:27,0
DA:30,0
DA:35,0
DA:36,0
DA:37,0
DA:38,0
DA:40,0
DA:42,0
DA:43,0
DA:46,0
DA:48,0
DA:49,0
DA:54,0
DA:55,0
DA:64,0
DA:65,0
DA:68,0
DA:69,0
DA:73,0
DA:74,0
DA:78,0
DA:79,0
DA:80,0
DA:84,0
DA:85,0
DA:86,0
DA:89,0
DA:90,0
DA:94,0
DA:95,0
DA:96,0
DA:97,0
DA:99,0
DA:105,0
DA:109,0
DA:113,0
DA:114,0
DA:118,0
DA:119,0
DA:123,0
DA:124,0
DA:127,0
DA:128,0
DA:132,0
DA:133,0
DA:137,0
DA:138,0
DA:142,0
DA:143,0
DA:146,0
DA:158,0
DA:160,0
DA:161,0
DA:166,0
DA:167,0
DA:168,0
DA:169,0
DA:179,0
DA:180,0
DA:183,0
DA:184,0
DA:188,0
DA:189,0
DA:190,0
DA:191,0
DA:196,0
DA:197,0
DA:201,0
DA:202,0
DA:205,0
DA:206,0
DA:210,0
DA:211,0
DA:215,0
DA:216,0
DA:220,0
DA:221,0
DA:224,0
DA:236,0
DA:237,0
DA:240,0
DA:242,0
DA:243,0
DA:248,0
DA:249,0
DA:250,0
DA:251,0
DA:253,0
DA:255,0
DA:256,0
DA:260,0
DA:271,0
DA:272,0
DA:277,0
DA:278,0
DA:279,0
DA:281,0
DA:283,0
DA:285,0
DA:286,0
DA:291,0
DA:292,0
DA:293,0
DA:294,0
DA:296,0
DA:298,0
DA:299,0
DA:308,0
DA:309,0
DA:310,0
DA:311,0
DA:313,0
DA:319,0
DA:328,0
DA:329,0
DA:334,0
DA:335,0
DA:336,0
DA:339,0
DA:340,0
DA:343,0
DA:344,0
DA:347,0
DA:348,0
DA:352,0
DA:353,0
DA:354,0
DA:358,0
DA:359,0
DA:360,0
DA:367,0
DA:377,0
DA:379,0
DA:385,0
DA:391,0
DA:392,0
DA:397,0
DA:398,0
DA:399,0
DA:400,0
DA:402,0
DA:404,0
DA:405,0
DA:410,0
DA:411,0
DA:412,0
DA:413,0
DA:415,0
DA:416,0
DA:419,0
DA:421,0
DA:422,0
DA:425,0
DA:427,0
DA:428,0
DA:432,0
LF:167
LH:0
BRDA:26,0,0,0
BRDA:26,0,1,0
BRDA:26,1,0,0
BRDA:26,1,1,0
BRDA:42,2,0,0
BRDA:42,2,1,0
BRDA:68,3,0,0
BRDA:68,3,1,0
BRDA:68,4,0,0
BRDA:68,4,1,0
BRDA:73,5,0,0
BRDA:73,5,1,0
BRDA:73,6,0,0
BRDA:73,6,1,0
BRDA:73,6,2,0
BRDA:79,7,0,0
BRDA:79,7,1,0
BRDA:89,8,0,0
BRDA:89,8,1,0
BRDA:89,9,0,0
BRDA:89,9,1,0
BRDA:89,9,2,0
BRDA:96,10,0,0
BRDA:96,10,1,0
BRDA:99,11,0,0
BRDA:99,11,1,0
BRDA:100,12,0,0
BRDA:100,12,1,0
BRDA:100,12,2,0
BRDA:100,12,3,0
BRDA:100,12,4,0
BRDA:100,12,5,0
BRDA:100,12,6,0
BRDA:100,12,7,0
BRDA:113,13,0,0
BRDA:113,13,1,0
BRDA:113,14,0,0
BRDA:113,14,1,0
BRDA:118,15,0,0
BRDA:118,15,1,0
BRDA:118,16,0,0
BRDA:118,16,1,0
BRDA:118,16,2,0
BRDA:123,17,0,0
BRDA:123,17,1,0
BRDA:123,18,0,0
BRDA:123,18,1,0
BRDA:123,18,2,0
BRDA:127,19,0,0
BRDA:127,19,1,0
BRDA:127,20,0,0
BRDA:127,20,1,0
BRDA:127,20,2,0
BRDA:132,21,0,0
BRDA:132,21,1,0
BRDA:132,22,0,0
BRDA:132,22,1,0
BRDA:137,23,0,0
BRDA:137,23,1,0
BRDA:137,24,0,0
BRDA:137,24,1,0
BRDA:142,25,0,0
BRDA:142,25,1,0
BRDA:142,26,0,0
BRDA:142,26,1,0
BRDA:183,27,0,0
BRDA:183,27,1,0
BRDA:183,28,0,0
BRDA:183,28,1,0
BRDA:188,29,0,0
BRDA:188,29,1,0
BRDA:190,30,0,0
BRDA:190,30,1,0
BRDA:196,31,0,0
BRDA:196,31,1,0
BRDA:196,32,0,0
BRDA:196,32,1,0
BRDA:201,33,0,0
BRDA:201,33,1,0
BRDA:201,34,0,0
BRDA:201,34,1,0
BRDA:201,34,2,0
BRDA:205,35,0,0
BRDA:205,35,1,0
BRDA:205,36,0,0
BRDA:205,36,1,0
BRDA:205,36,2,0
BRDA:210,37,0,0
BRDA:210,37,1,0
BRDA:210,38,0,0
BRDA:210,38,1,0
BRDA:215,39,0,0
BRDA:215,39,1,0
BRDA:215,40,0,0
BRDA:215,40,1,0
BRDA:220,41,0,0
BRDA:220,41,1,0
BRDA:220,42,0,0
BRDA:220,42,1,0
BRDA:236,43,0,0
BRDA:236,43,1,0
BRDA:255,44,0,0
BRDA:255,44,1,0
BRDA:256,45,0,0
BRDA:256,45,1,0
BRDA:315,46,0,0
BRDA:315,46,1,0
BRDA:339,47,0,0
BRDA:339,47,1,0
BRDA:339,48,0,0
BRDA:339,48,1,0
BRDA:343,49,0,0
BRDA:343,49,1,0
BRDA:343,50,0,0
BRDA:343,50,1,0
BRDA:343,50,2,0
BRDA:347,51,0,0
BRDA:347,51,1,0
BRDA:347,52,0,0
BRDA:347,52,1,0
BRDA:353,53,0,0
BRDA:353,53,1,0
BRDA:359,54,0,0
BRDA:359,54,1,0
BRDA:415,55,0,0
BRDA:415,55,1,0
BRDA:421,56,0,0
BRDA:421,56,1,0
BRF:128
BRH:0
end_of_record
TN:
SF:backend/controllers/wordpress.controller.js
FN:10,(anonymous_0)
FN:30,(anonymous_1)
FN:73,(anonymous_2)
FN:115,(anonymous_3)
FNF:4
FNH:0
FNDA:0,(anonymous_0)
FNDA:0,(anonymous_1)
FNDA:0,(anonymous_2)
FNDA:0,(anonymous_3)
DA:6,0
DA:7,0
DA:10,0
DA:11,0
DA:13,0
DA:15,0
DA:16,0
DA:21,0
DA:23,0
DA:25,0
DA:30,0
DA:31,0
DA:32,0
DA:33,0
DA:36,0
DA:37,0
DA:43,0
DA:44,0
DA:45,0
DA:49,0
DA:50,0
DA:51,0
DA:55,0
DA:62,0
DA:63,0
DA:66,0
DA:68,0
DA:73,0
DA:74,0
DA:76,0
DA:78,0
DA:79,0
DA:85,0
DA:87,0
DA:88,0
DA:95,0
DA:96,0
DA:98,0
DA:110,0
DA:115,0
DA:116,0
DA:119,0
DA:124,0
DA:128,0
LF:44
LH:0
BRDA:13,0,0,0
BRDA:13,0,1,0
BRDA:15,1,0,0
BRDA:15,1,1,0
BRDA:36,2,0,0
BRDA:36,2,1,0
BRDA:36,3,0,0
BRDA:36,3,1,0
BRDA:44,4,0,0
BRDA:44,4,1,0
BRDA:50,5,0,0
BRDA:50,5,1,0
BRDA:58,6,0,0
BRDA:58,6,1,0
BRDA:62,7,0,0
BRDA:62,7,1,0
BRDA:62,8,0,0
BRDA:62,8,1,0
BRDA:76,9,0,0
BRDA:76,9,1,0
BRDA:78,10,0,0
BRDA:78,10,1,0
BRDA:87,11,0,0
BRDA:87,11,1,0
BRF:24
BRH:0
end_of_record
TN:
SF:backend/services/admin.service.js
FN:17,(anonymous_0)
FN:97,(anonymous_1)
FN:148,(anonymous_2)
FN:225,(anonymous_3)
FN:318,(anonymous_4)
FN:357,(anonymous_5)
FN:431,(anonymous_6)
FN:436,(anonymous_7)
FN:460,(anonymous_8)
FN:521,(anonymous_9)
FN:522,(anonymous_10)
FN:638,(anonymous_11)
FN:704,(anonymous_12)
FN:719,(anonymous_13)
FN:809,(anonymous_14)
FN:845,(anonymous_15)
FN:982,(anonymous_16)
FN:1039,(anonymous_17)
FNF:18
FNH:14
FNDA:7,(anonymous_0)
FNDA:4,(anonymous_1)
FNDA:5,(anonymous_2)
FNDA:11,(anonymous_3)
FNDA:2,(anonymous_4)
FNDA:3,(anonymous_5)
FNDA:0,(anonymous_6)
FNDA:0,(anonymous_7)
FNDA:6,(anonymous_8)
FNDA:1,(anonymous_9)
FNDA:0,(anonymous_10)
FNDA:5,(anonymous_11)
FNDA:1,(anonymous_12)
FNDA:4,(anonymous_13)
FNDA:0,(anonymous_14)
FNDA:5,(anonymous_15)
FNDA:8,(anonymous_16)
FNDA:3,(anonymous_17)
DA:6,1
DA:7,1
DA:8,1
DA:11,1
DA:17,1
DA:18,7
DA:20,7
DA:21,7
DA:24,7
DA:38,6
DA:54,6
DA:66,6
DA:89,1
DA:90,1
DA:97,1
DA:98,4
DA:99,4
DA:100,4
DA:102,1
DA:103,1
DA:105,1
DA:106,1
DA:108,1
DA:109,1
DA:111,1
DA:112,1
DA:114,0
DA:117,4
DA:133,4
DA:135,0
DA:141,0
DA:148,1
DA:149,5
DA:150,5
DA:151,5
DA:152,5
DA:154,5
DA:155,1
DA:156,1
DA:159,5
DA:160,1
DA:161,1
DA:165,5
DA:192,4
DA:201,4
DA:202,4
DA:204,4
DA:216,1
DA:217,1
DA:225,1
DA:226,11
DA:228,11
DA:229,11
DA:232,11
DA:233,11
DA:234,2
DA:238,9
DA:240,7
DA:241,7
DA:242,1
DA:246,6
DA:248,6
DA:249,1
DA:253,5
DA:256,5
DA:274,5
DA:283,5
DA:295,5
DA:298,5
DA:300,5
DA:302,6
DA:303,6
DA:309,6
DA:311,11
DA:318,1
DA:319,2
DA:321,2
DA:323,2
DA:347,2
DA:349,0
DA:350,0
DA:357,1
DA:361,3
DA:362,3
DA:363,3
DA:364,3
DA:366,3
DA:367,1
DA:368,1
DA:371,3
DA:372,1
DA:373,1
DA:376,3
DA:397,3
DA:407,3
DA:408,3
DA:410,3
DA:422,0
DA:423,0
DA:431,1
DA:432,0
DA:433,0
DA:436,0
DA:439,0
DA:446,0
DA:447,0
DA:460,1
DA:461,6
DA:463,6
DA:464,6
DA:467,6
DA:468,6
DA:469,2
DA:473,4
DA:499,4
DA:500,1
DA:501,1
DA:504,3
DA:505,3
DA:507,3
DA:508,1
DA:509,1
DA:513,2
DA:514,2
DA:515,1
DA:516,1
DA:517,1
DA:519,1
DA:521,1
DA:522,1
DA:526,1
DA:535,1
DA:537,1
DA:538,1
DA:545,0
DA:556,2
DA:558,2
DA:559,0
DA:560,0
DA:564,2
DA:567,2
DA:591,2
DA:594,2
DA:597,2
DA:598,2
DA:599,2
DA:600,2
DA:602,2
DA:613,2
DA:622,4
DA:623,4
DA:628,4
DA:630,6
DA:638,1
DA:639,5
DA:641,5
DA:642,5
DA:643,5
DA:645,5
DA:678,5
DA:681,5
DA:682,5
DA:684,5
DA:696,0
DA:697,0
DA:704,1
DA:705,1
DA:706,1
DA:709,1
DA:711,0
DA:712,0
DA:719,1
DA:720,4
DA:722,4
DA:723,4
DA:726,4
DA:737,4
DA:738,1
DA:741,3
DA:743,3
DA:744,1
DA:748,2
DA:749,2
DA:753,1
DA:757,2
DA:767,2
DA:784,2
DA:796,2
DA:799,2
DA:800,1
DA:807,1
DA:809,1
DA:810,0
DA:819,2
DA:820,2
DA:821,2
DA:822,2
DA:824,2
DA:831,2
DA:833,2
DA:834,2
DA:835,2
DA:837,4
DA:845,1
DA:846,5
DA:848,5
DA:849,5
DA:852,5
DA:853,5
DA:854,2
DA:858,3
DA:870,3
DA:871,0
DA:874,3
DA:876,3
DA:877,1
DA:880,2
DA:884,2
DA:885,1
DA:889,2
DA:899,2
DA:902,2
DA:903,2
DA:908,0
DA:915,2
DA:933,2
DA:945,2
DA:948,2
DA:949,2
DA:950,2
DA:951,2
DA:953,2
DA:961,2
DA:967,3
DA:968,3
DA:969,3
DA:971,5
DA:982,1
DA:983,8
DA:985,8
DA:986,8
DA:987,2
DA:991,6
DA:999,6
DA:1000,1
DA:1003,5
DA:1006,5
DA:1022,5
DA:1029,5
DA:1031,3
DA:1032,3
DA:1039,1
DA:1040,3
DA:1041,3
DA:1042,3
DA:1043,3
DA:1045,3
DA:1046,1
DA:1047,1
DA:1050,3
DA:1051,1
DA:1052,1
DA:1055,3
DA:1071,3
DA:1080,3
DA:1081,3
DA:1083,3
DA:1095,0
DA:1096,0
DA:1100,1
LF:270
LH:245
BRDA:17,0,0,0
BRDA:21,1,0,7
BRDA:21,1,1,1
BRDA:69,2,0,6
BRDA:69,2,1,1
BRDA:72,3,0,6
BRDA:72,3,1,1
BRDA:84,4,0,6
BRDA:84,4,1,1
BRDA:85,5,0,6
BRDA:85,5,1,1
BRDA:97,6,0,0
BRDA:100,7,0,1
BRDA:100,7,1,1
BRDA:100,7,2,1
BRDA:100,7,3,1
BRDA:100,7,4,0
BRDA:130,8,0,4
BRDA:130,8,1,0
BRDA:130,9,0,4
BRDA:130,9,1,0
BRDA:148,10,0,3
BRDA:148,11,0,3
BRDA:148,12,0,4
BRDA:148,13,0,4
BRDA:154,14,0,1
BRDA:154,14,1,4
BRDA:159,15,0,1
BRDA:159,15,1,4
BRDA:233,16,0,2
BRDA:233,16,1,9
BRDA:233,17,0,11
BRDA:233,17,1,10
BRDA:241,18,0,1
BRDA:241,18,1,6
BRDA:248,19,0,1
BRDA:248,19,1,5
BRDA:268,20,0,5
BRDA:268,20,1,0
BRDA:318,21,0,1
BRDA:321,22,0,2
BRDA:321,22,1,0
BRDA:359,23,0,2
BRDA:359,24,0,2
BRDA:359,25,0,2
BRDA:359,26,0,2
BRDA:366,27,0,1
BRDA:366,27,1,2
BRDA:371,28,0,1
BRDA:371,28,1,2
BRDA:460,29,0,0
BRDA:468,30,0,2
BRDA:468,30,1,4
BRDA:468,31,0,6
BRDA:468,31,1,5
BRDA:499,32,0,1
BRDA:499,32,1,3
BRDA:505,33,0,3
BRDA:505,33,1,0
BRDA:507,34,0,1
BRDA:507,34,1,2
BRDA:514,35,0,1
BRDA:514,35,1,1
BRDA:514,36,0,2
BRDA:514,36,1,1
BRDA:514,36,2,1
BRDA:515,37,0,1
BRDA:515,37,1,0
BRDA:515,38,0,1
BRDA:515,38,1,1
BRDA:537,39,0,1
BRDA:537,39,1,0
BRDA:558,40,0,0
BRDA:558,40,1,2
BRDA:638,41,0,2
BRDA:638,42,0,3
BRDA:638,43,0,2
BRDA:641,44,0,5
BRDA:641,44,1,0
BRDA:642,45,0,5
BRDA:642,45,1,0
BRDA:737,46,0,1
BRDA:737,46,1,3
BRDA:743,47,0,1
BRDA:743,47,1,2
BRDA:749,48,0,1
BRDA:749,48,1,1
BRDA:750,49,0,2
BRDA:750,49,1,1
BRDA:799,50,0,1
BRDA:799,50,1,1
BRDA:845,51,0,0
BRDA:853,52,0,2
BRDA:853,52,1,3
BRDA:853,53,0,5
BRDA:853,53,1,4
BRDA:870,54,0,0
BRDA:870,54,1,3
BRDA:876,55,0,1
BRDA:876,55,1,2
BRDA:880,56,0,2
BRDA:880,56,1,0
BRDA:884,57,0,1
BRDA:884,57,1,1
BRDA:902,58,0,2
BRDA:902,58,1,0
BRDA:986,59,0,2
BRDA:986,59,1,6
BRDA:986,60,0,8
BRDA:986,60,1,7
BRDA:999,61,0,1
BRDA:999,61,1,5
BRDA:1039,62,0,2
BRDA:1039,63,0,2
BRDA:1039,64,0,2
BRDA:1039,65,0,2
BRDA:1045,66,0,1
BRDA:1045,66,1,2
BRDA:1050,67,0,1
BRDA:1050,67,1,2
BRF:120
BRH:102
end_of_record
TN:
SF:backend/services/auth.service.js
FN:45,(anonymous_0)
FN:166,(anonymous_1)
FN:233,(anonymous_2)
FN:269,(anonymous_3)
FNF:4
FNH:0
FNDA:0,(anonymous_0)
FNDA:0,(anonymous_1)
FNDA:0,(anonymous_2)
FNDA:0,(anonymous_3)
DA:6,0
DA:7,0
DA:8,0
DA:9,0
DA:10,0
DA:13,0
DA:14,0
DA:15,0
DA:21,0
DA:22,0
DA:23,0
DA:29,0
DA:38,0
DA:39,0
DA:40,0
DA:41,0
DA:45,0
DA:46,0
DA:47,0
DA:51,0
DA:55,0
DA:56,0
DA:57,0
DA:60,0
DA:61,0
DA:68,0
DA:69,0
DA:70,0
DA:72,0
DA:73,0
DA:74,0
DA:80,0
DA:88,0
DA:90,0
DA:92,0
DA:94,0
DA:95,0
DA:100,0
DA:102,0
DA:108,0
DA:113,0
DA:114,0
DA:122,0
DA:127,0
DA:134,0
DA:137,0
DA:141,0
DA:143,0
DA:145,0
DA:157,0
DA:158,0
DA:166,0
DA:167,0
DA:169,0
DA:171,0
DA:172,0
DA:179,0
DA:180,0
DA:182,0
DA:183,0
DA:191,0
DA:192,0
DA:195,0
DA:198,0
DA:205,0
DA:207,0
DA:212,0
DA:224,0
DA:225,0
DA:233,0
DA:234,0
DA:235,0
DA:239,0
DA:240,0
DA:246,0
DA:249,0
DA:253,0
DA:255,0
DA:260,0
DA:261,0
DA:269,0
DA:270,0
DA:272,0
DA:275,0
DA:276,0
DA:283,0
DA:288,0
DA:289,0
DA:295,0
DA:298,0
DA:299,0
DA:306,0
DA:312,0
DA:314,0
DA:316,0
DA:327,0
DA:328,0
DA:333,0
DA:334,0
DA:339,0
DA:340,0
DA:347,0
LF:102
LH:0
BRDA:13,0,0,0
BRDA:13,0,1,0
BRDA:21,1,0,0
BRDA:21,1,1,0
BRDA:39,2,0,0
BRDA:39,2,1,0
BRDA:56,3,0,0
BRDA:56,3,1,0
BRDA:60,4,0,0
BRDA:60,4,1,0
BRDA:68,5,0,0
BRDA:68,5,1,0
BRDA:72,6,0,0
BRDA:72,6,1,0
BRDA:88,7,0,0
BRDA:88,7,1,0
BRDA:90,8,0,0
BRDA:90,8,1,0
BRDA:92,9,0,0
BRDA:92,9,1,0
BRDA:171,10,0,0
BRDA:171,10,1,0
BRDA:179,11,0,0
BRDA:179,11,1,0
BRDA:182,12,0,0
BRDA:182,12,1,0
BRDA:191,13,0,0
BRDA:191,13,1,0
BRDA:239,14,0,0
BRDA:239,14,1,0
BRDA:275,15,0,0
BRDA:275,15,1,0
BRDA:288,16,0,0
BRDA:288,16,1,0
BRDA:298,17,0,0
BRDA:298,17,1,0
BRDA:298,18,0,0
BRDA:298,18,1,0
BRDA:327,19,0,0
BRDA:327,19,1,0
BRDA:333,20,0,0
BRDA:333,20,1,0
BRF:42
BRH:0
end_of_record
TN:
SF:backend/services/billing.service.js
FN:24,(anonymous_0)
FN:58,(anonymous_1)
FN:88,(anonymous_2)
FN:106,(anonymous_3)
FN:166,(anonymous_4)
FN:303,(anonymous_5)
FN:304,(anonymous_6)
FN:627,(anonymous_7)
FN:630,(anonymous_8)
FN:637,(anonymous_9)
FN:647,(anonymous_10)
FN:659,(anonymous_11)
FN:705,(anonymous_12)
FN:795,(anonymous_13)
FN:858,(anonymous_14)
FN:927,(anonymous_15)
FN:1159,(anonymous_16)
FN:1200,(anonymous_17)
FN:1256,(anonymous_18)
FN:1307,(anonymous_19)
FN:1479,(anonymous_20)
FN:1594,(anonymous_21)
FN:1661,(anonymous_22)
FN:1960,(anonymous_23)
FN:1979,(anonymous_24)
FN:2008,(anonymous_25)
FN:2052,(anonymous_26)
FN:2059,(anonymous_27)
FN:2062,(anonymous_28)
FN:2133,(anonymous_29)
FN:2153,(anonymous_30)
FN:2174,(anonymous_31)
FNF:32
FNH:0
FNDA:0,(anonymous_0)
FNDA:0,(anonymous_1)
FNDA:0,(anonymous_2)
FNDA:0,(anonymous_3)
FNDA:0,(anonymous_4)
FNDA:0,(anonymous_5)
FNDA:0,(anonymous_6)
FNDA:0,(anonymous_7)
FNDA:0,(anonymous_8)
FNDA:0,(anonymous_9)
FNDA:0,(anonymous_10)
FNDA:0,(anonymous_11)
FNDA:0,(anonymous_12)
FNDA:0,(anonymous_13)
FNDA:0,(anonymous_14)
FNDA:0,(anonymous_15)
FNDA:0,(anonymous_16)
FNDA:0,(anonymous_17)
FNDA:0,(anonymous_18)
FNDA:0,(anonymous_19)
FNDA:0,(anonymous_20)
FNDA:0,(anonymous_21)
FNDA:0,(anonymous_22)
FNDA:0,(anonymous_23)
FNDA:0,(anonymous_24)
FNDA:0,(anonymous_25)
FNDA:0,(anonymous_26)
FNDA:0,(anonymous_27)
FNDA:0,(anonymous_28)
FNDA:0,(anonymous_29)
FNDA:0,(anonymous_30)
FNDA:0,(anonymous_31)
DA:6,0
DA:7,0
DA:8,0
DA:9,0
DA:12,0
DA:24,0
DA:25,0
DA:26,0
DA:44,0
DA:45,0
DA:48,0
DA:50,0
DA:51,0
DA:58,0
DA:59,0
DA:60,0
DA:71,0
DA:72,0
DA:75,0
DA:80,0
DA:81,0
DA:88,0
DA:89,0
DA:90,0
DA:96,0
DA:98,0
DA:99,0
DA:106,0
DA:107,0
DA:109,0
DA:110,0
DA:113,0
DA:115,0
DA:116,0
DA:117,0
DA:121,0
DA:122,0
DA:125,0
DA:126,0
DA:137,0
DA:149,0
DA:151,0
DA:153,0
DA:155,0
DA:156,0
DA:157,0
DA:159,0
DA:166,0
DA:175,0
DA:177,0
DA:178,0
DA:181,0
DA:183,0
DA:184,0
DA:185,0
DA:189,0
DA:194,0
DA:195,0
DA:199,0
DA:201,0
DA:202,0
DA:205,0
DA:211,0
DA:212,0
DA:219,0
DA:220,0
DA:227,0
DA:228,0
DA:235,0
DA:236,0
DA:243,0
DA:244,0
DA:250,0
DA:251,0
DA:258,0
DA:266,0
DA:267,0
DA:273,0
DA:274,0
DA:277,0
DA:278,0
DA:288,0
DA:290,0
DA:302,0
DA:303,0
DA:304,0
DA:305,0
DA:311,0
DA:313,0
DA:314,0
DA:320,0
DA:321,0
DA:322,0
DA:330,0
DA:334,0
DA:336,0
DA:337,0
DA:338,0
DA:339,0
DA:347,0
DA:348,0
DA:349,0
DA:353,0
DA:354,0
DA:360,0
DA:361,0
DA:363,0
DA:370,0
DA:388,0
DA:391,0
DA:392,0
DA:394,0
DA:395,0
DA:396,0
DA:397,0
DA:400,0
DA:402,0
DA:405,0
DA:410,0
DA:411,0
DA:417,0
DA:418,0
DA:420,0
DA:421,0
DA:424,0
DA:425,0
DA:427,0
DA:428,0
DA:431,0
DA:432,0
DA:437,0
DA:438,0
DA:439,0
DA:448,0
DA:477,0
DA:480,0
DA:481,0
DA:482,0
DA:491,0
DA:492,0
DA:504,0
DA:505,0
DA:507,0
DA:513,0
DA:514,0
DA:515,0
DA:521,0
DA:535,0
DA:536,0
DA:537,0
DA:541,0
DA:542,0
DA:543,0
DA:544,0
DA:546,0
DA:550,0
DA:576,0
DA:581,0
DA:613,0
DA:621,0
DA:625,0
DA:627,0
DA:628,0
DA:630,0
DA:634,0
DA:635,0
DA:638,0
DA:640,0
DA:642,0
DA:647,0
DA:648,0
DA:658,0
DA:659,0
DA:660,0
DA:668,0
DA:669,0
DA:676,0
DA:685,0
DA:693,0
DA:694,0
DA:695,0
DA:697,0
DA:705,0
DA:706,0
DA:708,0
DA:709,0
DA:712,0
DA:721,0
DA:723,0
DA:724,0
DA:728,0
DA:742,0
DA:745,0
DA:746,0
DA:752,0
DA:763,0
DA:769,0
DA:778,0
DA:781,0
DA:783,0
DA:784,0
DA:785,0
DA:787,0
DA:795,0
DA:796,0
DA:798,0
DA:808,0
DA:809,0
DA:812,0
DA:815,0
DA:816,0
DA:822,0
DA:823,0
DA:827,0
DA:835,0
DA:837,0
DA:839,0
DA:845,0
DA:850,0
DA:858,0
DA:860,0
DA:870,0
DA:873,0
DA:887,0
DA:890,0
DA:891,0
DA:897,0
DA:908,0
DA:911,0
DA:920,0
DA:927,0
DA:928,0
DA:930,0
DA:931,0
DA:934,0
DA:946,0
DA:947,0
DA:950,0
DA:954,0
DA:955,0
DA:956,0
DA:959,0
DA:960,0
DA:965,0
DA:970,0
DA:972,0
DA:973,0
DA:974,0
DA:975,0
DA:976,0
DA:983,0
DA:984,0
DA:985,0
DA:988,0
DA:989,0
DA:993,0
DA:994,0
DA:1000,0
DA:1001,0
DA:1003,0
DA:1011,0
DA:1013,0
DA:1014,0
DA:1019,0
DA:1028,0
DA:1042,0
DA:1043,0
DA:1068,0
DA:1071,0
DA:1072,0
DA:1074,0
DA:1087,0
DA:1098,0
DA:1112,0
DA:1120,0
DA:1123,0
DA:1124,0
DA:1125,0
DA:1126,0
DA:1128,0
DA:1136,0
DA:1143,0
DA:1144,0
DA:1150,0
DA:1152,0
DA:1159,0
DA:1160,0
DA:1162,0
DA:1167,0
DA:1168,0
DA:1171,0
DA:1173,0
DA:1174,0
DA:1177,0
DA:1180,0
DA:1181,0
DA:1183,0
DA:1185,0
DA:1187,0
DA:1193,0
DA:1200,0
DA:1201,0
DA:1202,0
DA:1204,0
DA:1205,0
DA:1207,0
DA:1208,0
DA:1209,0
DA:1212,0
DA:1224,0
DA:1233,0
DA:1234,0
DA:1236,0
DA:1248,0
DA:1249,0
DA:1256,0
DA:1257,0
DA:1258,0
DA:1259,0
DA:1261,0
DA:1262,0
DA:1266,0
DA:1268,0
DA:1273,0
DA:1298,0
DA:1299,0
DA:1307,0
DA:1308,0
DA:1310,0
DA:1311,0
DA:1314,0
DA:1338,0
DA:1339,0
DA:1340,0
DA:1343,0
DA:1346,0
DA:1348,0
DA:1350,0
DA:1351,0
DA:1355,0
DA:1360,0
DA:1361,0
DA:1362,0
DA:1365,0
DA:1366,0
DA:1367,0
DA:1370,0
DA:1371,0
DA:1374,0
DA:1381,0
DA:1382,0
DA:1383,0
DA:1388,0
DA:1398,0
DA:1416,0
DA:1419,0
DA:1441,0
DA:1443,0
DA:1451,0
DA:1459,0
DA:1460,0
DA:1465,0
DA:1467,0
DA:1479,0
DA:1480,0
DA:1483,0
DA:1484,0
DA:1488,0
DA:1493,0
DA:1494,0
DA:1497,0
DA:1498,0
DA:1499,0
DA:1502,0
DA:1503,0
DA:1506,0
DA:1513,0
DA:1514,0
DA:1515,0
DA:1517,0
DA:1518,0
DA:1523,0
DA:1524,0
DA:1526,0
DA:1535,0
DA:1549,0
DA:1566,0
DA:1575,0
DA:1594,0
DA:1596,0
DA:1609,0
DA:1612,0
DA:1613,0
DA:1628,0
DA:1629,0
DA:1643,0
DA:1661,0
DA:1662,0
DA:1664,0
DA:1665,0
DA:1668,0
DA:1693,0
DA:1694,0
DA:1695,0
DA:1698,0
DA:1703,0
DA:1704,0
DA:1705,0
DA:1709,0
DA:1712,0
DA:1713,0
DA:1715,0
DA:1717,0
DA:1722,0
DA:1723,0
DA:1724,0
DA:1727,0
DA:1728,0
DA:1729,0
DA:1733,0
DA:1734,0
DA:1737,0
DA:1745,0
DA:1746,0
DA:1747,0
DA:1752,0
DA:1761,0
DA:1775,0
DA:1793,0
DA:1815,0
DA:1821,0
DA:1832,0
DA:1845,0
DA:1848,0
DA:1851,0
DA:1852,0
DA:1857,0
DA:1858,0
DA:1865,0
DA:1866,0
DA:1881,0
DA:1882,0
DA:1897,0
DA:1919,0
DA:1922,0
DA:1923,0
DA:1924,0
DA:1925,0
DA:1927,0
DA:1935,0
DA:1940,0
DA:1941,0
DA:1946,0
DA:1948,0
DA:1960,0
DA:1961,0
DA:1963,0
DA:1970,0
DA:1971,0
DA:1972,0
DA:1973,0
DA:1975,0
DA:1976,0
DA:1978,0
DA:1980,0
DA:1981,0
DA:1991,0
DA:1998,0
DA:2008,0
DA:2009,0
DA:2010,0
DA:2011,0
DA:2012,0
DA:2013,0
DA:2015,0
DA:2018,0
DA:2026,0
DA:2027,0
DA:2037,0
DA:2039,0
DA:2049,0
DA:2050,0
DA:2052,0
DA:2053,0
DA:2059,0
DA:2062,0
DA:2063,0
DA:2064,0
DA:2068,0
DA:2069,0
DA:2072,0
DA:2086,0
DA:2100,0
DA:2109,0
DA:2110,0
DA:2111,0
DA:2113,0
DA:2133,0
DA:2134,0
DA:2136,0
DA:2143,0
DA:2144,0
DA:2145,0
DA:2146,0
DA:2147,0
DA:2149,0
DA:2150,0
DA:2152,0
DA:2154,0
DA:2155,0
DA:2156,0
DA:2164,0
DA:2174,0
DA:2175,0
DA:2176,0
DA:2177,0
DA:2178,0
DA:2179,0
DA:2180,0
DA:2182,0
DA:2185,0
DA:2193,0
DA:2194,0
DA:2204,0
DA:2206,0
DA:2217,0
DA:2218,0
DA:2219,0
DA:2221,0
DA:2232,0
LF:530
LH:0
BRDA:44,0,0,0
BRDA:44,0,1,0
BRDA:71,1,0,0
BRDA:71,1,1,0
BRDA:106,2,0,0
BRDA:106,3,0,0
BRDA:116,4,0,0
BRDA:116,4,1,0
BRDA:125,5,0,0
BRDA:125,5,1,0
BRDA:173,6,0,0
BRDA:184,7,0,0
BRDA:184,7,1,0
BRDA:194,8,0,0
BRDA:194,8,1,0
BRDA:201,9,0,0
BRDA:201,9,1,0
BRDA:211,10,0,0
BRDA:211,10,1,0
BRDA:211,11,0,0
BRDA:211,11,1,0
BRDA:219,12,0,0
BRDA:219,12,1,0
BRDA:219,13,0,0
BRDA:219,13,1,0
BRDA:227,14,0,0
BRDA:227,14,1,0
BRDA:227,15,0,0
BRDA:227,15,1,0
BRDA:235,16,0,0
BRDA:235,16,1,0
BRDA:243,17,0,0
BRDA:243,17,1,0
BRDA:243,18,0,0
BRDA:243,18,1,0
BRDA:250,19,0,0
BRDA:250,19,1,0
BRDA:250,20,0,0
BRDA:250,20,1,0
BRDA:266,21,0,0
BRDA:266,21,1,0
BRDA:273,22,0,0
BRDA:273,22,1,0
BRDA:273,23,0,0
BRDA:273,23,1,0
BRDA:277,24,0,0
BRDA:277,24,1,0
BRDA:288,25,0,0
BRDA:288,25,1,0
BRDA:293,26,0,0
BRDA:293,26,1,0
BRDA:302,27,0,0
BRDA:302,27,1,0
BRDA:306,28,0,0
BRDA:306,28,1,0
BRDA:313,29,0,0
BRDA:313,29,1,0
BRDA:315,30,0,0
BRDA:315,30,1,0
BRDA:320,31,0,0
BRDA:320,31,1,0
BRDA:320,32,0,0
BRDA:320,32,1,0
BRDA:321,33,0,0
BRDA:321,33,1,0
BRDA:323,34,0,0
BRDA:323,34,1,0
BRDA:334,35,0,0
BRDA:334,35,1,0
BRDA:347,36,0,0
BRDA:347,36,1,0
BRDA:348,37,0,0
BRDA:348,37,1,0
BRDA:353,38,0,0
BRDA:353,38,1,0
BRDA:394,39,0,0
BRDA:394,39,1,0
BRDA:400,40,0,0
BRDA:400,40,1,0
BRDA:418,41,0,0
BRDA:418,41,1,0
BRDA:420,42,0,0
BRDA:420,42,1,0
BRDA:427,43,0,0
BRDA:427,43,1,0
BRDA:431,44,0,0
BRDA:431,44,1,0
BRDA:437,45,0,0
BRDA:437,45,1,0
BRDA:481,46,0,0
BRDA:481,46,1,0
BRDA:491,47,0,0
BRDA:491,47,1,0
BRDA:504,48,0,0
BRDA:504,48,1,0
BRDA:514,49,0,0
BRDA:514,49,1,0
BRDA:537,50,0,0
BRDA:537,50,1,0
BRDA:541,51,0,0
BRDA:541,51,1,0
BRDA:541,52,0,0
BRDA:541,52,1,0
BRDA:543,53,0,0
BRDA:543,53,1,0
BRDA:543,54,0,0
BRDA:543,54,1,0
BRDA:567,55,0,0
BRDA:567,55,1,0
BRDA:568,56,0,0
BRDA:568,56,1,0
BRDA:576,57,0,0
BRDA:576,57,1,0
BRDA:576,58,0,0
BRDA:576,58,1,0
BRDA:578,59,0,0
BRDA:578,59,1,0
BRDA:600,60,0,0
BRDA:600,60,1,0
BRDA:601,61,0,0
BRDA:601,61,1,0
BRDA:634,62,0,0
BRDA:634,62,1,0
BRDA:634,63,0,0
BRDA:634,63,1,0
BRDA:640,64,0,0
BRDA:640,64,1,0
BRDA:640,65,0,0
BRDA:640,65,1,0
BRDA:658,66,0,0
BRDA:658,66,1,0
BRDA:668,67,0,0
BRDA:668,67,1,0
BRDA:723,68,0,0
BRDA:723,68,1,0
BRDA:745,69,0,0
BRDA:745,69,1,0
BRDA:745,70,0,0
BRDA:745,70,1,0
BRDA:795,71,0,0
BRDA:808,72,0,0
BRDA:808,72,1,0
BRDA:815,73,0,0
BRDA:815,73,1,0
BRDA:822,74,0,0
BRDA:822,74,1,0
BRDA:822,75,0,0
BRDA:822,75,1,0
BRDA:890,76,0,0
BRDA:890,76,1,0
BRDA:890,77,0,0
BRDA:890,77,1,0
BRDA:927,78,0,0
BRDA:946,79,0,0
BRDA:946,79,1,0
BRDA:955,80,0,0
BRDA:955,80,1,0
BRDA:956,81,0,0
BRDA:956,81,1,0
BRDA:959,82,0,0
BRDA:959,82,1,0
BRDA:970,83,0,0
BRDA:970,83,1,0
BRDA:993,84,0,0
BRDA:993,84,1,0
BRDA:1013,85,0,0
BRDA:1013,85,1,0
BRDA:1042,86,0,0
BRDA:1042,86,1,0
BRDA:1071,87,0,0
BRDA:1071,87,1,0
BRDA:1167,88,0,0
BRDA:1167,88,1,0
BRDA:1173,89,0,0
BRDA:1173,89,1,0
BRDA:1200,90,0,0
BRDA:1200,91,0,0
BRDA:1200,92,0,0
BRDA:1207,93,0,0
BRDA:1207,93,1,0
BRDA:1259,94,0,0
BRDA:1259,94,1,0
BRDA:1338,95,0,0
BRDA:1338,95,1,0
BRDA:1346,96,0,0
BRDA:1346,96,1,0
BRDA:1348,97,0,0
BRDA:1348,97,1,0
BRDA:1360,98,0,0
BRDA:1360,98,1,0
BRDA:1370,99,0,0
BRDA:1370,99,1,0
BRDA:1382,100,0,0
BRDA:1382,100,1,0
BRDA:1480,101,0,0
BRDA:1480,101,1,0
BRDA:1483,102,0,0
BRDA:1483,102,1,0
BRDA:1493,103,0,0
BRDA:1493,103,1,0
BRDA:1502,104,0,0
BRDA:1502,104,1,0
BRDA:1517,105,0,0
BRDA:1517,105,1,0
BRDA:1561,106,0,0
BRDA:1561,106,1,0
BRDA:1561,107,0,0
BRDA:1561,107,1,0
BRDA:1612,108,0,0
BRDA:1612,108,1,0
BRDA:1612,109,0,0
BRDA:1612,109,1,0
BRDA:1628,110,0,0
BRDA:1628,110,1,0
BRDA:1628,111,0,0
BRDA:1628,111,1,0
BRDA:1644,112,0,0
BRDA:1644,112,1,0
BRDA:1645,113,0,0
BRDA:1645,113,1,0
BRDA:1661,114,0,0
BRDA:1693,115,0,0
BRDA:1693,115,1,0
BRDA:1703,116,0,0
BRDA:1703,116,1,0
BRDA:1713,117,0,0
BRDA:1713,117,1,0
BRDA:1715,118,0,0
BRDA:1715,118,1,0
BRDA:1722,119,0,0
BRDA:1722,119,1,0
BRDA:1733,120,0,0
BRDA:1733,120,1,0
BRDA:1746,121,0,0
BRDA:1746,121,1,0
BRDA:1851,122,0,0
BRDA:1851,122,1,0
BRDA:1857,123,0,0
BRDA:1857,123,1,0
BRDA:1865,124,0,0
BRDA:1865,124,1,0
BRDA:1865,125,0,0
BRDA:1865,125,1,0
BRDA:1881,126,0,0
BRDA:1881,126,1,0
BRDA:1881,127,0,0
BRDA:1881,127,1,0
BRDA:1988,128,0,0
BRDA:1988,128,1,0
BRDA:2009,129,0,0
BRDA:2009,129,1,0
BRDA:2011,130,0,0
BRDA:2011,130,1,0
BRDA:2020,131,0,0
BRDA:2020,131,1,0
BRDA:2026,132,0,0
BRDA:2026,132,1,0
BRDA:2049,133,0,0
BRDA:2049,133,1,0
BRDA:2064,134,0,0
BRDA:2064,134,1,0
BRDA:2069,135,0,0
BRDA:2069,135,1,0
BRDA:2160,136,0,0
BRDA:2160,136,1,0
BRDA:2175,137,0,0
BRDA:2175,137,1,0
BRDA:2177,138,0,0
BRDA:2177,138,1,0
BRDA:2179,139,0,0
BRDA:2179,139,1,0
BRDA:2187,140,0,0
BRDA:2187,140,1,0
BRDA:2193,141,0,0
BRDA:2193,141,1,0
BRF:275
BRH:0
end_of_record
TN:
SF:backend/services/cache.service.js
FN:16,initRedis
FN:22,(anonymous_1)
FN:56,(anonymous_2)
FN:61,(anonymous_3)
FN:66,(anonymous_4)
FN:72,(anonymous_5)
FN:87,get
FN:109,set
FN:127,del
FN:144,delPattern
FN:174,getStats
FN:203,(anonymous_11)
FNF:12
FNH:0
FNDA:0,initRedis
FNDA:0,(anonymous_1)
FNDA:0,(anonymous_2)
FNDA:0,(anonymous_3)
FNDA:0,(anonymous_4)
FNDA:0,(anonymous_5)
FNDA:0,get
FNDA:0,set
FNDA:0,del
FNDA:0,delPattern
FNDA:0,getStats
FNDA:0,(anonymous_11)
DA:6,0
DA:7,0
DA:9,0
DA:10,0
DA:12,0
DA:13,0
DA:17,0
DA:18,0
DA:23,0
DA:24,0
DA:25,0
DA:27,0
DA:37,0
DA:38,0
DA:42,0
DA:43,0
DA:47,0
DA:48,0
DA:51,0
DA:54,0
DA:56,0
DA:57,0
DA:58,0
DA:61,0
DA:62,0
DA:63,0
DA:66,0
DA:67,0
DA:68,0
DA:72,0
DA:73,0
DA:74,0
DA:77,0
DA:78,0
DA:88,0
DA:90,0
DA:91,0
DA:92,0
DA:93,0
DA:95,0
DA:97,0
DA:98,0
DA:110,0
DA:112,0
DA:113,0
DA:114,0
DA:115,0
DA:117,0
DA:118,0
DA:128,0
DA:130,0
DA:131,0
DA:132,0
DA:134,0
DA:135,0
DA:145,0
DA:147,0
DA:148,0
DA:149,0
DA:152,0
DA:153,0
DA:154,0
DA:155,0
DA:157,0
DA:158,0
DA:159,0
DA:163,0
DA:165,0
DA:166,0
DA:175,0
DA:176,0
DA:179,0
DA:180,0
DA:181,0
DA:183,0
DA:190,0
DA:195,0
DA:197,0
DA:203,0
LF:79
LH:0
BRDA:19,0,0,0
BRDA:19,0,1,0
BRDA:20,1,0,0
BRDA:20,1,1,0
BRDA:21,2,0,0
BRDA:21,2,1,0
BRDA:23,3,0,0
BRDA:23,3,1,0
BRDA:37,4,0,0
BRDA:37,4,1,0
BRDA:42,5,0,0
BRDA:42,5,1,0
BRDA:47,6,0,0
BRDA:47,6,1,0
BRDA:47,7,0,0
BRDA:47,7,1,0
BRDA:88,8,0,0
BRDA:88,8,1,0
BRDA:88,9,0,0
BRDA:88,9,1,0
BRDA:92,10,0,0
BRDA:92,10,1,0
BRDA:109,11,0,0
BRDA:110,12,0,0
BRDA:110,12,1,0
BRDA:110,13,0,0
BRDA:110,13,1,0
BRDA:128,14,0,0
BRDA:128,14,1,0
BRDA:128,15,0,0
BRDA:128,15,1,0
BRDA:145,16,0,0
BRDA:145,16,1,0
BRDA:145,17,0,0
BRDA:145,17,1,0
BRDA:157,18,0,0
BRDA:157,18,1,0
BRDA:175,19,0,0
BRDA:175,19,1,0
BRDA:175,20,0,0
BRDA:175,20,1,0
BRF:41
BRH:0
end_of_record
TN:
SF:backend/services/export.service.js
FN:12,arrayToCSV
FN:21,(anonymous_1)
FN:23,(anonymous_2)
FN:56,(anonymous_3)
FN:168,(anonymous_4)
FN:220,(anonymous_5)
FNF:6
FNH:0
FNDA:0,arrayToCSV
FNDA:0,(anonymous_1)
FNDA:0,(anonymous_2)
FNDA:0,(anonymous_3)
FNDA:0,(anonymous_4)
FNDA:0,(anonymous_5)
DA:6,0
DA:7,0
DA:13,0
DA:14,0
DA:18,0
DA:21,0
DA:22,0
DA:24,0
DA:27,0
DA:28,0
DA:32,0
DA:33,0
DA:37,0
DA:38,0
DA:39,0
DA:42,0
DA:47,0
DA:56,0
DA:57,0
DA:59,0
DA:60,0
DA:62,0
DA:63,0
DA:64,0
DA:68,0
DA:115,0
DA:117,0
DA:118,0
DA:150,0
DA:151,0
DA:153,0
DA:160,0
DA:161,0
DA:168,0
DA:169,0
DA:170,0
DA:188,0
DA:190,0
DA:191,0
DA:202,0
DA:203,0
DA:205,0
DA:212,0
DA:213,0
DA:220,0
DA:221,0
DA:222,0
DA:246,0
DA:248,0
DA:249,0
DA:261,0
DA:262,0
DA:264,0
DA:267,0
DA:268,0
DA:272,0
LF:56
LH:0
BRDA:13,0,0,0
BRDA:13,0,1,0
BRDA:27,1,0,0
BRDA:27,1,1,0
BRDA:27,2,0,0
BRDA:27,2,1,0
BRDA:32,3,0,0
BRDA:32,3,1,0
BRDA:38,4,0,0
BRDA:38,4,1,0
BRDA:38,5,0,0
BRDA:38,5,1,0
BRDA:38,5,2,0
BRDA:56,6,0,0
BRDA:56,7,0,0
BRDA:62,8,0,0
BRDA:62,8,1,0
BRDA:117,9,0,0
BRDA:117,9,1,0
BRDA:168,10,0,0
BRDA:190,11,0,0
BRDA:190,11,1,0
BRDA:220,12,0,0
BRDA:248,13,0,0
BRDA:248,13,1,0
BRF:25
BRH:0
end_of_record
TN:
SF:backend/services/placement.service.js
FN:12,(anonymous_0)
FN:169,(anonymous_1)
FN:501,(anonymous_2)
FN:543,(anonymous_3)
FN:577,(anonymous_4)
FN:605,(anonymous_5)
FN:638,(anonymous_6)
FNF:7
FNH:0
FNDA:0,(anonymous_0)
FNDA:0,(anonymous_1)
FNDA:0,(anonymous_2)
FNDA:0,(anonymous_3)
FNDA:0,(anonymous_4)
FNDA:0,(anonymous_5)
FNDA:0,(anonymous_6)
DA:6,0
DA:7,0
DA:8,0
DA:9,0
DA:12,0
DA:13,0
DA:14,0
DA:17,0
DA:18,0
DA:20,0
DA:21,0
DA:22,0
DA:25,0
DA:28,0
DA:75,0
DA:76,0
DA:79,0
DA:80,0
DA:81,0
DA:82,0
DA:86,0
DA:87,0
DA:88,0
DA:89,0
DA:92,0
DA:94,0
DA:96,0
DA:97,0
DA:98,0
DA:99,0
DA:102,0
DA:103,0
DA:106,0
DA:108,0
DA:110,0
DA:117,0
DA:118,0
DA:120,0
DA:121,0
DA:122,0
DA:123,0
DA:126,0
DA:127,0
DA:128,0
DA:131,0
DA:133,0
DA:134,0
DA:136,0
DA:149,0
DA:150,0
DA:152,0
DA:155,0
DA:158,0
DA:159,0
DA:161,0
DA:163,0
DA:164,0
DA:169,0
DA:171,0
DA:173,0
DA:174,0
DA:177,0
DA:181,0
DA:182,0
DA:185,0
DA:197,0
DA:198,0
DA:199,0
DA:201,0
DA:211,0
DA:212,0
DA:217,0
DA:218,0
DA:221,0
DA:222,0
DA:226,0
DA:231,0
DA:232,0
DA:235,0
DA:237,0
DA:238,0
DA:241,0
DA:242,0
DA:246,0
DA:252,0
DA:254,0
DA:255,0
DA:259,0
DA:263,0
DA:267,0
DA:269,0
DA:274,0
DA:275,0
DA:277,0
DA:287,0
DA:288,0
DA:291,0
DA:292,0
DA:293,0
DA:298,0
DA:304,0
DA:314,0
DA:322,0
DA:323,0
DA:329,0
DA:333,0
DA:338,0
DA:340,0
DA:345,0
DA:346,0
DA:348,0
DA:358,0
DA:359,0
DA:362,0
DA:363,0
DA:364,0
DA:369,0
DA:375,0
DA:385,0
DA:393,0
DA:394,0
DA:400,0
DA:404,0
DA:412,0
DA:413,0
DA:419,0
DA:420,0
DA:427,0
DA:428,0
DA:435,0
DA:436,0
DA:437,0
DA:438,0
DA:441,0
DA:446,0
DA:447,0
DA:450,0
DA:451,0
DA:452,0
DA:457,0
DA:458,0
DA:461,0
DA:472,0
DA:477,0
DA:478,0
DA:485,0
DA:486,0
DA:488,0
DA:498,0
DA:499,0
DA:500,0
DA:501,0
DA:506,0
DA:507,0
DA:511,0
DA:521,0
DA:522,0
DA:525,0
DA:526,0
DA:527,0
DA:528,0
DA:530,0
DA:533,0
DA:534,0
DA:535,0
DA:538,0
DA:543,0
DA:544,0
DA:545,0
DA:566,0
DA:568,0
DA:569,0
DA:577,0
DA:578,0
DA:579,0
DA:592,0
DA:593,0
DA:599,0
DA:600,0
DA:605,0
DA:606,0
DA:607,0
DA:638,0
DA:646,0
DA:648,0
DA:649,0
DA:653,0
LF:187
LH:0
BRDA:12,0,0,0
BRDA:12,1,0,0
BRDA:12,2,0,0
BRDA:17,3,0,0
BRDA:17,3,1,0
BRDA:17,4,0,0
BRDA:17,4,1,0
BRDA:20,5,0,0
BRDA:20,5,1,0
BRDA:25,6,0,0
BRDA:25,6,1,0
BRDA:79,7,0,0
BRDA:79,7,1,0
BRDA:86,8,0,0
BRDA:86,8,1,0
BRDA:96,9,0,0
BRDA:96,9,1,0
BRDA:108,10,0,0
BRDA:108,10,1,0
BRDA:120,11,0,0
BRDA:120,11,1,0
BRDA:126,12,0,0
BRDA:126,12,1,0
BRDA:174,13,0,0
BRDA:174,14,0,0
BRDA:197,15,0,0
BRDA:197,15,1,0
BRDA:198,16,0,0
BRDA:198,16,1,0
BRDA:199,17,0,0
BRDA:199,17,1,0
BRDA:211,18,0,0
BRDA:211,18,1,0
BRDA:211,19,0,0
BRDA:211,19,1,0
BRDA:217,20,0,0
BRDA:217,20,1,0
BRDA:221,21,0,0
BRDA:221,21,1,0
BRDA:231,22,0,0
BRDA:231,22,1,0
BRDA:237,23,0,0
BRDA:237,23,1,0
BRDA:237,24,0,0
BRDA:237,24,1,0
BRDA:241,25,0,0
BRDA:241,25,1,0
BRDA:241,26,0,0
BRDA:241,26,1,0
BRDA:252,27,0,0
BRDA:252,27,1,0
BRDA:274,28,0,0
BRDA:274,28,1,0
BRDA:287,29,0,0
BRDA:287,29,1,0
BRDA:292,30,0,0
BRDA:292,30,1,0
BRDA:292,31,0,0
BRDA:292,31,1,0
BRDA:322,32,0,0
BRDA:322,32,1,0
BRDA:345,33,0,0
BRDA:345,33,1,0
BRDA:358,34,0,0
BRDA:358,34,1,0
BRDA:363,35,0,0
BRDA:363,35,1,0
BRDA:363,36,0,0
BRDA:363,36,1,0
BRDA:393,37,0,0
BRDA:393,37,1,0
BRDA:412,38,0,0
BRDA:412,38,1,0
BRDA:419,39,0,0
BRDA:419,39,1,0
BRDA:427,40,0,0
BRDA:427,40,1,0
BRDA:435,41,0,0
BRDA:435,41,1,0
BRDA:446,42,0,0
BRDA:446,42,1,0
BRDA:457,43,0,0
BRDA:457,43,1,0
BRDA:498,44,0,0
BRDA:498,44,1,0
BRDA:498,45,0,0
BRDA:498,45,1,0
BRDA:506,46,0,0
BRDA:506,46,1,0
BRDA:506,47,0,0
BRDA:506,47,1,0
BRDA:566,48,0,0
BRDA:566,48,1,0
BRDA:594,49,0,0
BRDA:594,49,1,0
BRDA:595,50,0,0
BRDA:595,50,1,0
BRDA:596,51,0,0
BRDA:596,51,1,0
BRDA:641,52,0,0
BRDA:641,52,1,0
BRDA:641,53,0,0
BRDA:641,53,1,0
BRDA:643,54,0,0
BRDA:643,54,1,0
BRDA:643,55,0,0
BRDA:643,55,1,0
BRF:107
BRH:0
end_of_record
TN:
SF:backend/services/project.service.js
FN:10,(anonymous_0)
FN:77,(anonymous_1)
FN:115,(anonymous_2)
FN:132,(anonymous_3)
FN:160,(anonymous_4)
FN:183,(anonymous_5)
FN:210,(anonymous_6)
FN:241,(anonymous_7)
FN:283,(anonymous_8)
FN:311,(anonymous_9)
FN:348,(anonymous_10)
FN:353,(anonymous_11)
FN:390,(anonymous_12)
FN:420,(anonymous_13)
FN:447,(anonymous_14)
FN:506,(anonymous_15)
FN:561,(anonymous_16)
FNF:17
FNH:0
FNDA:0,(anonymous_0)
FNDA:0,(anonymous_1)
FNDA:0,(anonymous_2)
FNDA:0,(anonymous_3)
FNDA:0,(anonymous_4)
FNDA:0,(anonymous_5)
FNDA:0,(anonymous_6)
FNDA:0,(anonymous_7)
FNDA:0,(anonymous_8)
FNDA:0,(anonymous_9)
FNDA:0,(anonymous_10)
FNDA:0,(anonymous_11)
FNDA:0,(anonymous_12)
FNDA:0,(anonymous_13)
FNDA:0,(anonymous_14)
FNDA:0,(anonymous_15)
FNDA:0,(anonymous_16)
DA:6,0
DA:7,0
DA:10,0
DA:11,0
DA:12,0
DA:15,0
DA:48,0
DA:51,0
DA:52,0
DA:53,0
DA:54,0
DA:56,0
DA:69,0
DA:71,0
DA:72,0
DA:77,0
DA:78,0
DA:80,0
DA:85,0
DA:86,0
DA:89,0
DA:92,0
DA:98,0
DA:103,0
DA:109,0
DA:110,0
DA:115,0
DA:116,0
DA:117,0
DA:119,0
DA:124,0
DA:126,0
DA:127,0
DA:132,0
DA:133,0
DA:134,0
DA:136,0
DA:146,0
DA:147,0
DA:148,0
DA:149,0
DA:152,0
DA:154,0
DA:155,0
DA:160,0
DA:161,0
DA:162,0
DA:168,0
DA:169,0
DA:170,0
DA:171,0
DA:172,0
DA:175,0
DA:177,0
DA:178,0
DA:183,0
DA:184,0
DA:186,0
DA:191,0
DA:192,0
DA:196,0
DA:197,0
DA:202,0
DA:204,0
DA:205,0
DA:210,0
DA:211,0
DA:212,0
DA:215,0
DA:220,0
DA:221,0
DA:224,0
DA:230,0
DA:231,0
DA:233,0
DA:235,0
DA:236,0
DA:241,0
DA:242,0
DA:244,0
DA:249,0
DA:250,0
DA:253,0
DA:255,0
DA:266,0
DA:267,0
DA:271,0
DA:272,0
DA:273,0
DA:275,0
DA:277,0
DA:278,0
DA:283,0
DA:284,0
DA:286,0
DA:291,0
DA:292,0
DA:295,0
DA:296,0
DA:299,0
DA:300,0
DA:304,0
DA:307,0
DA:308,0
DA:309,0
DA:311,0
DA:312,0
DA:315,0
DA:316,0
DA:322,0
DA:325,0
DA:328,0
DA:331,0
DA:342,0
DA:343,0
DA:344,0
DA:346,0
DA:347,0
DA:348,0
DA:349,0
DA:352,0
DA:353,0
DA:354,0
DA:358,0
DA:361,0
DA:364,0
DA:370,0
DA:373,0
DA:384,0
DA:385,0
DA:390,0
DA:391,0
DA:392,0
DA:406,0
DA:407,0
DA:408,0
DA:409,0
DA:412,0
DA:414,0
DA:415,0
DA:420,0
DA:421,0
DA:423,0
DA:428,0
DA:429,0
DA:433,0
DA:434,0
DA:439,0
DA:441,0
DA:442,0
DA:447,0
DA:448,0
DA:459,0
DA:462,0
DA:467,0
DA:468,0
DA:472,0
DA:474,0
DA:495,0
DA:496,0
DA:498,0
DA:500,0
DA:501,0
DA:506,0
DA:507,0
DA:518,0
DA:520,0
DA:547,0
DA:548,0
DA:549,0
DA:550,0
DA:553,0
DA:555,0
DA:556,0
DA:561,0
DA:562,0
DA:563,0
DA:574,0
DA:575,0
DA:576,0
DA:577,0
DA:580,0
DA:582,0
DA:583,0
DA:587,0
LF:185
LH:0
BRDA:10,0,0,0
BRDA:10,1,0,0
BRDA:51,2,0,0
BRDA:51,2,1,0
BRDA:51,3,0,0
BRDA:51,3,1,0
BRDA:85,4,0,0
BRDA:85,4,1,0
BRDA:121,5,0,0
BRDA:121,5,1,0
BRDA:146,6,0,0
BRDA:146,6,1,0
BRDA:152,7,0,0
BRDA:152,7,1,0
BRDA:168,8,0,0
BRDA:168,8,1,0
BRDA:191,9,0,0
BRDA:191,9,1,0
BRDA:220,10,0,0
BRDA:220,10,1,0
BRDA:226,11,0,0
BRDA:226,11,1,0
BRDA:226,12,0,0
BRDA:226,12,1,0
BRDA:226,13,0,0
BRDA:226,13,1,0
BRDA:226,14,0,0
BRDA:226,14,1,0
BRDA:249,15,0,0
BRDA:249,15,1,0
BRDA:266,16,0,0
BRDA:266,16,1,0
BRDA:291,17,0,0
BRDA:291,17,1,0
BRDA:295,18,0,0
BRDA:295,18,1,0
BRDA:295,19,0,0
BRDA:295,19,1,0
BRDA:299,20,0,0
BRDA:299,20,1,0
BRDA:315,21,0,0
BRDA:315,21,1,0
BRDA:315,22,0,0
BRDA:315,22,1,0
BRDA:318,23,0,0
BRDA:318,23,1,0
BRDA:319,24,0,0
BRDA:319,24,1,0
BRDA:325,25,0,0
BRDA:325,25,1,0
BRDA:335,26,0,0
BRDA:335,26,1,0
BRDA:336,27,0,0
BRDA:336,27,1,0
BRDA:337,28,0,0
BRDA:337,28,1,0
BRDA:342,29,0,0
BRDA:342,29,1,0
BRDA:343,30,0,0
BRDA:343,30,1,0
BRDA:346,31,0,0
BRDA:346,31,1,0
BRDA:406,32,0,0
BRDA:406,32,1,0
BRDA:428,33,0,0
BRDA:428,33,1,0
BRDA:467,34,0,0
BRDA:467,34,1,0
BRDA:472,35,0,0
BRDA:472,35,1,0
BRDA:483,36,0,0
BRDA:483,36,1,0
BRDA:484,37,0,0
BRDA:484,37,1,0
BRDA:485,38,0,0
BRDA:485,38,1,0
BRDA:486,39,0,0
BRDA:486,39,1,0
BRDA:489,40,0,0
BRDA:489,40,1,0
BRDA:490,41,0,0
BRDA:490,41,1,0
BRDA:547,42,0,0
BRDA:547,42,1,0
BRDA:553,43,0,0
BRDA:553,43,1,0
BRDA:574,44,0,0
BRDA:574,44,1,0
BRF:88
BRH:0
end_of_record
TN:
SF:backend/services/site.service.js
FN:11,(anonymous_0)
FN:63,(anonymous_1)
FN:89,(anonymous_2)
FN:90,(anonymous_3)
FN:101,(anonymous_4)
FN:195,(anonymous_5)
FN:286,(anonymous_6)
FN:503,(anonymous_7)
FN:545,(anonymous_8)
FN:560,(anonymous_9)
FN:602,(anonymous_10)
FN:632,(anonymous_11)
FN:668,(anonymous_12)
FN:688,(anonymous_13)
FN:707,(anonymous_14)
FN:727,(anonymous_15)
FN:751,(anonymous_16)
FN:872,(anonymous_17)
FNF:18
FNH:0
FNDA:0,(anonymous_0)
FNDA:0,(anonymous_1)
FNDA:0,(anonymous_2)
FNDA:0,(anonymous_3)
FNDA:0,(anonymous_4)
FNDA:0,(anonymous_5)
FNDA:0,(anonymous_6)
FNDA:0,(anonymous_7)
FNDA:0,(anonymous_8)
FNDA:0,(anonymous_9)
FNDA:0,(anonymous_10)
FNDA:0,(anonymous_11)
FNDA:0,(anonymous_12)
FNDA:0,(anonymous_13)
FNDA:0,(anonymous_14)
FNDA:0,(anonymous_15)
FNDA:0,(anonymous_16)
FNDA:0,(anonymous_17)
DA:6,0
DA:7,0
DA:8,0
DA:11,0
DA:12,0
DA:13,0
DA:16,0
DA:17,0
DA:22,0
DA:23,0
DA:25,0
DA:26,0
DA:27,0
DA:28,0
DA:31,0
DA:34,0
DA:36,0
DA:37,0
DA:38,0
DA:40,0
DA:54,0
DA:57,0
DA:58,0
DA:63,0
DA:64,0
DA:69,0
DA:86,0
DA:89,0
DA:90,0
DA:93,0
DA:95,0
DA:96,0
DA:101,0
DA:102,0
DA:113,0
DA:116,0
DA:117,0
DA:120,0
DA:121,0
DA:123,0
DA:124,0
DA:127,0
DA:128,0
DA:131,0
DA:132,0
DA:134,0
DA:138,0
DA:141,0
DA:142,0
DA:146,0
DA:147,0
DA:148,0
DA:150,0
DA:152,0
DA:154,0
DA:155,0
DA:158,0
DA:159,0
DA:161,0
DA:164,0
DA:165,0
DA:167,0
DA:169,0
DA:187,0
DA:189,0
DA:190,0
DA:195,0
DA:196,0
DA:207,0
DA:210,0
DA:211,0
DA:212,0
DA:214,0
DA:215,0
DA:218,0
DA:219,0
DA:222,0
DA:223,0
DA:225,0
DA:230,0
DA:231,0
DA:235,0
DA:236,0
DA:238,0
DA:239,0
DA:240,0
DA:243,0
DA:272,0
DA:273,0
DA:274,0
DA:275,0
DA:278,0
DA:280,0
DA:281,0
DA:286,0
DA:287,0
DA:289,0
DA:290,0
DA:293,0
DA:298,0
DA:299,0
DA:300,0
DA:306,0
DA:309,0
DA:335,0
DA:339,0
DA:340,0
DA:341,0
DA:343,0
DA:344,0
DA:345,0
DA:346,0
DA:347,0
DA:353,0
DA:354,0
DA:355,0
DA:361,0
DA:369,0
DA:374,0
DA:385,0
DA:386,0
DA:387,0
DA:388,0
DA:389,0
DA:390,0
DA:392,0
DA:393,0
DA:395,0
DA:397,0
DA:399,0
DA:400,0
DA:401,0
DA:403,0
DA:404,0
DA:405,0
DA:408,0
DA:416,0
DA:422,0
DA:432,0
DA:435,0
DA:461,0
DA:464,0
DA:465,0
DA:466,0
DA:467,0
DA:469,0
DA:482,0
DA:494,0
DA:495,0
DA:496,0
DA:498,0
DA:503,0
DA:504,0
DA:506,0
DA:507,0
DA:510,0
DA:533,0
DA:534,0
DA:536,0
DA:537,0
DA:538,0
DA:540,0
DA:545,0
DA:546,0
DA:547,0
DA:552,0
DA:554,0
DA:555,0
DA:560,0
DA:561,0
DA:563,0
DA:571,0
DA:588,0
DA:590,0
DA:591,0
DA:602,0
DA:603,0
DA:608,0
DA:611,0
DA:613,0
DA:621,0
DA:622,0
DA:624,0
DA:625,0
DA:632,0
DA:633,0
DA:634,0
DA:640,0
DA:641,0
DA:644,0
DA:647,0
DA:648,0
DA:649,0
DA:653,0
DA:654,0
DA:655,0
DA:658,0
DA:660,0
DA:661,0
DA:668,0
DA:669,0
DA:670,0
DA:678,0
DA:680,0
DA:681,0
DA:688,0
DA:689,0
DA:690,0
DA:697,0
DA:699,0
DA:700,0
DA:707,0
DA:708,0
DA:709,0
DA:717,0
DA:719,0
DA:720,0
DA:727,0
DA:728,0
DA:729,0
DA:734,0
DA:735,0
DA:738,0
DA:740,0
DA:741,0
DA:751,0
DA:752,0
DA:765,0
DA:766,0
DA:771,0
DA:779,0
DA:780,0
DA:783,0
DA:790,0
DA:791,0
DA:792,0
DA:797,0
DA:800,0
DA:802,0
DA:818,0
DA:819,0
DA:820,0
DA:825,0
DA:828,0
DA:829,0
DA:832,0
DA:834,0
DA:835,0
DA:843,0
DA:844,0
DA:849,0
DA:856,0
DA:864,0
DA:872,0
DA:873,0
DA:886,0
DA:887,0
DA:892,0
DA:893,0
DA:900,0
DA:905,0
DA:911,0
DA:912,0
DA:916,0
LF:264
LH:0
BRDA:11,0,0,0
BRDA:11,1,0,0
BRDA:11,2,0,0
BRDA:13,3,0,0
BRDA:13,3,1,0
BRDA:16,4,0,0
BRDA:16,4,1,0
BRDA:25,5,0,0
BRDA:25,5,1,0
BRDA:34,6,0,0
BRDA:34,6,1,0
BRDA:116,7,0,0
BRDA:116,7,1,0
BRDA:123,8,0,0
BRDA:123,8,1,0
BRDA:127,9,0,0
BRDA:127,9,1,0
BRDA:127,10,0,0
BRDA:127,10,1,0
BRDA:131,11,0,0
BRDA:131,11,1,0
BRDA:138,12,0,0
BRDA:138,12,1,0
BRDA:141,13,0,0
BRDA:141,13,1,0
BRDA:150,14,0,0
BRDA:150,14,1,0
BRDA:152,15,0,0
BRDA:152,15,1,0
BRDA:158,16,0,0
BRDA:158,16,1,0
BRDA:159,17,0,0
BRDA:159,17,1,0
BRDA:161,18,0,0
BRDA:161,18,1,0
BRDA:165,19,0,0
BRDA:165,19,1,0
BRDA:167,20,0,0
BRDA:167,20,1,0
BRDA:177,21,0,0
BRDA:177,21,1,0
BRDA:210,22,0,0
BRDA:210,22,1,0
BRDA:214,23,0,0
BRDA:214,23,1,0
BRDA:218,24,0,0
BRDA:218,24,1,0
BRDA:218,25,0,0
BRDA:218,25,1,0
BRDA:222,26,0,0
BRDA:222,26,1,0
BRDA:230,27,0,0
BRDA:230,27,1,0
BRDA:230,28,0,0
BRDA:230,28,1,0
BRDA:238,29,0,0
BRDA:238,29,1,0
BRDA:272,30,0,0
BRDA:272,30,1,0
BRDA:278,31,0,0
BRDA:278,31,1,0
BRDA:298,32,0,0
BRDA:298,32,1,0
BRDA:343,33,0,0
BRDA:343,33,1,0
BRDA:343,34,0,0
BRDA:343,34,1,0
BRDA:345,35,0,0
BRDA:345,35,1,0
BRDA:345,36,0,0
BRDA:345,36,1,0
BRDA:353,37,0,0
BRDA:353,37,1,0
BRDA:393,38,0,0
BRDA:393,38,1,0
BRDA:395,39,0,0
BRDA:395,39,1,0
BRDA:399,40,0,0
BRDA:399,40,1,0
BRDA:403,41,0,0
BRDA:403,41,1,0
BRDA:552,42,0,0
BRDA:552,42,1,0
BRDA:588,43,0,0
BRDA:588,43,1,0
BRDA:602,44,0,0
BRDA:605,45,0,0
BRDA:606,46,0,0
BRDA:607,47,0,0
BRDA:640,48,0,0
BRDA:640,48,1,0
BRDA:647,49,0,0
BRDA:647,49,1,0
BRDA:647,50,0,0
BRDA:647,50,1,0
BRDA:653,51,0,0
BRDA:653,51,1,0
BRDA:653,52,0,0
BRDA:653,52,1,0
BRDA:697,53,0,0
BRDA:697,53,1,0
BRDA:734,54,0,0
BRDA:734,54,1,0
BRDA:765,55,0,0
BRDA:765,55,1,0
BRDA:790,56,0,0
BRDA:790,56,1,0
BRDA:818,57,0,0
BRDA:818,57,1,0
BRDA:886,58,0,0
BRDA:886,58,1,0
BRF:111
BRH:0
end_of_record
TN:
SF:backend/services/wordpress.service.js
FN:22,(anonymous_0)
FN:22,(anonymous_1)
FN:28,axiosWithRetry
FN:69,validateExternalUrl
FN:132,(anonymous_4)
FN:187,(anonymous_5)
FN:200,(anonymous_6)
FN:230,(anonymous_7)
FN:278,(anonymous_8)
FN:301,(anonymous_9)
FN:313,(anonymous_10)
FN:358,(anonymous_11)
FN:373,(anonymous_12)
FN:414,(anonymous_13)
FN:421,(anonymous_14)
FN:443,(anonymous_15)
FN:458,(anonymous_16)
FN:473,(anonymous_17)
FN:491,(anonymous_18)
FNF:19
FNH:0
FNDA:0,(anonymous_0)
FNDA:0,(anonymous_1)
FNDA:0,axiosWithRetry
FNDA:0,validateExternalUrl
FNDA:0,(anonymous_4)
FNDA:0,(anonymous_5)
FNDA:0,(anonymous_6)
FNDA:0,(anonymous_7)
FNDA:0,(anonymous_8)
FNDA:0,(anonymous_9)
FNDA:0,(anonymous_10)
FNDA:0,(anonymous_11)
FNDA:0,(anonymous_12)
FNDA:0,(anonymous_13)
FNDA:0,(anonymous_14)
FNDA:0,(anonymous_15)
FNDA:0,(anonymous_16)
FNDA:0,(anonymous_17)
FNDA:0,(anonymous_18)
DA:6,0
DA:7,0
DA:8,0
DA:9,0
DA:10,0
DA:13,0
DA:22,0
DA:29,0
DA:31,0
DA:32,0
DA:33,0
DA:34,0
DA:36,0
DA:37,0
DA:40,0
DA:41,0
DA:42,0
DA:44,0
DA:45,0
DA:46,0
DA:53,0
DA:54,0
DA:58,0
DA:63,0
DA:70,0
DA:71,0
DA:74,0
DA:75,0
DA:79,0
DA:82,0
DA:83,0
DA:87,0
DA:92,0
DA:96,0
DA:97,0
DA:101,0
DA:102,0
DA:106,0
DA:107,0
DA:108,0
DA:109,0
DA:116,0
DA:121,0
DA:124,0
DA:126,0
DA:127,0
DA:132,0
DA:133,0
DA:135,0
DA:136,0
DA:138,0
DA:139,0
DA:140,0
DA:144,0
DA:167,0
DA:187,0
DA:200,0
DA:208,0
DA:214,0
DA:215,0
DA:221,0
DA:223,0
DA:224,0
DA:230,0
DA:231,0
DA:232,0
DA:235,0
DA:242,0
DA:243,0
DA:245,0
DA:246,0
DA:247,0
DA:251,0
DA:253,0
DA:254,0
DA:255,0
DA:259,0
DA:278,0
DA:284,0
DA:290,0
DA:291,0
DA:293,0
DA:295,0
DA:296,0
DA:301,0
DA:302,0
DA:303,0
DA:306,0
DA:309,0
DA:312,0
DA:314,0
DA:334,0
DA:335,0
DA:341,0
DA:347,0
DA:350,0
DA:351,0
DA:358,0
DA:359,0
DA:360,0
DA:361,0
DA:362,0
DA:366,0
DA:369,0
DA:372,0
DA:374,0
DA:385,0
DA:386,0
DA:391,0
DA:396,0
DA:400,0
DA:401,0
DA:402,0
DA:405,0
DA:406,0
DA:414,0
DA:415,0
DA:417,0
DA:420,0
DA:422,0
DA:428,0
DA:434,0
DA:435,0
DA:443,0
DA:444,0
DA:445,0
DA:450,0
DA:452,0
DA:453,0
DA:458,0
DA:459,0
DA:460,0
DA:465,0
DA:467,0
DA:468,0
DA:473,0
DA:474,0
DA:475,0
DA:483,0
DA:485,0
DA:486,0
DA:491,0
DA:492,0
DA:493,0
DA:505,0
DA:507,0
DA:508,0
DA:512,0
LF:148
LH:0
BRDA:28,0,0,0
BRDA:40,1,0,0
BRDA:40,1,1,0
BRDA:41,2,0,0
BRDA:41,2,1,0
BRDA:42,3,0,0
BRDA:42,3,1,0
BRDA:42,3,2,0
BRDA:44,4,0,0
BRDA:44,4,1,0
BRDA:45,5,0,0
BRDA:45,5,1,0
BRDA:51,6,0,0
BRDA:51,6,1,0
BRDA:74,7,0,0
BRDA:74,7,1,0
BRDA:82,8,0,0
BRDA:82,8,1,0
BRDA:87,9,0,0
BRDA:87,9,1,0
BRDA:88,10,0,0
BRDA:88,10,1,0
BRDA:88,10,2,0
BRDA:96,11,0,0
BRDA:96,11,1,0
BRDA:101,12,0,0
BRDA:101,12,1,0
BRDA:101,13,0,0
BRDA:101,13,1,0
BRDA:109,14,0,0
BRDA:109,14,1,0
BRDA:110,15,0,0
BRDA:110,15,1,0
BRDA:110,15,2,0
BRDA:110,15,3,0
BRDA:110,15,4,0
BRDA:126,16,0,0
BRDA:126,16,1,0
BRDA:138,17,0,0
BRDA:138,17,1,0
BRDA:190,18,0,0
BRDA:190,18,1,0
BRDA:194,19,0,0
BRDA:194,19,1,0
BRDA:195,20,0,0
BRDA:195,20,1,0
BRDA:196,21,0,0
BRDA:196,21,1,0
BRDA:197,22,0,0
BRDA:197,22,1,0
BRDA:245,23,0,0
BRDA:245,23,1,0
BRDA:253,24,0,0
BRDA:253,24,1,0
BRDA:334,25,0,0
BRDA:334,25,1,0
BRDA:347,26,0,0
BRDA:347,26,1,0
BRDA:352,27,0,0
BRDA:352,27,1,0
BRDA:360,28,0,0
BRDA:360,28,1,0
BRDA:385,29,0,0
BRDA:385,29,1,0
BRDA:396,30,0,0
BRDA:396,30,1,0
BRDA:400,31,0,0
BRDA:400,31,1,0
BRDA:408,32,0,0
BRDA:408,32,1,0
BRDA:437,33,0,0
BRDA:437,33,1,0
BRDA:450,34,0,0
BRDA:450,34,1,0
BRDA:465,35,0,0
BRDA:465,35,1,0
BRDA:483,36,0,0
BRDA:483,36,1,0
BRF:78
BRH:0
end_of_record
TN:
SF:backend/utils/errorHandler.js
FN:17,handleError
FN:45,handleValidationError
FN:52,handleNotFoundError
FN:59,handleAuthError
FN:66,handleForbiddenError
FN:75,isSafeErrorMessage
FN:100,(anonymous_6)
FN:106,handleSmartError
FNF:8
FNH:0
FNDA:0,handleError
FNDA:0,handleValidationError
FNDA:0,handleNotFoundError
FNDA:0,handleAuthError
FNDA:0,handleForbiddenError
FNDA:0,isSafeErrorMessage
FNDA:0,(anonymous_6)
FNDA:0,handleSmartError
DA:6,0
DA:19,0
DA:28,0
DA:29,0
DA:35,0
DA:46,0
DA:53,0
DA:60,0
DA:67,0
DA:77,0
DA:99,0
DA:100,0
DA:107,0
DA:109,0
DA:110,0
DA:116,0
DA:119,0
LF:17
LH:0
BRDA:17,0,0,0
BRDA:17,1,0,0
BRDA:28,2,0,0
BRDA:28,2,1,0
BRDA:45,3,0,0
BRDA:52,4,0,0
BRDA:59,5,0,0
BRDA:66,6,0,0
BRDA:99,7,0,0
BRDA:99,7,1,0
BRDA:106,8,0,0
BRDA:106,9,0,0
BRDA:107,10,0,0
BRDA:107,10,1,0
BRF:14
BRH:0
end_of_record
TN:
SF:backend/utils/pagination.js
FN:3,getPaginationParams
FNF:1
FNH:0
FNDA:0,getPaginationParams
DA:1,0
DA:4,0
DA:5,0
DA:7,0
DA:10,0
LF:5
LH:0
BRDA:4,0,0,0
BRDA:4,0,1,0
BRDA:5,1,0,0
BRDA:5,1,1,0
BRF:4
BRH:0
end_of_record
TN:
SF:backend/utils/validators.js
FN:11,(anonymous_0)
FN:40,(anonymous_1)
FN:56,(anonymous_2)
FNF:3
FNH:0
FNDA:0,(anonymous_0)
FNDA:0,(anonymous_1)
FNDA:0,(anonymous_2)
DA:11,0
DA:12,0
DA:14,0
DA:15,0
DA:18,0
DA:19,0
DA:20,0
DA:21,0
DA:25,0
DA:26,0
DA:27,0
DA:28,0
DA:31,0
DA:40,0
DA:41,0
DA:43,0
DA:44,0
DA:47,0
DA:56,0
DA:57,0
DA:58,0
DA:61,0
DA:62,0
DA:65,0
DA:66,0
DA:70,0
LF:26
LH:0
BRDA:11,0,0,0
BRDA:12,1,0,0
BRDA:12,2,0,0
BRDA:12,3,0,0
BRDA:12,4,0,0
BRDA:18,5,0,0
BRDA:18,5,1,0
BRDA:18,6,0,0
BRDA:18,6,1,0
BRDA:20,7,0,0
BRDA:20,7,1,0
BRDA:25,8,0,0
BRDA:25,8,1,0
BRDA:25,9,0,0
BRDA:25,9,1,0
BRDA:27,10,0,0
BRDA:27,10,1,0
BRDA:40,11,0,0
BRDA:43,12,0,0
BRDA:43,12,1,0
BRDA:43,13,0,0
BRDA:43,13,1,0
BRDA:43,13,2,0
BRDA:56,14,0,0
BRDA:57,15,0,0
BRDA:57,15,1,0
BRDA:61,16,0,0
BRDA:61,16,1,0
BRDA:65,17,0,0
BRDA:65,17,1,0
BRF:30
BRH:0
end_of_record
TN:
SF:backend/utils/withErrorHandling.js
FN:3,(anonymous_0)
FN:4,(anonymous_1)
FNF:2
FNH:0
FNDA:0,(anonymous_0)
FNDA:0,(anonymous_1)
DA:1,0
DA:3,0
DA:4,0
DA:5,0
DA:6,0
DA:8,0
DA:9,0
DA:14,0
LF:8
LH:0
BRF:0
BRH:0
end_of_record
